<?xml version="1.0" encoding="UTF-8"?>
<coverage generated="1762197179637" clover="3.2.0">
  <project timestamp="1762197179638" name="All files">
    <metrics statements="1561" coveredstatements="1078" conditionals="566" coveredconditionals="252" methods="245" coveredmethods="176" elements="2372" coveredelements="1506" complexity="0" loc="1561" ncloc="1561" packages="19" files="24" classes="24"/>
    <package name="backend">
      <metrics statements="12" coveredstatements="10" conditionals="8" coveredconditionals="5" methods="9" coveredmethods="7"/>
      <file name="logger.ts" path="/home/bushido/siderhub_2/src/backend/logger.ts">
        <metrics statements="12" coveredstatements="10" conditionals="8" coveredconditionals="5" methods="9" coveredmethods="7"/>
        <line num="12" count="6" type="stmt"/>
        <line num="13" count="2" type="cond" truecount="1" falsecount="1"/>
        <line num="14" count="11" type="cond" truecount="2" falsecount="0"/>
        <line num="15" count="7" type="cond" truecount="2" falsecount="0"/>
        <line num="16" count="0" type="cond" truecount="0" falsecount="2"/>
        <line num="19" count="6" type="stmt"/>
        <line num="20" count="35" type="stmt"/>
        <line num="21" count="2" type="stmt"/>
        <line num="22" count="11" type="stmt"/>
        <line num="23" count="7" type="stmt"/>
        <line num="24" count="0" type="stmt"/>
        <line num="28" count="6" type="stmt"/>
      </file>
    </package>
    <package name="backend.api">
      <metrics statements="22" coveredstatements="22" conditionals="2" coveredconditionals="2" methods="2" coveredmethods="2"/>
      <file name="index.ts" path="/home/bushido/siderhub_2/src/backend/api/index.ts">
        <metrics statements="22" coveredstatements="22" conditionals="2" coveredconditionals="2" methods="2" coveredmethods="2"/>
        <line num="1" count="10" type="stmt"/>
        <line num="2" count="10" type="stmt"/>
        <line num="3" count="10" type="stmt"/>
        <line num="4" count="10" type="stmt"/>
        <line num="5" count="10" type="stmt"/>
        <line num="6" count="10" type="stmt"/>
        <line num="7" count="10" type="stmt"/>
        <line num="8" count="10" type="stmt"/>
        <line num="10" count="10" type="stmt"/>
        <line num="12" count="10" type="stmt"/>
        <line num="13" count="81" type="stmt"/>
        <line num="16" count="81" type="stmt"/>
        <line num="17" count="82" type="cond" truecount="2" falsecount="0"/>
        <line num="18" count="82" type="stmt"/>
        <line num="22" count="81" type="stmt"/>
        <line num="23" count="81" type="stmt"/>
        <line num="24" count="81" type="stmt"/>
        <line num="25" count="81" type="stmt"/>
        <line num="26" count="81" type="stmt"/>
        <line num="27" count="81" type="stmt"/>
        <line num="29" count="81" type="stmt"/>
        <line num="31" count="81" type="stmt"/>
      </file>
    </package>
    <package name="backend.api.academy">
      <metrics statements="169" coveredstatements="137" conditionals="37" coveredconditionals="20" methods="17" coveredmethods="16"/>
      <file name="index.ts" path="/home/bushido/siderhub_2/src/backend/api/academy/index.ts">
        <metrics statements="169" coveredstatements="137" conditionals="37" coveredconditionals="20" methods="17" coveredmethods="16"/>
        <line num="1" count="10" type="stmt"/>
        <line num="2" count="10" type="stmt"/>
        <line num="3" count="10" type="stmt"/>
        <line num="4" count="10" type="stmt"/>
        <line num="6" count="10" type="stmt"/>
        <line num="8" count="10" type="stmt"/>
        <line num="10" count="10" type="stmt"/>
        <line num="21" count="10" type="stmt"/>
        <line num="26" count="10" type="stmt"/>
        <line num="30" count="10" type="stmt"/>
        <line num="35" count="10" type="stmt"/>
        <line num="36" count="10" type="stmt"/>
        <line num="41" count="10" type="stmt"/>
        <line num="45" count="10" type="stmt"/>
        <line num="49" count="10" type="stmt"/>
        <line num="53" count="10" type="stmt"/>
        <line num="59" count="10" type="stmt"/>
        <line num="60" count="10" type="stmt"/>
        <line num="68" count="10" type="stmt"/>
        <line num="70" count="10" type="stmt"/>
        <line num="71" count="81" type="stmt"/>
        <line num="72" count="81" type="stmt"/>
        <line num="74" count="81" type="stmt"/>
        <line num="75" count="1" type="stmt"/>
        <line num="76" count="1" type="cond" truecount="0" falsecount="1"/>
        <line num="77" count="0" type="stmt"/>
        <line num="80" count="1" type="stmt"/>
        <line num="81" count="1" type="stmt"/>
        <line num="82" count="1" type="stmt"/>
        <line num="84" count="0" type="stmt"/>
        <line num="88" count="81" type="stmt"/>
        <line num="89" count="1" type="stmt"/>
        <line num="90" count="1" type="cond" truecount="0" falsecount="1"/>
        <line num="91" count="0" type="stmt"/>
        <line num="94" count="1" type="stmt"/>
        <line num="95" count="1" type="cond" truecount="1" falsecount="1"/>
        <line num="96" count="1" type="cond" truecount="1" falsecount="1"/>
        <line num="98" count="0" type="stmt"/>
        <line num="102" count="81" type="stmt"/>
        <line num="103" count="1" type="stmt"/>
        <line num="104" count="1" type="cond" truecount="0" falsecount="1"/>
        <line num="105" count="0" type="stmt"/>
        <line num="108" count="1" type="stmt"/>
        <line num="109" count="1" type="cond" truecount="2" falsecount="0"/>
        <line num="110" count="1" type="stmt"/>
        <line num="111" count="1" type="cond" truecount="2" falsecount="0"/>
        <line num="113" count="0" type="stmt"/>
        <line num="117" count="81" type="stmt"/>
        <line num="118" count="0" type="stmt"/>
        <line num="119" count="0" type="cond" truecount="0" falsecount="1"/>
        <line num="120" count="0" type="stmt"/>
        <line num="123" count="0" type="stmt"/>
        <line num="124" count="0" type="stmt"/>
        <line num="125" count="0" type="cond" truecount="0" falsecount="1"/>
        <line num="126" count="0" type="stmt"/>
        <line num="128" count="0" type="stmt"/>
        <line num="130" count="0" type="stmt"/>
        <line num="134" count="81" type="stmt"/>
        <line num="135" count="2" type="stmt"/>
        <line num="136" count="2" type="cond" truecount="1" falsecount="0"/>
        <line num="137" count="1" type="stmt"/>
        <line num="140" count="1" type="stmt"/>
        <line num="141" count="1" type="stmt"/>
        <line num="146" count="1" type="stmt"/>
        <line num="148" count="0" type="stmt"/>
        <line num="152" count="81" type="stmt"/>
        <line num="153" count="1" type="stmt"/>
        <line num="154" count="1" type="cond" truecount="0" falsecount="1"/>
        <line num="155" count="0" type="stmt"/>
        <line num="158" count="1" type="stmt"/>
        <line num="159" count="1" type="stmt"/>
        <line num="160" count="1" type="stmt"/>
        <line num="162" count="0" type="stmt"/>
        <line num="166" count="81" type="stmt"/>
        <line num="167" count="2" type="stmt"/>
        <line num="168" count="2" type="cond" truecount="0" falsecount="1"/>
        <line num="169" count="0" type="stmt"/>
        <line num="172" count="2" type="stmt"/>
        <line num="173" count="2" type="cond" truecount="1" falsecount="0"/>
        <line num="174" count="1" type="stmt"/>
        <line num="177" count="1" type="stmt"/>
        <line num="178" count="1" type="stmt"/>
        <line num="184" count="1" type="stmt"/>
        <line num="186" count="0" type="stmt"/>
        <line num="190" count="81" type="stmt"/>
        <line num="191" count="3" type="stmt"/>
        <line num="192" count="3" type="cond" truecount="0" falsecount="1"/>
        <line num="193" count="0" type="stmt"/>
        <line num="196" count="3" type="stmt"/>
        <line num="197" count="3" type="cond" truecount="1" falsecount="0"/>
        <line num="198" count="1" type="stmt"/>
        <line num="201" count="2" type="stmt"/>
        <line num="202" count="2" type="stmt"/>
        <line num="209" count="2" type="stmt"/>
        <line num="214" count="0" type="stmt"/>
        <line num="218" count="81" type="stmt"/>
        <line num="219" count="3" type="stmt"/>
        <line num="220" count="3" type="cond" truecount="1" falsecount="0"/>
        <line num="221" count="1" type="stmt"/>
        <line num="224" count="2" type="stmt"/>
        <line num="225" count="2" type="stmt"/>
        <line num="226" count="2" type="stmt"/>
        <line num="228" count="0" type="stmt"/>
        <line num="232" count="81" type="stmt"/>
        <line num="233" count="3" type="stmt"/>
        <line num="234" count="3" type="cond" truecount="1" falsecount="0"/>
        <line num="235" count="1" type="stmt"/>
        <line num="238" count="2" type="stmt"/>
        <line num="239" count="2" type="stmt"/>
        <line num="242" count="2" type="stmt"/>
        <line num="244" count="0" type="stmt"/>
        <line num="248" count="81" type="stmt"/>
        <line num="249" count="5" type="stmt"/>
        <line num="250" count="5" type="cond" truecount="0" falsecount="1"/>
        <line num="251" count="0" type="stmt"/>
        <line num="254" count="5" type="stmt"/>
        <line num="255" count="5" type="cond" truecount="1" falsecount="0"/>
        <line num="256" count="2" type="stmt"/>
        <line num="259" count="3" type="stmt"/>
        <line num="261" count="3" type="stmt"/>
        <line num="262" count="3" type="stmt"/>
        <line num="268" count="2" type="stmt"/>
        <line num="272" count="2" type="stmt"/>
        <line num="274" count="1" type="stmt"/>
        <line num="278" count="81" type="stmt"/>
        <line num="279" count="2" type="stmt"/>
        <line num="280" count="2" type="cond" truecount="0" falsecount="1"/>
        <line num="281" count="0" type="stmt"/>
        <line num="284" count="2" type="stmt"/>
        <line num="285" count="2" type="stmt"/>
        <line num="289" count="2" type="stmt"/>
        <line num="291" count="0" type="stmt"/>
        <line num="295" count="81" type="stmt"/>
        <line num="296" count="5" type="stmt"/>
        <line num="297" count="5" type="cond" truecount="0" falsecount="1"/>
        <line num="298" count="0" type="stmt"/>
        <line num="301" count="5" type="stmt"/>
        <line num="302" count="5" type="cond" truecount="1" falsecount="0"/>
        <line num="303" count="1" type="stmt"/>
        <line num="306" count="4" type="stmt"/>
        <line num="307" count="4" type="cond" truecount="1" falsecount="0"/>
        <line num="308" count="1" type="stmt"/>
        <line num="313" count="3" type="stmt"/>
        <line num="322" count="2" type="stmt"/>
        <line num="324" count="1" type="stmt"/>
        <line num="328" count="81" type="stmt"/>
        <line num="329" count="3" type="stmt"/>
        <line num="330" count="3" type="cond" truecount="0" falsecount="1"/>
        <line num="331" count="0" type="stmt"/>
        <line num="334" count="3" type="stmt"/>
        <line num="335" count="3" type="cond" truecount="1" falsecount="0"/>
        <line num="336" count="1" type="stmt"/>
        <line num="339" count="2" type="stmt"/>
        <line num="340" count="2" type="stmt"/>
        <line num="345" count="2" type="stmt"/>
        <line num="347" count="0" type="stmt"/>
        <line num="351" count="81" type="stmt"/>
        <line num="355" count="2" type="stmt"/>
        <line num="356" count="2" type="stmt"/>
        <line num="357" count="2" type="cond" truecount="3" falsecount="0"/>
        <line num="358" count="1" type="stmt"/>
        <line num="361" count="1" type="stmt"/>
        <line num="362" count="1" type="cond" truecount="0" falsecount="1"/>
        <line num="363" count="0" type="stmt"/>
        <line num="366" count="1" type="stmt"/>
        <line num="367" count="1" type="stmt"/>
        <line num="373" count="1" type="stmt"/>
        <line num="375" count="0" type="stmt"/>
        <line num="382" count="81" type="stmt"/>
      </file>
    </package>
    <package name="backend.api.admin">
      <metrics statements="162" coveredstatements="101" conditionals="35" coveredconditionals="18" methods="19" coveredmethods="13"/>
      <file name="index.ts" path="/home/bushido/siderhub_2/src/backend/api/admin/index.ts">
        <metrics statements="162" coveredstatements="101" conditionals="35" coveredconditionals="18" methods="19" coveredmethods="13"/>
        <line num="1" count="10" type="stmt"/>
        <line num="2" count="10" type="stmt"/>
        <line num="3" count="10" type="stmt"/>
        <line num="4" count="10" type="stmt"/>
        <line num="5" count="10" type="stmt"/>
        <line num="7" count="10" type="stmt"/>
        <line num="8" count="10" type="stmt"/>
        <line num="12" count="10" type="stmt"/>
        <line num="16" count="10" type="stmt"/>
        <line num="20" count="10" type="stmt"/>
        <line num="25" count="10" type="stmt"/>
        <line num="33" count="10" type="stmt"/>
        <line num="38" count="10" type="stmt"/>
        <line num="44" count="10" type="stmt"/>
        <line num="53" count="10" type="stmt"/>
        <line num="59" count="10" type="stmt"/>
        <line num="63" count="10" type="stmt"/>
        <line num="72" count="1" type="stmt"/>
        <line num="93" count="10" type="stmt"/>
        <line num="94" count="81" type="stmt"/>
        <line num="95" count="81" type="stmt"/>
        <line num="96" count="81" type="stmt"/>
        <line num="97" count="81" type="stmt"/>
        <line num="100" count="81" type="stmt"/>
        <line num="109" count="81" type="stmt"/>
        <line num="110" count="4" type="stmt"/>
        <line num="111" count="4" type="cond" truecount="1" falsecount="0"/>
        <line num="112" count="1" type="stmt"/>
        <line num="115" count="3" type="stmt"/>
        <line num="116" count="3" type="stmt"/>
        <line num="120" count="3" type="stmt"/>
        <line num="124" count="0" type="stmt"/>
        <line num="128" count="81" type="stmt"/>
        <line num="129" count="1" type="stmt"/>
        <line num="130" count="1" type="stmt"/>
        <line num="131" count="1" type="stmt"/>
        <line num="133" count="0" type="stmt"/>
        <line num="140" count="81" type="stmt"/>
        <line num="141" count="2" type="stmt"/>
        <line num="142" count="2" type="stmt"/>
        <line num="143" count="2" type="stmt"/>
        <line num="145" count="0" type="stmt"/>
        <line num="149" count="81" type="stmt"/>
        <line num="150" count="1" type="stmt"/>
        <line num="151" count="1" type="cond" truecount="0" falsecount="1"/>
        <line num="152" count="0" type="stmt"/>
        <line num="155" count="1" type="stmt"/>
        <line num="156" count="1" type="stmt"/>
        <line num="161" count="1" type="stmt"/>
        <line num="163" count="0" type="stmt"/>
        <line num="167" count="81" type="stmt"/>
        <line num="168" count="0" type="stmt"/>
        <line num="169" count="0" type="stmt"/>
        <line num="170" count="0" type="cond" truecount="0" falsecount="3"/>
        <line num="171" count="0" type="cond" truecount="0" falsecount="2"/>
        <line num="172" count="0" type="stmt"/>
        <line num="175" count="0" type="stmt"/>
        <line num="176" count="0" type="stmt"/>
        <line num="180" count="0" type="stmt"/>
        <line num="182" count="0" type="stmt"/>
        <line num="186" count="81" type="stmt"/>
        <line num="187" count="0" type="stmt"/>
        <line num="188" count="0" type="cond" truecount="0" falsecount="1"/>
        <line num="189" count="0" type="stmt"/>
        <line num="192" count="0" type="stmt"/>
        <line num="193" count="0" type="stmt"/>
        <line num="194" count="0" type="stmt"/>
        <line num="196" count="0" type="stmt"/>
        <line num="201" count="81" type="stmt"/>
        <line num="206" count="2" type="stmt"/>
        <line num="207" count="2" type="cond" truecount="0" falsecount="1"/>
        <line num="208" count="0" type="stmt"/>
        <line num="211" count="2" type="stmt"/>
        <line num="212" count="2" type="stmt"/>
        <line num="218" count="2" type="stmt"/>
        <line num="224" count="0" type="stmt"/>
        <line num="230" count="81" type="stmt"/>
        <line num="231" count="0" type="stmt"/>
        <line num="232" count="0" type="stmt"/>
        <line num="233" count="0" type="stmt"/>
        <line num="235" count="0" type="stmt"/>
        <line num="239" count="81" type="stmt"/>
        <line num="240" count="1" type="stmt"/>
        <line num="241" count="1" type="stmt"/>
        <line num="242" count="1" type="cond" truecount="2" falsecount="1"/>
        <line num="243" count="0" type="cond" truecount="0" falsecount="2"/>
        <line num="244" count="0" type="stmt"/>
        <line num="247" count="1" type="stmt"/>
        <line num="248" count="1" type="stmt"/>
        <line num="249" count="1" type="stmt"/>
        <line num="251" count="0" type="stmt"/>
        <line num="256" count="81" type="stmt"/>
        <line num="257" count="0" type="stmt"/>
        <line num="258" count="0" type="cond" truecount="0" falsecount="1"/>
        <line num="259" count="0" type="stmt"/>
        <line num="262" count="0" type="stmt"/>
        <line num="263" count="0" type="stmt"/>
        <line num="270" count="0" type="stmt"/>
        <line num="272" count="0" type="stmt"/>
        <line num="276" count="81" type="stmt"/>
        <line num="277" count="0" type="stmt"/>
        <line num="278" count="0" type="cond" truecount="0" falsecount="1"/>
        <line num="279" count="0" type="stmt"/>
        <line num="282" count="0" type="stmt"/>
        <line num="283" count="0" type="stmt"/>
        <line num="284" count="0" type="stmt"/>
        <line num="286" count="0" type="stmt"/>
        <line num="291" count="81" type="stmt"/>
        <line num="292" count="1" type="stmt"/>
        <line num="293" count="1" type="cond" truecount="0" falsecount="1"/>
        <line num="294" count="0" type="stmt"/>
        <line num="297" count="1" type="stmt"/>
        <line num="298" count="1" type="stmt"/>
        <line num="299" count="1" type="stmt"/>
        <line num="301" count="0" type="stmt"/>
        <line num="306" count="81" type="stmt"/>
        <line num="311" count="1" type="stmt"/>
        <line num="312" count="1" type="cond" truecount="0" falsecount="1"/>
        <line num="313" count="0" type="stmt"/>
        <line num="316" count="1" type="stmt"/>
        <line num="317" count="1" type="stmt"/>
        <line num="318" count="1" type="stmt"/>
        <line num="322" count="1" type="stmt"/>
        <line num="323" count="1" type="stmt"/>
        <line num="328" count="0" type="stmt"/>
        <line num="333" count="81" type="stmt"/>
        <line num="338" count="0" type="stmt"/>
        <line num="339" count="0" type="cond" truecount="0" falsecount="1"/>
        <line num="340" count="0" type="stmt"/>
        <line num="343" count="0" type="stmt"/>
        <line num="344" count="0" type="stmt"/>
        <line num="345" count="0" type="stmt"/>
        <line num="349" count="0" type="stmt"/>
        <line num="350" count="0" type="stmt"/>
        <line num="355" count="0" type="stmt"/>
        <line num="361" count="81" type="stmt"/>
        <line num="366" count="2" type="stmt"/>
        <line num="367" count="2" type="cond" truecount="1" falsecount="0"/>
        <line num="368" count="1" type="stmt"/>
        <line num="371" count="1" type="stmt"/>
        <line num="372" count="1" type="stmt"/>
        <line num="373" count="1" type="stmt"/>
        <line num="378" count="1" type="stmt"/>
        <line num="384" count="0" type="stmt"/>
        <line num="389" count="81" type="stmt"/>
        <line num="394" count="1" type="stmt"/>
        <line num="395" count="1" type="cond" truecount="0" falsecount="1"/>
        <line num="396" count="0" type="stmt"/>
        <line num="399" count="1" type="stmt"/>
        <line num="400" count="1" type="stmt"/>
        <line num="401" count="1" type="stmt"/>
        <line num="406" count="1" type="stmt"/>
        <line num="412" count="0" type="stmt"/>
        <line num="417" count="81" type="stmt"/>
        <line num="418" count="2" type="stmt"/>
        <line num="419" count="2" type="cond" truecount="1" falsecount="0"/>
        <line num="420" count="1" type="stmt"/>
        <line num="423" count="1" type="stmt"/>
        <line num="424" count="1" type="stmt"/>
        <line num="433" count="1" type="stmt"/>
        <line num="435" count="0" type="stmt"/>
        <line num="439" count="81" type="stmt"/>
      </file>
    </package>
    <package name="backend.api.auth">
      <metrics statements="52" coveredstatements="23" conditionals="21" coveredconditionals="4" methods="6" coveredmethods="2"/>
      <file name="index.ts" path="/home/bushido/siderhub_2/src/backend/api/auth/index.ts">
        <metrics statements="52" coveredstatements="23" conditionals="21" coveredconditionals="4" methods="6" coveredmethods="2"/>
        <line num="1" count="10" type="stmt"/>
        <line num="2" count="10" type="stmt"/>
        <line num="8" count="10" type="stmt"/>
        <line num="10" count="10" type="stmt"/>
        <line num="11" count="10" type="stmt"/>
        <line num="12" count="10" type="stmt"/>
        <line num="14" count="10" type="stmt"/>
        <line num="15" count="81" type="stmt"/>
        <line num="16" count="81" type="stmt"/>
        <line num="17" count="81" type="stmt"/>
        <line num="24" count="81" type="stmt"/>
        <line num="25" count="2" type="stmt"/>
        <line num="26" count="2" type="cond" truecount="1" falsecount="0"/>
        <line num="27" count="1" type="stmt"/>
        <line num="30" count="1" type="stmt"/>
        <line num="31" count="1" type="cond" truecount="2" falsecount="0"/>
        <line num="32" count="1" type="stmt"/>
        <line num="38" count="1" type="stmt"/>
        <line num="40" count="0" type="stmt"/>
        <line num="44" count="81" type="stmt"/>
        <line num="45" count="0" type="stmt"/>
        <line num="46" count="0" type="cond" truecount="0" falsecount="1"/>
        <line num="47" count="0" type="stmt"/>
        <line num="50" count="0" type="stmt"/>
        <line num="51" count="0" type="cond" truecount="0" falsecount="2"/>
        <line num="52" count="0" type="stmt"/>
        <line num="60" count="0" type="stmt"/>
        <line num="62" count="0" type="stmt"/>
        <line num="66" count="81" type="stmt"/>
        <line num="67" count="0" type="stmt"/>
        <line num="68" count="0" type="cond" truecount="0" falsecount="1"/>
        <line num="69" count="0" type="stmt"/>
        <line num="72" count="0" type="stmt"/>
        <line num="73" count="0" type="cond" truecount="0" falsecount="2"/>
        <line num="74" count="0" type="stmt"/>
        <line num="79" count="0" type="stmt"/>
        <line num="81" count="0" type="stmt"/>
        <line num="85" count="81" type="stmt"/>
        <line num="86" count="0" type="cond" truecount="0" falsecount="2"/>
        <line num="87" count="0" type="cond" truecount="0" falsecount="1"/>
        <line num="88" count="0" type="stmt"/>
        <line num="90" count="0" type="stmt"/>
        <line num="91" count="0" type="stmt"/>
        <line num="92" count="0" type="stmt"/>
        <line num="93" count="0" type="stmt"/>
        <line num="95" count="0" type="stmt"/>
        <line num="99" count="81" type="stmt"/>
        <line num="100" count="0" type="stmt"/>
        <line num="101" count="0" type="stmt"/>
        <line num="102" count="0" type="stmt"/>
        <line num="104" count="0" type="stmt"/>
        <line num="108" count="81" type="stmt"/>
      </file>
    </package>
    <package name="backend.api.cybervault">
      <metrics statements="55" coveredstatements="43" conditionals="18" coveredconditionals="9" methods="8" coveredmethods="8"/>
      <file name="index.ts" path="/home/bushido/siderhub_2/src/backend/api/cybervault/index.ts">
        <metrics statements="55" coveredstatements="43" conditionals="18" coveredconditionals="9" methods="8" coveredmethods="8"/>
        <line num="1" count="10" type="stmt"/>
        <line num="2" count="10" type="stmt"/>
        <line num="3" count="10" type="stmt"/>
        <line num="4" count="10" type="stmt"/>
        <line num="6" count="10" type="stmt"/>
        <line num="8" count="10" type="stmt"/>
        <line num="9" count="30" type="stmt"/>
        <line num="10" count="3" type="cond" truecount="0" falsecount="1"/>
        <line num="11" count="0" type="stmt"/>
        <line num="13" count="3" type="cond" truecount="1" falsecount="0"/>
        <line num="14" count="3" type="stmt"/>
        <line num="16" count="4" type="stmt"/>
        <line num="17" count="4" type="stmt"/>
        <line num="19" count="0" type="stmt"/>
        <line num="22" count="10" type="stmt"/>
        <line num="36" count="10" type="stmt"/>
        <line num="37" count="10" type="stmt"/>
        <line num="39" count="10" type="stmt"/>
        <line num="40" count="81" type="stmt"/>
        <line num="41" count="81" type="stmt"/>
        <line num="43" count="81" type="stmt"/>
        <line num="44" count="2" type="stmt"/>
        <line num="45" count="2" type="cond" truecount="0" falsecount="1"/>
        <line num="46" count="0" type="stmt"/>
        <line num="49" count="2" type="stmt"/>
        <line num="50" count="2" type="cond" truecount="2" falsecount="1"/>
        <line num="51" count="0" type="stmt"/>
        <line num="53" count="2" type="cond" truecount="2" falsecount="1"/>
        <line num="54" count="0" type="stmt"/>
        <line num="56" count="2" type="cond" truecount="2" falsecount="1"/>
        <line num="57" count="0" type="stmt"/>
        <line num="60" count="2" type="stmt"/>
        <line num="61" count="2" type="stmt"/>
        <line num="62" count="2" type="stmt"/>
        <line num="64" count="0" type="stmt"/>
        <line num="68" count="81" type="stmt"/>
        <line num="69" count="1" type="stmt"/>
        <line num="70" count="1" type="cond" truecount="0" falsecount="1"/>
        <line num="71" count="0" type="stmt"/>
        <line num="74" count="1" type="stmt"/>
        <line num="75" count="1" type="stmt"/>
        <line num="76" count="1" type="cond" truecount="1" falsecount="0"/>
        <line num="77" count="1" type="stmt"/>
        <line num="79" count="0" type="stmt"/>
        <line num="81" count="0" type="stmt"/>
        <line num="85" count="81" type="stmt"/>
        <line num="86" count="2" type="stmt"/>
        <line num="87" count="2" type="cond" truecount="0" falsecount="1"/>
        <line num="88" count="0" type="stmt"/>
        <line num="91" count="2" type="stmt"/>
        <line num="92" count="2" type="cond" truecount="1" falsecount="2"/>
        <line num="93" count="2" type="stmt"/>
        <line num="98" count="2" type="stmt"/>
        <line num="100" count="0" type="stmt"/>
        <line num="104" count="81" type="stmt"/>
      </file>
    </package>
    <package name="backend.api.hidra">
      <metrics statements="71" coveredstatements="59" conditionals="9" coveredconditionals="3" methods="8" coveredmethods="8"/>
      <file name="index.ts" path="/home/bushido/siderhub_2/src/backend/api/hidra/index.ts">
        <metrics statements="71" coveredstatements="59" conditionals="9" coveredconditionals="3" methods="8" coveredmethods="8"/>
        <line num="1" count="10" type="stmt"/>
        <line num="2" count="10" type="stmt"/>
        <line num="4" count="10" type="stmt"/>
        <line num="5" count="10" type="stmt"/>
        <line num="6" count="10" type="stmt"/>
        <line num="8" count="10" type="stmt"/>
        <line num="10" count="10" type="stmt"/>
        <line num="12" count="10" type="stmt"/>
        <line num="22" count="10" type="stmt"/>
        <line num="26" count="10" type="stmt"/>
        <line num="30" count="10" type="stmt"/>
        <line num="34" count="10" type="stmt"/>
        <line num="35" count="81" type="stmt"/>
        <line num="36" count="81" type="stmt"/>
        <line num="38" count="81" type="stmt"/>
        <line num="39" count="1" type="stmt"/>
        <line num="40" count="1" type="stmt"/>
        <line num="41" count="1" type="stmt"/>
        <line num="43" count="0" type="stmt"/>
        <line num="47" count="81" type="stmt"/>
        <line num="48" count="1" type="stmt"/>
        <line num="49" count="1" type="cond" truecount="0" falsecount="1"/>
        <line num="50" count="0" type="stmt"/>
        <line num="52" count="1" type="stmt"/>
        <line num="53" count="1" type="stmt"/>
        <line num="59" count="1" type="stmt"/>
        <line num="61" count="0" type="stmt"/>
        <line num="65" count="81" type="stmt"/>
        <line num="66" count="4" type="stmt"/>
        <line num="67" count="4" type="cond" truecount="1" falsecount="0"/>
        <line num="68" count="1" type="stmt"/>
        <line num="71" count="3" type="stmt"/>
        <line num="72" count="3" type="stmt"/>
        <line num="82" count="2" type="stmt"/>
        <line num="84" count="1" type="stmt"/>
        <line num="88" count="81" type="stmt"/>
        <line num="89" count="1" type="stmt"/>
        <line num="90" count="1" type="cond" truecount="0" falsecount="1"/>
        <line num="91" count="0" type="stmt"/>
        <line num="94" count="1" type="stmt"/>
        <line num="95" count="1" type="cond" truecount="0" falsecount="1"/>
        <line num="96" count="0" type="stmt"/>
        <line num="99" count="1" type="stmt"/>
        <line num="100" count="1" type="stmt"/>
        <line num="105" count="1" type="stmt"/>
        <line num="107" count="0" type="stmt"/>
        <line num="111" count="81" type="stmt"/>
        <line num="112" count="1" type="stmt"/>
        <line num="113" count="1" type="stmt"/>
        <line num="114" count="1" type="stmt"/>
        <line num="115" count="1" type="cond" truecount="0" falsecount="1"/>
        <line num="116" count="0" type="stmt"/>
        <line num="118" count="1" type="stmt"/>
        <line num="120" count="0" type="stmt"/>
        <line num="124" count="81" type="stmt"/>
        <line num="125" count="1" type="stmt"/>
        <line num="126" count="1" type="cond" truecount="0" falsecount="1"/>
        <line num="127" count="0" type="stmt"/>
        <line num="130" count="1" type="stmt"/>
        <line num="131" count="1" type="stmt"/>
        <line num="134" count="1" type="stmt"/>
        <line num="136" count="0" type="stmt"/>
        <line num="142" count="81" type="stmt"/>
        <line num="143" count="1" type="stmt"/>
        <line num="144" count="1" type="cond" truecount="0" falsecount="1"/>
        <line num="145" count="0" type="stmt"/>
        <line num="148" count="1" type="stmt"/>
        <line num="149" count="1" type="stmt"/>
        <line num="152" count="1" type="stmt"/>
        <line num="154" count="0" type="stmt"/>
        <line num="158" count="81" type="stmt"/>
      </file>
    </package>
    <package name="backend.api.hub">
      <metrics statements="33" coveredstatements="30" conditionals="5" coveredconditionals="3" methods="3" coveredmethods="3"/>
      <file name="index.ts" path="/home/bushido/siderhub_2/src/backend/api/hub/index.ts">
        <metrics statements="33" coveredstatements="30" conditionals="5" coveredconditionals="3" methods="3" coveredmethods="3"/>
        <line num="1" count="10" type="stmt"/>
        <line num="2" count="10" type="stmt"/>
        <line num="4" count="10" type="stmt"/>
        <line num="5" count="10" type="stmt"/>
        <line num="7" count="10" type="stmt"/>
        <line num="16" count="10" type="stmt"/>
        <line num="22" count="10" type="stmt"/>
        <line num="23" count="81" type="stmt"/>
        <line num="24" count="81" type="stmt"/>
        <line num="26" count="81" type="stmt"/>
        <line num="27" count="3" type="stmt"/>
        <line num="28" count="3" type="cond" truecount="1" falsecount="0"/>
        <line num="29" count="1" type="stmt"/>
        <line num="32" count="2" type="stmt"/>
        <line num="33" count="2" type="stmt"/>
        <line num="38" count="2" type="stmt"/>
        <line num="47" count="0" type="stmt"/>
        <line num="51" count="81" type="stmt"/>
        <line num="52" count="81" type="stmt"/>
        <line num="54" count="81" type="stmt"/>
        <line num="55" count="2" type="stmt"/>
        <line num="56" count="2" type="cond" truecount="0" falsecount="1"/>
        <line num="57" count="0" type="stmt"/>
        <line num="60" count="2" type="stmt"/>
        <line num="61" count="2" type="stmt"/>
        <line num="62" count="2" type="cond" truecount="1" falsecount="0"/>
        <line num="63" count="1" type="stmt"/>
        <line num="64" count="1" type="stmt"/>
        <line num="67" count="1" type="stmt"/>
        <line num="68" count="1" type="cond" truecount="1" falsecount="1"/>
        <line num="69" count="1" type="stmt"/>
        <line num="71" count="0" type="stmt"/>
        <line num="75" count="81" type="stmt"/>
      </file>
    </package>
    <package name="backend.api.utils">
      <metrics statements="19" coveredstatements="18" conditionals="9" coveredconditionals="6" methods="5" coveredmethods="5"/>
      <file name="responses.ts" path="/home/bushido/siderhub_2/src/backend/api/utils/responses.ts">
        <metrics statements="19" coveredstatements="18" conditionals="9" coveredconditionals="6" methods="5" coveredmethods="5"/>
        <line num="5" count="71" type="stmt"/>
        <line num="6" count="71" type="cond" truecount="1" falsecount="2"/>
        <line num="7" count="0" type="stmt"/>
        <line num="9" count="71" type="stmt"/>
        <line num="16" count="71" type="stmt"/>
        <line num="19" count="10" type="stmt"/>
        <line num="20" count="53" type="stmt"/>
        <line num="26" count="53" type="stmt"/>
        <line num="27" count="53" type="cond" truecount="1" falsecount="0"/>
        <line num="28" count="53" type="stmt"/>
        <line num="31" count="53" type="stmt"/>
        <line num="34" count="10" type="stmt"/>
        <line num="35" count="18" type="stmt"/>
        <line num="41" count="18" type="stmt"/>
        <line num="42" count="18" type="cond" truecount="1" falsecount="0"/>
        <line num="43" count="18" type="stmt"/>
        <line num="46" count="18" type="stmt"/>
        <line num="49" count="10" type="stmt"/>
        <line num="50" count="17" type="stmt"/>
      </file>
    </package>
    <package name="backend.errors">
      <metrics statements="11" coveredstatements="11" conditionals="3" coveredconditionals="3" methods="2" coveredmethods="2"/>
      <file name="AppError.ts" path="/home/bushido/siderhub_2/src/backend/errors/AppError.ts">
        <metrics statements="11" coveredstatements="11" conditionals="3" coveredconditionals="3" methods="2" coveredmethods="2"/>
        <line num="9" count="16" type="stmt"/>
        <line num="15" count="23" type="stmt"/>
        <line num="16" count="23" type="stmt"/>
        <line num="17" count="23" type="stmt"/>
        <line num="18" count="23" type="cond" truecount="2" falsecount="0"/>
        <line num="19" count="23" type="stmt"/>
        <line num="20" count="23" type="cond" truecount="1" falsecount="0"/>
        <line num="21" count="1" type="stmt"/>
        <line num="23" count="23" type="stmt"/>
        <line num="27" count="16" type="stmt"/>
        <line num="28" count="11" type="stmt"/>
      </file>
    </package>
    <package name="backend.jobs">
      <metrics statements="40" coveredstatements="38" conditionals="6" coveredconditionals="5" methods="4" coveredmethods="3"/>
      <file name="index.ts" path="/home/bushido/siderhub_2/src/backend/jobs/index.ts">
        <metrics statements="40" coveredstatements="38" conditionals="6" coveredconditionals="5" methods="4" coveredmethods="3"/>
        <line num="2" count="1" type="stmt"/>
        <line num="3" count="1" type="stmt"/>
        <line num="4" count="1" type="stmt"/>
        <line num="5" count="1" type="stmt"/>
        <line num="6" count="1" type="stmt"/>
        <line num="8" count="1" type="stmt"/>
        <line num="15" count="1" type="stmt"/>
        <line num="16" count="3" type="cond" truecount="2" falsecount="0"/>
        <line num="17" count="3" type="cond" truecount="1" falsecount="0"/>
        <line num="18" count="1" type="stmt"/>
        <line num="19" count="1" type="stmt"/>
        <line num="22" count="2" type="stmt"/>
        <line num="23" count="2" type="cond" truecount="1" falsecount="0"/>
        <line num="24" count="1" type="stmt"/>
        <line num="25" count="1" type="stmt"/>
        <line num="28" count="1" type="stmt"/>
        <line num="29" count="1" type="stmt"/>
        <line num="31" count="1" type="stmt"/>
        <line num="32" count="1" type="stmt"/>
        <line num="34" count="1" type="stmt"/>
        <line num="36" count="1" type="stmt"/>
        <line num="38" count="0" type="stmt"/>
        <line num="40" count="1" type="stmt"/>
        <line num="43" count="1" type="stmt"/>
        <line num="44" count="1" type="cond" truecount="0" falsecount="1"/>
        <line num="45" count="1" type="stmt"/>
        <line num="46" count="1" type="stmt"/>
        <line num="47" count="3" type="cond" truecount="1" falsecount="0"/>
        <line num="49" count="1" type="stmt"/>
        <line num="51" count="1" type="stmt"/>
        <line num="52" count="1" type="stmt"/>
        <line num="53" count="1" type="stmt"/>
        <line num="54" count="1" type="stmt"/>
        <line num="55" count="1" type="stmt"/>
        <line num="56" count="1" type="stmt"/>
        <line num="57" count="1" type="stmt"/>
        <line num="58" count="1" type="stmt"/>
        <line num="59" count="1" type="stmt"/>
        <line num="61" count="0" type="stmt"/>
        <line num="72" count="2" type="stmt"/>
      </file>
    </package>
    <package name="backend.middleware">
      <metrics statements="50" coveredstatements="33" conditionals="34" coveredconditionals="17" methods="10" coveredmethods="8"/>
      <file name="authGuard.ts" path="/home/bushido/siderhub_2/src/backend/middleware/authGuard.ts">
        <metrics statements="12" coveredstatements="11" conditionals="5" coveredconditionals="5" methods="2" coveredmethods="2"/>
        <line num="2" count="10" type="stmt"/>
        <line num="5" count="10" type="stmt"/>
        <line num="6" count="486" type="stmt"/>
        <line num="7" count="80" type="cond" truecount="2" falsecount="0"/>
        <line num="8" count="80" type="cond" truecount="3" falsecount="0"/>
        <line num="9" count="3" type="stmt"/>
        <line num="11" count="77" type="stmt"/>
        <line num="12" count="77" type="stmt"/>
        <line num="13" count="77" type="stmt"/>
        <line num="14" count="77" type="stmt"/>
        <line num="19" count="77" type="stmt"/>
        <line num="21" count="0" type="stmt"/>
      </file>
      <file name="errorHandler.ts" path="/home/bushido/siderhub_2/src/backend/middleware/errorHandler.ts">
        <metrics statements="10" coveredstatements="7" conditionals="5" coveredconditionals="2" methods="2" coveredmethods="2"/>
        <line num="2" count="10" type="stmt"/>
        <line num="5" count="10" type="stmt"/>
        <line num="6" count="81" type="stmt"/>
        <line num="7" count="11" type="stmt"/>
        <line num="9" count="11" type="cond" truecount="1" falsecount="0"/>
        <line num="10" count="11" type="stmt"/>
        <line num="20" count="11" type="cond" truecount="1" falsecount="1"/>
        <line num="23" count="0" type="stmt"/>
        <line num="24" count="0" type="stmt"/>
        <line num="34" count="0" type="stmt"/>
      </file>
      <file name="rateLimit.ts" path="/home/bushido/siderhub_2/src/backend/middleware/rateLimit.ts">
        <metrics statements="19" coveredstatements="7" conditionals="19" coveredconditionals="6" methods="4" coveredmethods="2"/>
        <line num="1" count="10" type="stmt"/>
        <line num="3" count="10" type="stmt"/>
        <line num="6" count="0" type="cond" truecount="0" falsecount="2"/>
        <line num="7" count="0" type="cond" truecount="0" falsecount="1"/>
        <line num="8" count="0" type="stmt"/>
        <line num="9" count="0" type="stmt"/>
        <line num="11" count="0" type="stmt"/>
        <line num="12" count="0" type="stmt"/>
        <line num="13" count="0" type="stmt"/>
        <line num="17" count="30" type="stmt"/>
        <line num="18" count="0" type="stmt"/>
        <line num="19" count="0" type="stmt"/>
        <line num="20" count="0" type="cond" truecount="0" falsecount="2"/>
        <line num="21" count="0" type="stmt"/>
        <line num="37" count="0" type="cond" truecount="0" falsecount="2"/>
        <line num="42" count="30" type="stmt"/>
        <line num="53" count="10" type="stmt"/>
        <line num="59" count="10" type="stmt"/>
        <line num="65" count="10" type="stmt"/>
      </file>
      <file name="roleGuard.ts" path="/home/bushido/siderhub_2/src/backend/middleware/roleGuard.ts">
        <metrics statements="9" coveredstatements="8" conditionals="5" coveredconditionals="4" methods="2" coveredmethods="2"/>
        <line num="2" count="10" type="stmt"/>
        <line num="9" count="10" type="stmt"/>
        <line num="10" count="162" type="stmt"/>
        <line num="11" count="23" type="cond" truecount="0" falsecount="1"/>
        <line num="12" count="0" type="stmt"/>
        <line num="15" count="23" type="cond" truecount="3" falsecount="0"/>
        <line num="16" count="23" type="cond" truecount="1" falsecount="0"/>
        <line num="17" count="5" type="stmt"/>
        <line num="21" count="18" type="stmt"/>
      </file>
    </package>
    <package name="backend.services.academy">
      <metrics statements="476" coveredstatements="254" conditionals="204" coveredconditionals="64" methods="83" coveredmethods="47"/>
      <file name="AcademyService.ts" path="/home/bushido/siderhub_2/src/backend/services/academy/AcademyService.ts">
        <metrics statements="476" coveredstatements="254" conditionals="204" coveredconditionals="64" methods="83" coveredmethods="47"/>
        <line num="1" count="1" type="stmt"/>
        <line num="19" count="1" type="stmt"/>
        <line num="20" count="1" type="stmt"/>
        <line num="22" count="1" type="stmt"/>
        <line num="70" count="1" type="stmt"/>
        <line num="81" count="1" type="stmt"/>
        <line num="87" count="1" type="stmt"/>
        <line num="94" count="1" type="stmt"/>
        <line num="100" count="1" type="stmt"/>
        <line num="108" count="1" type="stmt"/>
        <line num="115" count="1" type="stmt"/>
        <line num="121" count="1" type="stmt"/>
        <line num="127" count="1" type="stmt"/>
        <line num="132" count="1" type="stmt"/>
        <line num="138" count="1" type="stmt"/>
        <line num="139" count="1" type="stmt"/>
        <line num="141" count="1" type="stmt"/>
        <line num="147" count="1" type="stmt"/>
        <line num="148" count="1" type="stmt"/>
        <line num="150" count="1" type="stmt"/>
        <line num="160" count="1" type="stmt"/>
        <line num="163" count="14" type="stmt"/>
        <line num="164" count="14" type="cond" truecount="2" falsecount="0"/>
        <line num="168" count="0" type="stmt"/>
        <line num="169" count="0" type="stmt"/>
        <line num="178" count="0" type="stmt"/>
        <line num="179" count="0" type="stmt"/>
        <line num="183" count="1" type="stmt"/>
        <line num="184" count="1" type="stmt"/>
        <line num="185" count="1" type="cond" truecount="0" falsecount="1"/>
        <line num="186" count="0" type="stmt"/>
        <line num="189" count="1" type="stmt"/>
        <line num="190" count="1" type="stmt"/>
        <line num="191" count="1" type="cond" truecount="0" falsecount="1"/>
        <line num="192" count="0" type="stmt"/>
        <line num="193" count="0" type="cond" truecount="0" falsecount="2"/>
        <line num="196" count="1" type="stmt"/>
        <line num="197" count="1" type="stmt"/>
        <line num="200" count="2" type="stmt"/>
        <line num="203" count="1" type="stmt"/>
        <line num="205" count="1" type="stmt"/>
        <line num="209" count="0" type="stmt"/>
        <line num="210" count="0" type="stmt"/>
        <line num="214" count="0" type="stmt"/>
        <line num="215" count="0" type="stmt"/>
        <line num="217" count="0" type="stmt"/>
        <line num="218" count="0" type="cond" truecount="0" falsecount="1"/>
        <line num="219" count="0" type="stmt"/>
        <line num="221" count="0" type="cond" truecount="0" falsecount="1"/>
        <line num="222" count="0" type="stmt"/>
        <line num="225" count="0" type="stmt"/>
        <line num="226" count="0" type="stmt"/>
        <line num="227" count="0" type="stmt"/>
        <line num="229" count="0" type="stmt"/>
        <line num="231" count="0" type="stmt"/>
        <line num="232" count="0" type="cond" truecount="0" falsecount="1"/>
        <line num="233" count="0" type="stmt"/>
        <line num="238" count="0" type="stmt"/>
        <line num="240" count="0" type="stmt"/>
        <line num="242" count="0" type="stmt"/>
        <line num="246" count="2" type="stmt"/>
        <line num="247" count="2" type="stmt"/>
        <line num="248" count="2" type="stmt"/>
        <line num="249" count="2" type="stmt"/>
        <line num="250" count="2" type="stmt"/>
        <line num="252" count="1" type="stmt"/>
        <line num="259" count="1" type="stmt"/>
        <line num="265" count="1" type="stmt"/>
        <line num="269" count="0" type="stmt"/>
        <line num="270" count="0" type="stmt"/>
        <line num="271" count="0" type="stmt"/>
        <line num="272" count="0" type="stmt"/>
        <line num="276" count="0" type="stmt"/>
        <line num="277" count="0" type="stmt"/>
        <line num="279" count="0" type="cond" truecount="0" falsecount="2"/>
        <line num="280" count="0" type="stmt"/>
        <line num="281" count="0" type="stmt"/>
        <line num="282" count="0" type="cond" truecount="0" falsecount="2"/>
        <line num="283" count="0" type="stmt"/>
        <line num="284" count="0" type="cond" truecount="0" falsecount="1"/>
        <line num="285" count="0" type="stmt"/>
        <line num="287" count="0" type="cond" truecount="0" falsecount="1"/>
        <line num="288" count="0" type="stmt"/>
        <line num="291" count="0" type="stmt"/>
        <line num="303" count="1" type="stmt"/>
        <line num="304" count="1" type="stmt"/>
        <line num="305" count="1" type="cond" truecount="0" falsecount="1"/>
        <line num="306" count="0" type="stmt"/>
        <line num="313" count="1" type="stmt"/>
        <line num="314" count="1" type="stmt"/>
        <line num="315" count="1" type="stmt"/>
        <line num="317" count="1" type="stmt"/>
        <line num="318" count="1" type="stmt"/>
        <line num="319" count="1" type="stmt"/>
        <line num="320" count="1" type="cond" truecount="1" falsecount="1"/>
        <line num="321" count="1" type="cond" truecount="1" falsecount="1"/>
        <line num="322" count="1" type="stmt"/>
        <line num="323" count="1" type="cond" truecount="1" falsecount="0"/>
        <line num="324" count="1" type="stmt"/>
        <line num="327" count="1" type="stmt"/>
        <line num="335" count="1" type="stmt"/>
        <line num="342" count="1" type="stmt"/>
        <line num="357" count="0" type="stmt"/>
        <line num="358" count="0" type="stmt"/>
        <line num="359" count="0" type="stmt"/>
        <line num="360" count="0" type="stmt"/>
        <line num="361" count="0" type="stmt"/>
        <line num="363" count="0" type="stmt"/>
        <line num="372" count="0" type="stmt"/>
        <line num="373" count="0" type="stmt"/>
        <line num="374" count="0" type="stmt"/>
        <line num="378" count="1" type="stmt"/>
        <line num="379" count="1" type="stmt"/>
        <line num="381" count="1" type="stmt"/>
        <line num="382" count="1" type="cond" truecount="0" falsecount="1"/>
        <line num="383" count="0" type="stmt"/>
        <line num="385" count="1" type="stmt"/>
        <line num="386" count="1" type="stmt"/>
        <line num="387" count="1" type="stmt"/>
        <line num="389" count="1" type="stmt"/>
        <line num="390" count="1" type="cond" truecount="0" falsecount="1"/>
        <line num="391" count="0" type="stmt"/>
        <line num="394" count="1" type="stmt"/>
        <line num="395" count="1" type="stmt"/>
        <line num="397" count="1" type="stmt"/>
        <line num="398" count="1" type="stmt"/>
        <line num="399" count="0" type="cond" truecount="0" falsecount="4"/>
        <line num="402" count="1" type="stmt"/>
        <line num="403" count="1" type="cond" truecount="1" falsecount="1"/>
        <line num="405" count="1" type="stmt"/>
        <line num="414" count="1" type="stmt"/>
        <line num="421" count="1" type="stmt"/>
        <line num="425" count="0" type="stmt"/>
        <line num="426" count="0" type="stmt"/>
        <line num="427" count="0" type="stmt"/>
        <line num="429" count="0" type="stmt"/>
        <line num="430" count="0" type="cond" truecount="0" falsecount="1"/>
        <line num="431" count="0" type="stmt"/>
        <line num="434" count="0" type="stmt"/>
        <line num="450" count="0" type="stmt"/>
        <line num="455" count="0" type="stmt"/>
        <line num="456" count="0" type="stmt"/>
        <line num="458" count="0" type="stmt"/>
        <line num="459" count="0" type="stmt"/>
        <line num="460" count="0" type="stmt"/>
        <line num="461" count="0" type="stmt"/>
        <line num="465" count="0" type="stmt"/>
        <line num="466" count="0" type="stmt"/>
        <line num="467" count="0" type="cond" truecount="0" falsecount="1"/>
        <line num="468" count="0" type="stmt"/>
        <line num="472" count="0" type="stmt"/>
        <line num="473" count="0" type="stmt"/>
        <line num="474" count="0" type="stmt"/>
        <line num="475" count="0" type="stmt"/>
        <line num="477" count="0" type="stmt"/>
        <line num="478" count="0" type="cond" truecount="0" falsecount="3"/>
        <line num="480" count="0" type="cond" truecount="0" falsecount="2"/>
        <line num="482" count="0" type="stmt"/>
        <line num="483" count="0" type="cond" truecount="0" falsecount="3"/>
        <line num="484" count="0" type="cond" truecount="0" falsecount="2"/>
        <line num="486" count="0" type="cond" truecount="0" falsecount="3"/>
        <line num="487" count="0" type="cond" truecount="0" falsecount="2"/>
        <line num="490" count="0" type="stmt"/>
        <line num="499" count="0" type="stmt"/>
        <line num="506" count="0" type="stmt"/>
        <line num="510" count="1" type="stmt"/>
        <line num="511" count="1" type="stmt"/>
        <line num="512" count="1" type="stmt"/>
        <line num="513" count="1" type="stmt"/>
        <line num="514" count="1" type="stmt"/>
        <line num="516" count="1" type="cond" truecount="0" falsecount="1"/>
        <line num="517" count="0" type="stmt"/>
        <line num="520" count="1" type="stmt"/>
        <line num="521" count="1" type="stmt"/>
        <line num="529" count="1" type="stmt"/>
        <line num="535" count="1" type="stmt"/>
        <line num="544" count="2" type="stmt"/>
        <line num="545" count="2" type="stmt"/>
        <line num="546" count="2" type="cond" truecount="0" falsecount="1"/>
        <line num="547" count="0" type="stmt"/>
        <line num="550" count="2" type="stmt"/>
        <line num="551" count="2" type="stmt"/>
        <line num="552" count="2" type="stmt"/>
        <line num="553" count="2" type="stmt"/>
        <line num="555" count="2" type="cond" truecount="0" falsecount="1"/>
        <line num="556" count="0" type="stmt"/>
        <line num="559" count="2" type="cond" truecount="0" falsecount="1"/>
        <line num="560" count="0" type="stmt"/>
        <line num="563" count="2" type="stmt"/>
        <line num="564" count="2" type="cond" truecount="1" falsecount="0"/>
        <line num="565" count="1" type="stmt"/>
        <line num="566" count="1" type="cond" truecount="2" falsecount="1"/>
        <line num="567" count="0" type="stmt"/>
        <line num="569" count="1" type="stmt"/>
        <line num="570" count="1" type="cond" truecount="1" falsecount="0"/>
        <line num="571" count="1" type="stmt"/>
        <line num="577" count="0" type="cond" truecount="0" falsecount="1"/>
        <line num="578" count="0" type="stmt"/>
        <line num="587" count="1" type="cond" truecount="1" falsecount="2"/>
        <line num="588" count="1" type="cond" truecount="1" falsecount="1"/>
        <line num="590" count="1" type="stmt"/>
        <line num="599" count="1" type="stmt"/>
        <line num="608" count="1" type="stmt"/>
        <line num="618" count="3" type="stmt"/>
        <line num="619" count="3" type="stmt"/>
        <line num="620" count="3" type="stmt"/>
        <line num="621" count="3" type="stmt"/>
        <line num="622" count="3" type="stmt"/>
        <line num="624" count="2" type="stmt"/>
        <line num="630" count="2" type="cond" truecount="0" falsecount="1"/>
        <line num="631" count="0" type="stmt"/>
        <line num="634" count="2" type="stmt"/>
        <line num="635" count="2" type="stmt"/>
        <line num="637" count="2" type="stmt"/>
        <line num="648" count="1" type="stmt"/>
        <line num="649" count="1" type="stmt"/>
        <line num="655" count="1" type="cond" truecount="0" falsecount="1"/>
        <line num="656" count="0" type="stmt"/>
        <line num="659" count="1" type="stmt"/>
        <line num="660" count="1" type="stmt"/>
        <line num="662" count="1" type="stmt"/>
        <line num="673" count="0" type="stmt"/>
        <line num="676" count="0" type="stmt"/>
        <line num="683" count="0" type="stmt"/>
        <line num="690" count="0" type="stmt"/>
        <line num="691" count="0" type="stmt"/>
        <line num="692" count="0" type="stmt"/>
        <line num="694" count="0" type="stmt"/>
        <line num="695" count="0" type="stmt"/>
        <line num="697" count="0" type="stmt"/>
        <line num="698" count="0" type="cond" truecount="0" falsecount="1"/>
        <line num="699" count="0" type="stmt"/>
        <line num="705" count="0" type="stmt"/>
        <line num="706" count="0" type="stmt"/>
        <line num="707" count="0" type="stmt"/>
        <line num="708" count="0" type="cond" truecount="0" falsecount="1"/>
        <line num="709" count="0" type="stmt"/>
        <line num="710" count="0" type="stmt"/>
        <line num="711" count="0" type="stmt"/>
        <line num="712" count="0" type="stmt"/>
        <line num="713" count="0" type="stmt"/>
        <line num="717" count="0" type="stmt"/>
        <line num="718" count="0" type="stmt"/>
        <line num="719" count="0" type="stmt"/>
        <line num="720" count="0" type="stmt"/>
        <line num="742" count="0" type="stmt"/>
        <line num="743" count="0" type="stmt"/>
        <line num="744" count="0" type="cond" truecount="0" falsecount="1"/>
        <line num="746" count="0" type="stmt"/>
        <line num="747" count="0" type="stmt"/>
        <line num="749" count="0" type="stmt"/>
        <line num="750" count="0" type="stmt"/>
        <line num="751" count="0" type="stmt"/>
        <line num="773" count="0" type="stmt"/>
        <line num="774" count="0" type="stmt"/>
        <line num="778" count="1" type="stmt"/>
        <line num="779" count="1" type="stmt"/>
        <line num="780" count="1" type="cond" truecount="0" falsecount="1"/>
        <line num="781" count="0" type="stmt"/>
        <line num="784" count="1" type="cond" truecount="1" falsecount="2"/>
        <line num="785" count="0" type="stmt"/>
        <line num="788" count="1" type="stmt"/>
        <line num="789" count="1" type="stmt"/>
        <line num="796" count="1" type="stmt"/>
        <line num="798" count="1" type="stmt"/>
        <line num="804" count="1" type="stmt"/>
        <line num="809" count="1" type="stmt"/>
        <line num="810" count="1" type="stmt"/>
        <line num="811" count="1" type="cond" truecount="0" falsecount="1"/>
        <line num="812" count="0" type="stmt"/>
        <line num="815" count="1" type="cond" truecount="1" falsecount="2"/>
        <line num="816" count="0" type="stmt"/>
        <line num="819" count="1" type="stmt"/>
        <line num="820" count="1" type="stmt"/>
        <line num="827" count="1" type="stmt"/>
        <line num="829" count="1" type="stmt"/>
        <line num="835" count="1" type="stmt"/>
        <line num="839" count="0" type="stmt"/>
        <line num="841" count="0" type="stmt"/>
        <line num="842" count="0" type="cond" truecount="0" falsecount="1"/>
        <line num="843" count="0" type="stmt"/>
        <line num="846" count="0" type="stmt"/>
        <line num="847" count="0" type="cond" truecount="0" falsecount="3"/>
        <line num="848" count="0" type="stmt"/>
        <line num="851" count="0" type="stmt"/>
        <line num="853" count="0" type="cond" truecount="0" falsecount="2"/>
        <line num="863" count="0" type="stmt"/>
        <line num="871" count="0" type="stmt"/>
        <line num="878" count="0" type="stmt"/>
        <line num="882" count="0" type="stmt"/>
        <line num="884" count="0" type="stmt"/>
        <line num="885" count="0" type="cond" truecount="0" falsecount="1"/>
        <line num="886" count="0" type="stmt"/>
        <line num="889" count="0" type="stmt"/>
        <line num="890" count="0" type="cond" truecount="0" falsecount="3"/>
        <line num="891" count="0" type="stmt"/>
        <line num="894" count="0" type="stmt"/>
        <line num="896" count="0" type="cond" truecount="0" falsecount="2"/>
        <line num="906" count="0" type="stmt"/>
        <line num="914" count="0" type="stmt"/>
        <line num="921" count="0" type="stmt"/>
        <line num="926" count="0" type="stmt"/>
        <line num="927" count="0" type="stmt"/>
        <line num="931" count="3" type="stmt"/>
        <line num="932" count="3" type="stmt"/>
        <line num="933" count="5" type="cond" truecount="2" falsecount="0"/>
        <line num="934" count="5" type="stmt"/>
        <line num="935" count="5" type="stmt"/>
        <line num="937" count="3" type="stmt"/>
        <line num="941" count="3" type="cond" truecount="1" falsecount="0"/>
        <line num="942" count="1" type="stmt"/>
        <line num="945" count="5" type="stmt"/>
        <line num="950" count="2" type="stmt"/>
        <line num="951" count="2" type="stmt"/>
        <line num="952" count="5" type="stmt"/>
        <line num="953" count="5" type="cond" truecount="2" falsecount="0"/>
        <line num="954" count="5" type="cond" truecount="2" falsecount="0"/>
        <line num="955" count="5" type="stmt"/>
        <line num="956" count="5" type="stmt"/>
        <line num="959" count="2" type="stmt"/>
        <line num="960" count="5" type="stmt"/>
        <line num="962" count="2" type="stmt"/>
        <line num="963" count="5" type="cond" truecount="2" falsecount="0"/>
        <line num="964" count="5" type="stmt"/>
        <line num="966" count="5" type="stmt"/>
        <line num="967" count="4" type="cond" truecount="1" falsecount="0"/>
        <line num="968" count="1" type="stmt"/>
        <line num="969" count="1" type="stmt"/>
        <line num="971" count="3" type="stmt"/>
        <line num="972" count="3" type="stmt"/>
        <line num="976" count="2" type="stmt"/>
        <line num="980" count="1" type="stmt"/>
        <line num="981" count="1" type="cond" truecount="1" falsecount="1"/>
        <line num="982" count="1" type="stmt"/>
        <line num="983" count="2" type="stmt"/>
        <line num="984" count="2" type="cond" truecount="1" falsecount="0"/>
        <line num="985" count="1" type="stmt"/>
        <line num="987" count="1" type="stmt"/>
        <line num="988" count="1" type="cond" truecount="0" falsecount="1"/>
        <line num="989" count="0" type="stmt"/>
        <line num="991" count="1" type="cond" truecount="1" falsecount="1"/>
        <line num="993" count="1" type="stmt"/>
        <line num="1002" count="2" type="stmt"/>
        <line num="1003" count="2" type="cond" truecount="0" falsecount="1"/>
        <line num="1004" count="0" type="stmt"/>
        <line num="1007" count="2" type="stmt"/>
        <line num="1008" count="4" type="cond" truecount="2" falsecount="0"/>
        <line num="1011" count="2" type="cond" truecount="0" falsecount="1"/>
        <line num="1012" count="0" type="stmt"/>
        <line num="1015" count="2" type="stmt"/>
        <line num="1017" count="3" type="stmt"/>
        <line num="1034" count="0" type="stmt"/>
        <line num="1035" count="0" type="cond" truecount="0" falsecount="1"/>
        <line num="1036" count="0" type="stmt"/>
        <line num="1040" count="0" type="stmt"/>
        <line num="1041" count="0" type="stmt"/>
        <line num="1042" count="0" type="cond" truecount="0" falsecount="2"/>
        <line num="1043" count="0" type="cond" truecount="0" falsecount="2"/>
        <line num="1044" count="0" type="stmt"/>
        <line num="1045" count="0" type="stmt"/>
        <line num="1049" count="0" type="stmt"/>
        <line num="1050" count="0" type="stmt"/>
        <line num="1051" count="0" type="stmt"/>
        <line num="1052" count="0" type="stmt"/>
        <line num="1053" count="0" type="cond" truecount="0" falsecount="2"/>
        <line num="1054" count="0" type="stmt"/>
        <line num="1055" count="0" type="stmt"/>
        <line num="1056" count="0" type="stmt"/>
        <line num="1060" count="0" type="cond" truecount="0" falsecount="1"/>
        <line num="1061" count="0" type="stmt"/>
        <line num="1064" count="0" type="stmt"/>
        <line num="1065" count="0" type="cond" truecount="0" falsecount="2"/>
        <line num="1068" count="0" type="cond" truecount="0" falsecount="1"/>
        <line num="1069" count="0" type="stmt"/>
        <line num="1072" count="0" type="stmt"/>
        <line num="1074" count="0" type="stmt"/>
        <line num="1086" count="0" type="stmt"/>
        <line num="1087" count="0" type="cond" truecount="0" falsecount="2"/>
        <line num="1088" count="0" type="stmt"/>
        <line num="1109" count="1" type="cond" truecount="1" falsecount="1"/>
        <line num="1110" count="1" type="stmt"/>
        <line num="1112" count="1" type="cond" truecount="1" falsecount="1"/>
        <line num="1114" count="1" type="cond" truecount="1" falsecount="1"/>
        <line num="1115" count="1" type="cond" truecount="1" falsecount="1"/>
        <line num="1117" count="1" type="stmt"/>
        <line num="1118" count="1" type="stmt"/>
        <line num="1120" count="1" type="cond" truecount="1" falsecount="3"/>
        <line num="1124" count="1" type="cond" truecount="1" falsecount="2"/>
        <line num="1126" count="1" type="stmt"/>
        <line num="1138" count="1" type="stmt"/>
        <line num="1139" count="1" type="cond" truecount="1" falsecount="0"/>
        <line num="1140" count="1" type="stmt"/>
        <line num="1141" count="1" type="stmt"/>
        <line num="1143" count="0" type="stmt"/>
        <line num="1147" count="1" type="cond" truecount="1" falsecount="1"/>
        <line num="1148" count="1" type="stmt"/>
        <line num="1152" count="1" type="cond" truecount="0" falsecount="1"/>
        <line num="1153" count="0" type="stmt"/>
        <line num="1155" count="1" type="stmt"/>
        <line num="1156" count="1" type="cond" truecount="0" falsecount="1"/>
        <line num="1157" count="0" type="stmt"/>
        <line num="1159" count="1" type="stmt"/>
        <line num="1163" count="10" type="stmt"/>
        <line num="1164" count="10" type="cond" truecount="0" falsecount="1"/>
        <line num="1165" count="0" type="stmt"/>
        <line num="1167" count="10" type="stmt"/>
        <line num="1171" count="2" type="stmt"/>
        <line num="1172" count="2" type="stmt"/>
        <line num="1173" count="2" type="stmt"/>
        <line num="1174" count="2" type="stmt"/>
        <line num="1175" count="2" type="stmt"/>
        <line num="1176" count="2" type="stmt"/>
        <line num="1177" count="3" type="cond" truecount="1" falsecount="0"/>
        <line num="1178" count="1" type="stmt"/>
        <line num="1179" count="1" type="stmt"/>
        <line num="1183" count="2" type="stmt"/>
        <line num="1187" count="10" type="stmt"/>
        <line num="1188" count="10" type="cond" truecount="0" falsecount="1"/>
        <line num="1189" count="0" type="stmt"/>
        <line num="1191" count="10" type="stmt"/>
        <line num="1195" count="10" type="stmt"/>
        <line num="1196" count="10" type="stmt"/>
        <line num="1208" count="10" type="cond" truecount="1" falsecount="0"/>
        <line num="1209" count="2" type="stmt"/>
        <line num="1219" count="10" type="stmt"/>
        <line num="1220" count="10" type="cond" truecount="0" falsecount="1"/>
        <line num="1221" count="0" type="stmt"/>
        <line num="1223" count="10" type="stmt"/>
        <line num="1233" count="15" type="cond" truecount="0" falsecount="1"/>
        <line num="1234" count="0" type="stmt"/>
        <line num="1237" count="15" type="cond" truecount="1" falsecount="0"/>
        <line num="1238" count="2" type="stmt"/>
        <line num="1241" count="13" type="stmt"/>
        <line num="1242" count="13" type="cond" truecount="3" falsecount="0"/>
        <line num="1243" count="3" type="stmt"/>
        <line num="1246" count="10" type="stmt"/>
        <line num="1255" count="15" type="stmt"/>
        <line num="1256" count="15" type="cond" truecount="3" falsecount="0"/>
        <line num="1257" count="2" type="stmt"/>
        <line num="1260" count="13" type="cond" truecount="0" falsecount="1"/>
        <line num="1261" count="0" type="stmt"/>
        <line num="1262" count="0" type="cond" truecount="0" falsecount="1"/>
        <line num="1263" count="0" type="stmt"/>
        <line num="1265" count="0" type="stmt"/>
        <line num="1266" count="0" type="stmt"/>
        <line num="1267" count="0" type="cond" truecount="0" falsecount="1"/>
        <line num="1268" count="0" type="stmt"/>
        <line num="1272" count="13" type="cond" truecount="0" falsecount="1"/>
        <line num="1273" count="0" type="stmt"/>
        <line num="1274" count="0" type="cond" truecount="0" falsecount="1"/>
        <line num="1275" count="0" type="stmt"/>
        <line num="1276" count="0" type="cond" truecount="0" falsecount="1"/>
        <line num="1277" count="0" type="stmt"/>
        <line num="1282" count="13" type="stmt"/>
        <line num="1286" count="0" type="stmt"/>
        <line num="1287" count="0" type="cond" truecount="0" falsecount="1"/>
        <line num="1288" count="0" type="stmt"/>
        <line num="1291" count="0" type="cond" truecount="0" falsecount="1"/>
        <line num="1292" count="0" type="stmt"/>
        <line num="1293" count="0" type="cond" truecount="0" falsecount="2"/>
        <line num="1294" count="0" type="cond" truecount="0" falsecount="1"/>
        <line num="1295" count="0" type="stmt"/>
        <line num="1299" count="0" type="stmt"/>
        <line num="1303" count="28" type="cond" truecount="1" falsecount="0"/>
        <line num="1304" count="22" type="stmt"/>
        <line num="1306" count="6" type="stmt"/>
        <line num="1307" count="6" type="cond" truecount="0" falsecount="1"/>
        <line num="1308" count="0" type="stmt"/>
        <line num="1310" count="6" type="stmt"/>
        <line num="1314" count="1" type="stmt"/>
        <line num="1315" count="1" type="cond" truecount="3" falsecount="0"/>
        <line num="1316" count="1" type="stmt"/>
        <line num="1317" count="1" type="cond" truecount="1" falsecount="1"/>
        <line num="1319" count="0" type="stmt"/>
        <line num="1323" count="15" type="cond" truecount="1" falsecount="1"/>
        <line num="1327" count="4" type="stmt"/>
      </file>
    </package>
    <package name="backend.services.auth">
      <metrics statements="39" coveredstatements="39" conditionals="9" coveredconditionals="9" methods="11" coveredmethods="11"/>
      <file name="PasswordService.ts" path="/home/bushido/siderhub_2/src/backend/services/auth/PasswordService.ts">
        <metrics statements="5" coveredstatements="5" conditionals="2" coveredconditionals="2" methods="3" coveredmethods="3"/>
        <line num="1" count="1" type="stmt"/>
        <line num="7" count="1" type="stmt"/>
        <line num="11" count="3" type="cond" truecount="2" falsecount="0"/>
        <line num="15" count="2" type="stmt"/>
        <line num="19" count="1" type="stmt"/>
      </file>
      <file name="TokenService.ts" path="/home/bushido/siderhub_2/src/backend/services/auth/TokenService.ts">
        <metrics statements="34" coveredstatements="34" conditionals="7" coveredconditionals="7" methods="8" coveredmethods="8"/>
        <line num="1" count="1" type="stmt"/>
        <line num="3" count="1" type="stmt"/>
        <line num="32" count="1" type="stmt"/>
        <line num="33" count="4" type="stmt"/>
        <line num="36" count="1" type="stmt"/>
        <line num="40" count="1" type="stmt"/>
        <line num="44" count="1" type="stmt"/>
        <line num="48" count="1" type="stmt"/>
        <line num="52" count="2" type="stmt"/>
        <line num="56" count="2" type="stmt"/>
        <line num="60" count="4" type="stmt"/>
        <line num="61" count="4" type="stmt"/>
        <line num="62" count="3" type="cond" truecount="1" falsecount="0"/>
        <line num="63" count="1" type="stmt"/>
        <line num="65" count="2" type="stmt"/>
        <line num="71" count="2" type="cond" truecount="1" falsecount="0"/>
        <line num="72" count="1" type="stmt"/>
        <line num="74" count="1" type="stmt"/>
        <line num="79" count="2" type="stmt"/>
        <line num="80" count="2" type="stmt"/>
        <line num="81" count="2" type="cond" truecount="1" falsecount="0"/>
        <line num="82" count="2" type="stmt"/>
        <line num="84" count="2" type="cond" truecount="1" falsecount="0"/>
        <line num="85" count="2" type="stmt"/>
        <line num="87" count="2" type="cond" truecount="1" falsecount="0"/>
        <line num="88" count="2" type="stmt"/>
        <line num="90" count="2" type="stmt"/>
        <line num="94" count="4" type="stmt"/>
        <line num="95" count="4" type="stmt"/>
        <line num="96" count="4" type="cond" truecount="1" falsecount="0"/>
        <line num="97" count="4" type="stmt"/>
        <line num="99" count="4" type="cond" truecount="1" falsecount="0"/>
        <line num="100" count="4" type="stmt"/>
        <line num="102" count="4" type="stmt"/>
      </file>
    </package>
    <package name="backend.services.cybervault">
      <metrics statements="35" coveredstatements="35" conditionals="15" coveredconditionals="10" methods="8" coveredmethods="8"/>
      <file name="CybervaultService.ts" path="/home/bushido/siderhub_2/src/backend/services/cybervault/CybervaultService.ts">
        <metrics statements="35" coveredstatements="35" conditionals="15" coveredconditionals="10" methods="8" coveredmethods="8"/>
        <line num="1" count="1" type="stmt"/>
        <line num="2" count="1" type="stmt"/>
        <line num="4" count="1" type="stmt"/>
        <line num="6" count="1" type="stmt"/>
        <line num="8" count="1" type="stmt"/>
        <line num="15" count="1" type="stmt"/>
        <line num="29" count="1" type="stmt"/>
        <line num="33" count="2" type="stmt"/>
        <line num="35" count="1" type="stmt"/>
        <line num="41" count="1" type="stmt"/>
        <line num="42" count="1" type="stmt"/>
        <line num="69" count="1" type="stmt"/>
        <line num="72" count="5" type="stmt"/>
        <line num="73" count="5" type="cond" truecount="2" falsecount="0"/>
        <line num="77" count="1" type="stmt"/>
        <line num="78" count="1" type="stmt"/>
        <line num="90" count="1" type="stmt"/>
        <line num="91" count="1" type="cond" truecount="1" falsecount="1"/>
        <line num="93" count="1" type="stmt"/>
        <line num="103" count="2" type="stmt"/>
        <line num="104" count="1" type="stmt"/>
        <line num="108" count="1" type="stmt"/>
        <line num="109" count="1" type="stmt"/>
        <line num="113" count="2" type="stmt"/>
        <line num="114" count="2" type="stmt"/>
        <line num="115" count="2" type="cond" truecount="1" falsecount="0"/>
        <line num="116" count="1" type="stmt"/>
        <line num="119" count="1" type="stmt"/>
        <line num="121" count="1" type="stmt"/>
        <line num="128" count="1" type="stmt"/>
        <line num="129" count="1" type="stmt"/>
        <line num="131" count="1" type="stmt"/>
        <line num="136" count="1" type="stmt"/>
        <line num="144" count="1" type="cond" truecount="1" falsecount="1"/>
        <line num="148" count="1" type="stmt"/>
      </file>
    </package>
    <package name="backend.services.hidra">
      <metrics statements="196" coveredstatements="116" conditionals="97" coveredconditionals="30" methods="28" coveredmethods="14"/>
      <file name="EvolutionClient.ts" path="/home/bushido/siderhub_2/src/backend/services/hidra/EvolutionClient.ts">
        <metrics statements="57" coveredstatements="50" conditionals="27" coveredconditionals="21" methods="10" coveredmethods="5"/>
        <line num="1" count="2" type="stmt"/>
        <line num="2" count="2" type="stmt"/>
        <line num="4" count="2" type="stmt"/>
        <line num="57" count="2" type="stmt"/>
        <line num="59" count="2" type="stmt"/>
        <line num="67" count="2" type="stmt"/>
        <line num="75" count="2" type="stmt"/>
        <line num="84" count="0" type="cond" truecount="0" falsecount="2"/>
        <line num="88" count="2" type="stmt"/>
        <line num="91" count="6" type="stmt"/>
        <line num="92" count="6" type="cond" truecount="2" falsecount="0"/>
        <line num="93" count="6" type="cond" truecount="1" falsecount="0"/>
        <line num="94" count="1" type="stmt"/>
        <line num="99" count="1" type="stmt"/>
        <line num="100" count="1" type="stmt"/>
        <line num="101" count="0" type="stmt"/>
        <line num="103" count="1" type="stmt"/>
        <line num="104" count="1" type="stmt"/>
        <line num="109" count="2" type="stmt"/>
        <line num="116" count="0" type="stmt"/>
        <line num="123" count="0" type="stmt"/>
        <line num="129" count="3" type="stmt"/>
        <line num="130" count="3" type="cond" truecount="1" falsecount="1"/>
        <line num="131" count="3" type="stmt"/>
        <line num="133" count="3" type="cond" truecount="1" falsecount="1"/>
        <line num="135" count="3" type="stmt"/>
        <line num="136" count="4" type="stmt"/>
        <line num="137" count="4" type="stmt"/>
        <line num="138" count="4" type="stmt"/>
        <line num="139" count="4" type="stmt"/>
        <line num="148" count="3" type="stmt"/>
        <line num="150" count="3" type="cond" truecount="1" falsecount="0"/>
        <line num="151" count="2" type="stmt"/>
        <line num="152" count="2" type="stmt"/>
        <line num="154" count="2" type="cond" truecount="3" falsecount="0"/>
        <line num="155" count="1" type="stmt"/>
        <line num="157" count="1" type="stmt"/>
        <line num="161" count="1" type="cond" truecount="1" falsecount="1"/>
        <line num="163" count="1" type="cond" truecount="1" falsecount="1"/>
        <line num="164" count="1" type="stmt"/>
        <line num="166" count="0" type="stmt"/>
        <line num="169" count="1" type="cond" truecount="1" falsecount="0"/>
        <line num="170" count="1" type="stmt"/>
        <line num="171" count="1" type="stmt"/>
        <line num="173" count="0" type="stmt"/>
        <line num="182" count="0" type="stmt"/>
        <line num="184" count="3" type="stmt"/>
        <line num="185" count="3" type="stmt"/>
        <line num="186" count="3" type="stmt"/>
        <line num="187" count="3" type="stmt"/>
        <line num="188" count="3" type="stmt"/>
        <line num="189" count="3" type="cond" truecount="2" falsecount="0"/>
        <line num="190" count="3" type="stmt"/>
        <line num="191" count="3" type="cond" truecount="4" falsecount="0"/>
        <line num="192" count="2" type="stmt"/>
        <line num="194" count="1" type="stmt"/>
        <line num="198" count="2" type="stmt"/>
      </file>
      <file name="HidraService.ts" path="/home/bushido/siderhub_2/src/backend/services/hidra/HidraService.ts">
        <metrics statements="139" coveredstatements="66" conditionals="70" coveredconditionals="9" methods="18" coveredmethods="9"/>
        <line num="1" count="1" type="stmt"/>
        <line num="10" count="1" type="stmt"/>
        <line num="11" count="1" type="stmt"/>
        <line num="12" count="1" type="stmt"/>
        <line num="14" count="1" type="stmt"/>
        <line num="22" count="1" type="stmt"/>
        <line num="28" count="1" type="stmt"/>
        <line num="29" count="1" type="stmt"/>
        <line num="30" count="1" type="stmt"/>
        <line num="31" count="1" type="stmt"/>
        <line num="32" count="1" type="stmt"/>
        <line num="33" count="1" type="stmt"/>
        <line num="34" count="1" type="stmt"/>
        <line num="35" count="1" type="stmt"/>
        <line num="37" count="1" type="stmt"/>
        <line num="48" count="1" type="stmt"/>
        <line num="54" count="1" type="stmt"/>
        <line num="97" count="1" type="stmt"/>
        <line num="101" count="3" type="stmt"/>
        <line num="102" count="3" type="cond" truecount="2" falsecount="0"/>
        <line num="103" count="3" type="stmt"/>
        <line num="107" count="0" type="stmt"/>
        <line num="108" count="0" type="stmt"/>
        <line num="110" count="0" type="stmt"/>
        <line num="115" count="0" type="cond" truecount="0" falsecount="2"/>
        <line num="117" count="0" type="cond" truecount="0" falsecount="2"/>
        <line num="118" count="0" type="stmt"/>
        <line num="119" count="0" type="stmt"/>
        <line num="120" count="0" type="stmt"/>
        <line num="121" count="0" type="cond" truecount="0" falsecount="2"/>
        <line num="122" count="0" type="cond" truecount="0" falsecount="2"/>
        <line num="123" count="0" type="stmt"/>
        <line num="124" count="0" type="cond" truecount="0" falsecount="1"/>
        <line num="125" count="0" type="stmt"/>
        <line num="127" count="0" type="stmt"/>
        <line num="129" count="0" type="cond" truecount="0" falsecount="2"/>
        <line num="130" count="0" type="stmt"/>
        <line num="131" count="0" type="stmt"/>
        <line num="134" count="0" type="stmt"/>
        <line num="135" count="0" type="stmt"/>
        <line num="138" count="0" type="stmt"/>
        <line num="139" count="0" type="cond" truecount="0" falsecount="2"/>
        <line num="143" count="0" type="stmt"/>
        <line num="144" count="0" type="stmt"/>
        <line num="145" count="0" type="stmt"/>
        <line num="146" count="0" type="stmt"/>
        <line num="151" count="0" type="stmt"/>
        <line num="155" count="1" type="stmt"/>
        <line num="157" count="1" type="cond" truecount="1" falsecount="0"/>
        <line num="158" count="1" type="stmt"/>
        <line num="159" count="1" type="cond" truecount="1" falsecount="0"/>
        <line num="160" count="1" type="stmt"/>
        <line num="161" count="1" type="cond" truecount="1" falsecount="0"/>
        <line num="162" count="1" type="stmt"/>
        <line num="167" count="0" type="stmt"/>
        <line num="169" count="0" type="stmt"/>
        <line num="179" count="0" type="stmt"/>
        <line num="181" count="0" type="stmt"/>
        <line num="193" count="0" type="cond" truecount="0" falsecount="1"/>
        <line num="194" count="0" type="stmt"/>
        <line num="197" count="0" type="stmt"/>
        <line num="203" count="0" type="stmt"/>
        <line num="204" count="0" type="cond" truecount="0" falsecount="1"/>
        <line num="205" count="0" type="stmt"/>
        <line num="207" count="0" type="stmt"/>
        <line num="211" count="1" type="stmt"/>
        <line num="212" count="1" type="stmt"/>
        <line num="213" count="1" type="stmt"/>
        <line num="215" count="1" type="stmt"/>
        <line num="219" count="1" type="stmt"/>
        <line num="221" count="1" type="stmt"/>
        <line num="222" count="1" type="stmt"/>
        <line num="229" count="1" type="stmt"/>
        <line num="235" count="1" type="stmt"/>
        <line num="236" count="1" type="cond" truecount="0" falsecount="1"/>
        <line num="237" count="0" type="stmt"/>
        <line num="239" count="1" type="stmt"/>
        <line num="243" count="1" type="stmt"/>
        <line num="244" count="1" type="stmt"/>
        <line num="246" count="1" type="stmt"/>
        <line num="247" count="1" type="stmt"/>
        <line num="257" count="1" type="stmt"/>
        <line num="258" count="1" type="cond" truecount="1" falsecount="0"/>
        <line num="259" count="1" type="stmt"/>
        <line num="262" count="1" type="stmt"/>
        <line num="268" count="1" type="stmt"/>
        <line num="272" count="0" type="stmt"/>
        <line num="273" count="0" type="stmt"/>
        <line num="274" count="0" type="stmt"/>
        <line num="275" count="0" type="cond" truecount="0" falsecount="1"/>
        <line num="276" count="0" type="stmt"/>
        <line num="278" count="0" type="stmt"/>
        <line num="282" count="0" type="stmt"/>
        <line num="283" count="0" type="stmt"/>
        <line num="287" count="0" type="stmt"/>
        <line num="292" count="0" type="stmt"/>
        <line num="294" count="0" type="stmt"/>
        <line num="303" count="0" type="cond" truecount="0" falsecount="2"/>
        <line num="323" count="0" type="cond" truecount="0" falsecount="2"/>
        <line num="324" count="0" type="cond" truecount="0" falsecount="4"/>
        <line num="328" count="0" type="cond" truecount="0" falsecount="2"/>
        <line num="332" count="0" type="stmt"/>
        <line num="340" count="0" type="stmt"/>
        <line num="353" count="2" type="stmt"/>
        <line num="354" count="2" type="cond" truecount="0" falsecount="1"/>
        <line num="355" count="0" type="stmt"/>
        <line num="357" count="2" type="cond" truecount="0" falsecount="1"/>
        <line num="358" count="0" type="stmt"/>
        <line num="360" count="2" type="stmt"/>
        <line num="364" count="2" type="cond" truecount="2" falsecount="5"/>
        <line num="366" count="0" type="stmt"/>
        <line num="368" count="1" type="stmt"/>
        <line num="370" count="1" type="stmt"/>
        <line num="372" count="0" type="stmt"/>
        <line num="374" count="0" type="stmt"/>
        <line num="376" count="0" type="stmt"/>
        <line num="378" count="0" type="stmt"/>
        <line num="383" count="2" type="stmt"/>
        <line num="384" count="2" type="cond" truecount="0" falsecount="1"/>
        <line num="385" count="0" type="stmt"/>
        <line num="388" count="2" type="stmt"/>
        <line num="389" count="2" type="stmt"/>
        <line num="390" count="2" type="stmt"/>
        <line num="394" count="0" type="cond" truecount="0" falsecount="2"/>
        <line num="398" count="0" type="stmt"/>
        <line num="402" count="2" type="stmt"/>
        <line num="411" count="3" type="stmt"/>
        <line num="412" count="3" type="stmt"/>
        <line num="414" count="3" type="cond" truecount="0" falsecount="1"/>
        <line num="415" count="0" type="stmt"/>
        <line num="416" count="0" type="cond" truecount="0" falsecount="2"/>
        <line num="417" count="0" type="stmt"/>
        <line num="419" count="0" type="stmt"/>
        <line num="427" count="3" type="cond" truecount="0" falsecount="1"/>
        <line num="428" count="0" type="stmt"/>
        <line num="429" count="0" type="cond" truecount="0" falsecount="2"/>
        <line num="430" count="0" type="stmt"/>
        <line num="432" count="0" type="stmt"/>
        <line num="440" count="3" type="stmt"/>
      </file>
    </package>
    <package name="backend.services.hub">
      <metrics statements="58" coveredstatements="48" conditionals="36" coveredconditionals="26" methods="12" coveredmethods="9"/>
      <file name="HubService.ts" path="/home/bushido/siderhub_2/src/backend/services/hub/HubService.ts">
        <metrics statements="58" coveredstatements="48" conditionals="36" coveredconditionals="26" methods="12" coveredmethods="9"/>
        <line num="6" count="1" type="stmt"/>
        <line num="8" count="1" type="stmt"/>
        <line num="16" count="1" type="stmt"/>
        <line num="17" count="1" type="stmt"/>
        <line num="18" count="1" type="stmt"/>
        <line num="19" count="1" type="stmt"/>
        <line num="20" count="1" type="stmt"/>
        <line num="41" count="1" type="stmt"/>
        <line num="45" count="3" type="stmt"/>
        <line num="46" count="3" type="cond" truecount="1" falsecount="1"/>
        <line num="47" count="3" type="cond" truecount="1" falsecount="1"/>
        <line num="51" count="3" type="stmt"/>
        <line num="52" count="3" type="stmt"/>
        <line num="53" count="3" type="stmt"/>
        <line num="54" count="3" type="stmt"/>
        <line num="55" count="3" type="cond" truecount="2" falsecount="0"/>
        <line num="57" count="3" type="stmt"/>
        <line num="71" count="3" type="stmt"/>
        <line num="72" count="3" type="stmt"/>
        <line num="73" count="15" type="cond" truecount="2" falsecount="0"/>
        <line num="74" count="7" type="stmt"/>
        <line num="76" count="8" type="stmt"/>
        <line num="80" count="3" type="cond" truecount="1" falsecount="0"/>
        <line num="81" count="1" type="stmt"/>
        <line num="88" count="2" type="stmt"/>
        <line num="91" count="2" type="cond" truecount="2" falsecount="0"/>
        <line num="96" count="2" type="cond" truecount="1" falsecount="1"/>
        <line num="101" count="2" type="cond" truecount="2" falsecount="0"/>
        <line num="106" count="2" type="cond" truecount="1" falsecount="1"/>
        <line num="111" count="2" type="cond" truecount="2" falsecount="0"/>
        <line num="115" count="2" type="stmt"/>
        <line num="130" count="0" type="stmt"/>
        <line num="131" count="0" type="stmt"/>
        <line num="132" count="0" type="stmt"/>
        <line num="136" count="0" type="stmt"/>
        <line num="137" count="0" type="stmt"/>
        <line num="138" count="0" type="stmt"/>
        <line num="142" count="12" type="cond" truecount="3" falsecount="0"/>
        <line num="143" count="8" type="stmt"/>
        <line num="145" count="4" type="stmt"/>
        <line num="146" count="4" type="cond" truecount="0" falsecount="1"/>
        <line num="147" count="0" type="stmt"/>
        <line num="149" count="4" type="stmt"/>
        <line num="153" count="2" type="stmt"/>
        <line num="160" count="2" type="stmt"/>
        <line num="167" count="8" type="cond" truecount="5" falsecount="1"/>
        <line num="169" count="2" type="stmt"/>
        <line num="171" count="1" type="stmt"/>
        <line num="173" count="2" type="stmt"/>
        <line num="175" count="1" type="stmt"/>
        <line num="177" count="2" type="stmt"/>
        <line num="179" count="0" type="stmt"/>
        <line num="184" count="8" type="cond" truecount="1" falsecount="1"/>
        <line num="185" count="8" type="stmt"/>
        <line num="189" count="8" type="cond" truecount="0" falsecount="1"/>
        <line num="190" count="0" type="stmt"/>
        <line num="191" count="0" type="stmt"/>
        <line num="193" count="8" type="stmt"/>
      </file>
    </package>
    <package name="shared.types">
      <metrics statements="48" coveredstatements="48" conditionals="18" coveredconditionals="18" methods="9" coveredmethods="9"/>
      <file name="common.types.ts" path="/home/bushido/siderhub_2/src/shared/types/common.types.ts">
        <metrics statements="48" coveredstatements="48" conditionals="18" coveredconditionals="18" methods="9" coveredmethods="9"/>
        <line num="7" count="15" type="cond" truecount="2" falsecount="0"/>
        <line num="8" count="15" type="stmt"/>
        <line num="9" count="15" type="stmt"/>
        <line num="10" count="15" type="stmt"/>
        <line num="11" count="15" type="stmt"/>
        <line num="14" count="15" type="cond" truecount="2" falsecount="0"/>
        <line num="15" count="15" type="stmt"/>
        <line num="16" count="15" type="stmt"/>
        <line num="17" count="15" type="stmt"/>
        <line num="18" count="15" type="stmt"/>
        <line num="19" count="15" type="stmt"/>
        <line num="22" count="15" type="cond" truecount="2" falsecount="0"/>
        <line num="23" count="15" type="stmt"/>
        <line num="24" count="15" type="stmt"/>
        <line num="25" count="15" type="stmt"/>
        <line num="26" count="15" type="stmt"/>
        <line num="29" count="15" type="cond" truecount="2" falsecount="0"/>
        <line num="30" count="15" type="stmt"/>
        <line num="31" count="15" type="stmt"/>
        <line num="32" count="15" type="stmt"/>
        <line num="33" count="15" type="stmt"/>
        <line num="36" count="15" type="cond" truecount="2" falsecount="0"/>
        <line num="37" count="15" type="stmt"/>
        <line num="38" count="15" type="stmt"/>
        <line num="39" count="15" type="stmt"/>
        <line num="40" count="15" type="stmt"/>
        <line num="41" count="15" type="stmt"/>
        <line num="44" count="15" type="cond" truecount="2" falsecount="0"/>
        <line num="45" count="15" type="stmt"/>
        <line num="46" count="15" type="stmt"/>
        <line num="47" count="15" type="stmt"/>
        <line num="48" count="15" type="stmt"/>
        <line num="49" count="15" type="stmt"/>
        <line num="50" count="15" type="stmt"/>
        <line num="53" count="15" type="cond" truecount="2" falsecount="0"/>
        <line num="54" count="15" type="stmt"/>
        <line num="57" count="15" type="cond" truecount="2" falsecount="0"/>
        <line num="58" count="15" type="stmt"/>
        <line num="59" count="15" type="stmt"/>
        <line num="60" count="15" type="stmt"/>
        <line num="61" count="15" type="stmt"/>
        <line num="62" count="15" type="stmt"/>
        <line num="63" count="15" type="stmt"/>
        <line num="64" count="15" type="stmt"/>
        <line num="67" count="15" type="cond" truecount="2" falsecount="0"/>
        <line num="68" count="15" type="stmt"/>
        <line num="69" count="15" type="stmt"/>
        <line num="70" count="15" type="stmt"/>
      </file>
    </package>
    <package name="shared.utils">
      <metrics statements="13" coveredstatements="13" conditionals="0" coveredconditionals="0" methods="1" coveredmethods="1"/>
      <file name="validation.ts" path="/home/bushido/siderhub_2/src/shared/utils/validation.ts">
        <metrics statements="13" coveredstatements="13" conditionals="0" coveredconditionals="0" methods="1" coveredmethods="1"/>
        <line num="1" count="11" type="stmt"/>
        <line num="2" count="11" type="stmt"/>
        <line num="4" count="11" type="stmt"/>
        <line num="10" count="11" type="stmt"/>
        <line num="17" count="11" type="stmt"/>
        <line num="22" count="11" type="stmt"/>
        <line num="29" count="11" type="stmt"/>
        <line num="33" count="11" type="stmt"/>
        <line num="37" count="1" type="stmt"/>
        <line num="41" count="11" type="stmt"/>
        <line num="62" count="11" type="stmt"/>
        <line num="71" count="11" type="stmt"/>
        <line num="79" count="11" type="stmt"/>
      </file>
    </package>
  </project>
</coverage>
