{"/home/bushido/siderhub_2/src/backend/logger.ts": {"path":"/home/bushido/siderhub_2/src/backend/logger.ts","statementMap":{"0":{"start":{"line":19,"column":0},"end":{"line":19,"column":16}},"1":{"start":{"line":12,"column":30},"end":{"line":17,"column":2}},"2":{"start":{"line":13,"column":31},"end":{"line":13,"column":81}},"3":{"start":{"line":14,"column":30},"end":{"line":14,"column":78}},"4":{"start":{"line":15,"column":30},"end":{"line":15,"column":78}},"5":{"start":{"line":16,"column":31},"end":{"line":16,"column":81}},"6":{"start":{"line":20,"column":2},"end":{"line":25,"column":4}},"7":{"start":{"line":21,"column":33},"end":{"line":21,"column":89}},"8":{"start":{"line":22,"column":32},"end":{"line":22,"column":87}},"9":{"start":{"line":23,"column":32},"end":{"line":23,"column":87}},"10":{"start":{"line":24,"column":33},"end":{"line":24,"column":89}},"11":{"start":{"line":28,"column":13},"end":{"line":28,"column":46}}},"fnMap":{"0":{"name":"(anonymous_0)","decl":{"start":{"line":13,"column":9},"end":{"line":13,"column":10}},"loc":{"start":{"line":13,"column":31},"end":{"line":13,"column":81}}},"1":{"name":"(anonymous_1)","decl":{"start":{"line":14,"column":8},"end":{"line":14,"column":9}},"loc":{"start":{"line":14,"column":30},"end":{"line":14,"column":78}}},"2":{"name":"(anonymous_2)","decl":{"start":{"line":15,"column":8},"end":{"line":15,"column":9}},"loc":{"start":{"line":15,"column":30},"end":{"line":15,"column":78}}},"3":{"name":"(anonymous_3)","decl":{"start":{"line":16,"column":9},"end":{"line":16,"column":10}},"loc":{"start":{"line":16,"column":31},"end":{"line":16,"column":81}}},"4":{"name":"createLogger","decl":{"start":{"line":19,"column":16},"end":{"line":19,"column":28}},"loc":{"start":{"line":19,"column":46},"end":{"line":26,"column":1}}},"5":{"name":"(anonymous_5)","decl":{"start":{"line":21,"column":11},"end":{"line":21,"column":12}},"loc":{"start":{"line":21,"column":33},"end":{"line":21,"column":89}}},"6":{"name":"(anonymous_6)","decl":{"start":{"line":22,"column":10},"end":{"line":22,"column":11}},"loc":{"start":{"line":22,"column":32},"end":{"line":22,"column":87}}},"7":{"name":"(anonymous_7)","decl":{"start":{"line":23,"column":10},"end":{"line":23,"column":11}},"loc":{"start":{"line":23,"column":32},"end":{"line":23,"column":87}}},"8":{"name":"(anonymous_8)","decl":{"start":{"line":24,"column":11},"end":{"line":24,"column":12}},"loc":{"start":{"line":24,"column":33},"end":{"line":24,"column":89}}}},"branchMap":{"0":{"loc":{"start":{"line":13,"column":67},"end":{"line":13,"column":80}},"type":"binary-expr","locations":[{"start":{"line":13,"column":67},"end":{"line":13,"column":74}},{"start":{"line":13,"column":78},"end":{"line":13,"column":80}}]},"1":{"loc":{"start":{"line":14,"column":64},"end":{"line":14,"column":77}},"type":"binary-expr","locations":[{"start":{"line":14,"column":64},"end":{"line":14,"column":71}},{"start":{"line":14,"column":75},"end":{"line":14,"column":77}}]},"2":{"loc":{"start":{"line":15,"column":64},"end":{"line":15,"column":77}},"type":"binary-expr","locations":[{"start":{"line":15,"column":64},"end":{"line":15,"column":71}},{"start":{"line":15,"column":75},"end":{"line":15,"column":77}}]},"3":{"loc":{"start":{"line":16,"column":67},"end":{"line":16,"column":80}},"type":"binary-expr","locations":[{"start":{"line":16,"column":67},"end":{"line":16,"column":74}},{"start":{"line":16,"column":78},"end":{"line":16,"column":80}}]}},"s":{"0":6,"1":6,"2":2,"3":11,"4":7,"5":0,"6":35,"7":2,"8":11,"9":7,"10":0,"11":6},"f":{"0":2,"1":11,"2":7,"3":0,"4":35,"5":2,"6":11,"7":7,"8":0},"b":{"0":[2,0],"1":[11,3],"2":[7,1],"3":[0,0]}}
,"/home/bushido/siderhub_2/src/backend/api/index.ts": {"path":"/home/bushido/siderhub_2/src/backend/api/index.ts","statementMap":{"0":{"start":{"line":12,"column":0},"end":{"line":12,"column":16}},"1":{"start":{"line":1,"column":0},"end":{"line":1,"column":80}},"2":{"start":{"line":2,"column":0},"end":{"line":2,"column":35}},"3":{"start":{"line":3,"column":0},"end":{"line":3,"column":41}},"4":{"start":{"line":4,"column":0},"end":{"line":4,"column":43}},"5":{"start":{"line":5,"column":0},"end":{"line":5,"column":47}},"6":{"start":{"line":6,"column":0},"end":{"line":6,"column":53}},"7":{"start":{"line":7,"column":0},"end":{"line":7,"column":43}},"8":{"start":{"line":8,"column":0},"end":{"line":8,"column":39}},"9":{"start":{"line":10,"column":0},"end":{"line":10,"column":57}},"10":{"start":{"line":13,"column":17},"end":{"line":13,"column":25}},"11":{"start":{"line":16,"column":2},"end":{"line":19,"column":null}},"12":{"start":{"line":17,"column":4},"end":{"line":17,"column":null}},"13":{"start":{"line":18,"column":4},"end":{"line":18,"column":null}},"14":{"start":{"line":22,"column":2},"end":{"line":22,"column":null}},"15":{"start":{"line":23,"column":2},"end":{"line":23,"column":null}},"16":{"start":{"line":24,"column":2},"end":{"line":24,"column":null}},"17":{"start":{"line":25,"column":2},"end":{"line":25,"column":null}},"18":{"start":{"line":26,"column":2},"end":{"line":26,"column":null}},"19":{"start":{"line":27,"column":2},"end":{"line":27,"column":null}},"20":{"start":{"line":29,"column":2},"end":{"line":29,"column":null}},"21":{"start":{"line":31,"column":2},"end":{"line":31,"column":null}}},"fnMap":{"0":{"name":"createApiRouter","decl":{"start":{"line":12,"column":16},"end":{"line":12,"column":31}},"loc":{"start":{"line":12,"column":53},"end":{"line":32,"column":1}}},"1":{"name":"(anonymous_1)","decl":{"start":{"line":16,"column":13},"end":{"line":16,"column":14}},"loc":{"start":{"line":16,"column":65},"end":{"line":19,"column":3}}}},"branchMap":{"0":{"loc":{"start":{"line":17,"column":28},"end":{"line":17,"column":90}},"type":"binary-expr","locations":[{"start":{"line":17,"column":28},"end":{"line":17,"column":74}},{"start":{"line":17,"column":78},"end":{"line":17,"column":90}}]}},"s":{"0":10,"1":10,"2":10,"3":10,"4":10,"5":10,"6":10,"7":10,"8":10,"9":10,"10":81,"11":81,"12":82,"13":82,"14":81,"15":81,"16":81,"17":81,"18":81,"19":81,"20":81,"21":81},"f":{"0":81,"1":82},"b":{"0":[82,82]}}
,"/home/bushido/siderhub_2/src/backend/api/academy/index.ts": {"path":"/home/bushido/siderhub_2/src/backend/api/academy/index.ts","statementMap":{"0":{"start":{"line":70,"column":0},"end":{"line":70,"column":16}},"1":{"start":{"line":1,"column":0},"end":{"line":1,"column":80}},"2":{"start":{"line":2,"column":0},"end":{"line":2,"column":23}},"3":{"start":{"line":3,"column":0},"end":{"line":3,"column":69}},"4":{"start":{"line":4,"column":0},"end":{"line":4,"column":60}},"5":{"start":{"line":6,"column":0},"end":{"line":6,"column":89}},"6":{"start":{"line":8,"column":20},"end":{"line":8,"column":58}},"7":{"start":{"line":10,"column":24},"end":{"line":19,"column":14}},"8":{"start":{"line":21,"column":23},"end":{"line":24,"column":2}},"9":{"start":{"line":26,"column":22},"end":{"line":28,"column":2}},"10":{"start":{"line":30,"column":20},"end":{"line":33,"column":2}},"11":{"start":{"line":35,"column":19},"end":{"line":35,"column":36}},"12":{"start":{"line":36,"column":28},"end":{"line":40,"column":2}},"13":{"start":{"line":41,"column":28},"end":{"line":43,"column":2}},"14":{"start":{"line":45,"column":31},"end":{"line":47,"column":2}},"15":{"start":{"line":49,"column":31},"end":{"line":51,"column":2}},"16":{"start":{"line":53,"column":38},"end":{"line":57,"column":2}},"17":{"start":{"line":59,"column":24},"end":{"line":59,"column":34}},"18":{"start":{"line":60,"column":37},"end":{"line":67,"column":2}},"19":{"start":{"line":68,"column":41},"end":{"line":68,"column":43}},"20":{"start":{"line":71,"column":17},"end":{"line":71,"column":25}},"21":{"start":{"line":72,"column":20},"end":{"line":72,"column":58}},"22":{"start":{"line":74,"column":2},"end":{"line":86,"column":null}},"23":{"start":{"line":75,"column":19},"end":{"line":75,"column":55}},"24":{"start":{"line":76,"column":4},"end":{"line":78,"column":5}},"25":{"start":{"line":77,"column":6},"end":{"line":77,"column":null}},"26":{"start":{"line":80,"column":4},"end":{"line":85,"column":5}},"27":{"start":{"line":81,"column":19},"end":{"line":81,"column":72}},"28":{"start":{"line":82,"column":6},"end":{"line":82,"column":null}},"29":{"start":{"line":84,"column":6},"end":{"line":84,"column":null}},"30":{"start":{"line":88,"column":2},"end":{"line":100,"column":null}},"31":{"start":{"line":89,"column":19},"end":{"line":89,"column":59}},"32":{"start":{"line":90,"column":4},"end":{"line":92,"column":5}},"33":{"start":{"line":91,"column":6},"end":{"line":91,"column":null}},"34":{"start":{"line":94,"column":4},"end":{"line":99,"column":5}},"35":{"start":{"line":95,"column":22},"end":{"line":95,"column":94}},"36":{"start":{"line":96,"column":6},"end":{"line":96,"column":null}},"37":{"start":{"line":98,"column":6},"end":{"line":98,"column":null}},"38":{"start":{"line":102,"column":2},"end":{"line":115,"column":null}},"39":{"start":{"line":103,"column":19},"end":{"line":103,"column":62}},"40":{"start":{"line":104,"column":4},"end":{"line":106,"column":5}},"41":{"start":{"line":105,"column":6},"end":{"line":105,"column":null}},"42":{"start":{"line":108,"column":4},"end":{"line":114,"column":5}},"43":{"start":{"line":109,"column":26},"end":{"line":109,"column":119}},"44":{"start":{"line":110,"column":22},"end":{"line":110,"column":68}},"45":{"start":{"line":110,"column":48},"end":{"line":110,"column":67}},"46":{"start":{"line":111,"column":6},"end":{"line":111,"column":null}},"47":{"start":{"line":113,"column":6},"end":{"line":113,"column":null}},"48":{"start":{"line":117,"column":2},"end":{"line":132,"column":null}},"49":{"start":{"line":118,"column":21},"end":{"line":118,"column":56}},"50":{"start":{"line":119,"column":4},"end":{"line":121,"column":5}},"51":{"start":{"line":120,"column":6},"end":{"line":120,"column":null}},"52":{"start":{"line":123,"column":4},"end":{"line":131,"column":5}},"53":{"start":{"line":124,"column":19},"end":{"line":124,"column":107}},"54":{"start":{"line":125,"column":6},"end":{"line":127,"column":7}},"55":{"start":{"line":126,"column":8},"end":{"line":126,"column":null}},"56":{"start":{"line":128,"column":6},"end":{"line":128,"column":null}},"57":{"start":{"line":130,"column":6},"end":{"line":130,"column":null}},"58":{"start":{"line":134,"column":2},"end":{"line":150,"column":null}},"59":{"start":{"line":135,"column":19},"end":{"line":135,"column":53}},"60":{"start":{"line":136,"column":4},"end":{"line":138,"column":5}},"61":{"start":{"line":137,"column":6},"end":{"line":137,"column":null}},"62":{"start":{"line":140,"column":4},"end":{"line":149,"column":5}},"63":{"start":{"line":141,"column":23},"end":{"line":145,"column":8}},"64":{"start":{"line":146,"column":6},"end":{"line":146,"column":null}},"65":{"start":{"line":148,"column":6},"end":{"line":148,"column":null}},"66":{"start":{"line":152,"column":2},"end":{"line":164,"column":null}},"67":{"start":{"line":153,"column":27},"end":{"line":153,"column":62}},"68":{"start":{"line":154,"column":4},"end":{"line":156,"column":5}},"69":{"start":{"line":155,"column":6},"end":{"line":155,"column":null}},"70":{"start":{"line":158,"column":4},"end":{"line":163,"column":5}},"71":{"start":{"line":159,"column":23},"end":{"line":159,"column":109}},"72":{"start":{"line":160,"column":6},"end":{"line":160,"column":null}},"73":{"start":{"line":162,"column":6},"end":{"line":162,"column":null}},"74":{"start":{"line":166,"column":2},"end":{"line":188,"column":null}},"75":{"start":{"line":167,"column":27},"end":{"line":167,"column":62}},"76":{"start":{"line":168,"column":4},"end":{"line":170,"column":5}},"77":{"start":{"line":169,"column":6},"end":{"line":169,"column":null}},"78":{"start":{"line":172,"column":23},"end":{"line":172,"column":72}},"79":{"start":{"line":173,"column":4},"end":{"line":175,"column":5}},"80":{"start":{"line":174,"column":6},"end":{"line":174,"column":null}},"81":{"start":{"line":177,"column":4},"end":{"line":187,"column":5}},"82":{"start":{"line":178,"column":23},"end":{"line":183,"column":8}},"83":{"start":{"line":184,"column":6},"end":{"line":184,"column":null}},"84":{"start":{"line":186,"column":6},"end":{"line":186,"column":null}},"85":{"start":{"line":190,"column":2},"end":{"line":216,"column":null}},"86":{"start":{"line":191,"column":27},"end":{"line":191,"column":62}},"87":{"start":{"line":192,"column":4},"end":{"line":194,"column":5}},"88":{"start":{"line":193,"column":6},"end":{"line":193,"column":null}},"89":{"start":{"line":196,"column":24},"end":{"line":196,"column":64}},"90":{"start":{"line":197,"column":4},"end":{"line":199,"column":5}},"91":{"start":{"line":198,"column":6},"end":{"line":198,"column":null}},"92":{"start":{"line":201,"column":4},"end":{"line":215,"column":5}},"93":{"start":{"line":202,"column":23},"end":{"line":208,"column":8}},"94":{"start":{"line":209,"column":6},"end":{"line":212,"column":null}},"95":{"start":{"line":214,"column":6},"end":{"line":214,"column":null}},"96":{"start":{"line":218,"column":2},"end":{"line":230,"column":null}},"97":{"start":{"line":219,"column":27},"end":{"line":219,"column":62}},"98":{"start":{"line":220,"column":4},"end":{"line":222,"column":5}},"99":{"start":{"line":221,"column":6},"end":{"line":221,"column":null}},"100":{"start":{"line":224,"column":4},"end":{"line":229,"column":5}},"101":{"start":{"line":225,"column":23},"end":{"line":225,"column":117}},"102":{"start":{"line":226,"column":6},"end":{"line":226,"column":null}},"103":{"start":{"line":228,"column":6},"end":{"line":228,"column":null}},"104":{"start":{"line":232,"column":2},"end":{"line":246,"column":null}},"105":{"start":{"line":233,"column":27},"end":{"line":233,"column":62}},"106":{"start":{"line":234,"column":4},"end":{"line":236,"column":5}},"107":{"start":{"line":235,"column":6},"end":{"line":235,"column":null}},"108":{"start":{"line":238,"column":4},"end":{"line":245,"column":5}},"109":{"start":{"line":239,"column":22},"end":{"line":241,"column":8}},"110":{"start":{"line":242,"column":6},"end":{"line":242,"column":null}},"111":{"start":{"line":244,"column":6},"end":{"line":244,"column":null}},"112":{"start":{"line":248,"column":2},"end":{"line":276,"column":null}},"113":{"start":{"line":249,"column":27},"end":{"line":249,"column":62}},"114":{"start":{"line":250,"column":4},"end":{"line":252,"column":5}},"115":{"start":{"line":251,"column":6},"end":{"line":251,"column":null}},"116":{"start":{"line":254,"column":23},"end":{"line":254,"column":65}},"117":{"start":{"line":255,"column":4},"end":{"line":257,"column":5}},"118":{"start":{"line":256,"column":6},"end":{"line":256,"column":null}},"119":{"start":{"line":259,"column":24},"end":{"line":259,"column":45}},"120":{"start":{"line":261,"column":4},"end":{"line":275,"column":5}},"121":{"start":{"line":262,"column":6},"end":{"line":266,"column":null}},"122":{"start":{"line":268,"column":22},"end":{"line":270,"column":8}},"123":{"start":{"line":272,"column":6},"end":{"line":272,"column":null}},"124":{"start":{"line":274,"column":6},"end":{"line":274,"column":null}},"125":{"start":{"line":278,"column":2},"end":{"line":293,"column":null}},"126":{"start":{"line":279,"column":27},"end":{"line":279,"column":62}},"127":{"start":{"line":280,"column":4},"end":{"line":282,"column":5}},"128":{"start":{"line":281,"column":6},"end":{"line":281,"column":null}},"129":{"start":{"line":284,"column":4},"end":{"line":292,"column":5}},"130":{"start":{"line":285,"column":6},"end":{"line":288,"column":null}},"131":{"start":{"line":289,"column":6},"end":{"line":289,"column":null}},"132":{"start":{"line":291,"column":6},"end":{"line":291,"column":null}},"133":{"start":{"line":295,"column":2},"end":{"line":326,"column":null}},"134":{"start":{"line":296,"column":27},"end":{"line":296,"column":62}},"135":{"start":{"line":297,"column":4},"end":{"line":299,"column":5}},"136":{"start":{"line":298,"column":6},"end":{"line":298,"column":null}},"137":{"start":{"line":301,"column":23},"end":{"line":301,"column":71}},"138":{"start":{"line":302,"column":4},"end":{"line":304,"column":5}},"139":{"start":{"line":303,"column":6},"end":{"line":303,"column":null}},"140":{"start":{"line":306,"column":4},"end":{"line":325,"column":5}},"141":{"start":{"line":307,"column":6},"end":{"line":311,"column":7}},"142":{"start":{"line":308,"column":8},"end":{"line":310,"column":null}},"143":{"start":{"line":313,"column":23},"end":{"line":321,"column":8}},"144":{"start":{"line":322,"column":6},"end":{"line":322,"column":null}},"145":{"start":{"line":324,"column":6},"end":{"line":324,"column":null}},"146":{"start":{"line":328,"column":2},"end":{"line":349,"column":null}},"147":{"start":{"line":329,"column":21},"end":{"line":329,"column":56}},"148":{"start":{"line":330,"column":4},"end":{"line":332,"column":5}},"149":{"start":{"line":331,"column":6},"end":{"line":331,"column":null}},"150":{"start":{"line":334,"column":23},"end":{"line":334,"column":56}},"151":{"start":{"line":335,"column":4},"end":{"line":337,"column":5}},"152":{"start":{"line":336,"column":6},"end":{"line":336,"column":null}},"153":{"start":{"line":339,"column":4},"end":{"line":348,"column":5}},"154":{"start":{"line":340,"column":22},"end":{"line":344,"column":8}},"155":{"start":{"line":345,"column":6},"end":{"line":345,"column":null}},"156":{"start":{"line":347,"column":6},"end":{"line":347,"column":null}},"157":{"start":{"line":351,"column":2},"end":{"line":378,"column":null}},"158":{"start":{"line":355,"column":23},"end":{"line":355,"column":64}},"159":{"start":{"line":356,"column":24},"end":{"line":356,"column":66}},"160":{"start":{"line":357,"column":6},"end":{"line":359,"column":7}},"161":{"start":{"line":358,"column":8},"end":{"line":358,"column":null}},"162":{"start":{"line":361,"column":25},"end":{"line":361,"column":56}},"163":{"start":{"line":362,"column":6},"end":{"line":364,"column":7}},"164":{"start":{"line":363,"column":8},"end":{"line":363,"column":null}},"165":{"start":{"line":366,"column":6},"end":{"line":376,"column":7}},"166":{"start":{"line":367,"column":22},"end":{"line":372,"column":10}},"167":{"start":{"line":373,"column":8},"end":{"line":373,"column":null}},"168":{"start":{"line":375,"column":8},"end":{"line":375,"column":null}},"169":{"start":{"line":382,"column":2},"end":{"line":382,"column":null}}},"fnMap":{"0":{"name":"createAcademyRouter","decl":{"start":{"line":70,"column":16},"end":{"line":70,"column":35}},"loc":{"start":{"line":70,"column":57},"end":{"line":383,"column":1}}},"1":{"name":"(anonymous_1)","decl":{"start":{"line":74,"column":36},"end":{"line":74,"column":41}},"loc":{"start":{"line":74,"column":94},"end":{"line":86,"column":3}}},"2":{"name":"(anonymous_2)","decl":{"start":{"line":88,"column":45},"end":{"line":88,"column":50}},"loc":{"start":{"line":88,"column":103},"end":{"line":100,"column":3}}},"3":{"name":"(anonymous_3)","decl":{"start":{"line":102,"column":48},"end":{"line":102,"column":53}},"loc":{"start":{"line":102,"column":106},"end":{"line":115,"column":3}}},"4":{"name":"(anonymous_4)","decl":{"start":{"line":110,"column":38},"end":{"line":110,"column":39}},"loc":{"start":{"line":110,"column":48},"end":{"line":110,"column":67}}},"5":{"name":"(anonymous_5)","decl":{"start":{"line":117,"column":45},"end":{"line":117,"column":50}},"loc":{"start":{"line":117,"column":103},"end":{"line":132,"column":3}}},"6":{"name":"(anonymous_6)","decl":{"start":{"line":134,"column":38},"end":{"line":134,"column":43}},"loc":{"start":{"line":134,"column":96},"end":{"line":150,"column":3}}},"7":{"name":"(anonymous_7)","decl":{"start":{"line":152,"column":49},"end":{"line":152,"column":54}},"loc":{"start":{"line":152,"column":107},"end":{"line":164,"column":3}}},"8":{"name":"(anonymous_8)","decl":{"start":{"line":166,"column":51},"end":{"line":166,"column":56}},"loc":{"start":{"line":166,"column":109},"end":{"line":188,"column":3}}},"9":{"name":"(anonymous_9)","decl":{"start":{"line":190,"column":49},"end":{"line":190,"column":54}},"loc":{"start":{"line":190,"column":107},"end":{"line":216,"column":3}}},"10":{"name":"(anonymous_10)","decl":{"start":{"line":218,"column":49},"end":{"line":218,"column":54}},"loc":{"start":{"line":218,"column":107},"end":{"line":230,"column":3}}},"11":{"name":"(anonymous_11)","decl":{"start":{"line":232,"column":47},"end":{"line":232,"column":52}},"loc":{"start":{"line":232,"column":105},"end":{"line":246,"column":3}}},"12":{"name":"(anonymous_12)","decl":{"start":{"line":248,"column":48},"end":{"line":248,"column":53}},"loc":{"start":{"line":248,"column":106},"end":{"line":276,"column":3}}},"13":{"name":"(anonymous_13)","decl":{"start":{"line":278,"column":50},"end":{"line":278,"column":55}},"loc":{"start":{"line":278,"column":108},"end":{"line":293,"column":3}}},"14":{"name":"(anonymous_14)","decl":{"start":{"line":295,"column":55},"end":{"line":295,"column":60}},"loc":{"start":{"line":295,"column":113},"end":{"line":326,"column":3}}},"15":{"name":"(anonymous_15)","decl":{"start":{"line":328,"column":50},"end":{"line":328,"column":55}},"loc":{"start":{"line":328,"column":108},"end":{"line":349,"column":3}}},"16":{"name":"(anonymous_16)","decl":{"start":{"line":354,"column":4},"end":{"line":354,"column":9}},"loc":{"start":{"line":354,"column":62},"end":{"line":377,"column":5}}}},"branchMap":{"0":{"loc":{"start":{"line":76,"column":4},"end":{"line":78,"column":5}},"type":"if","locations":[{"start":{"line":76,"column":4},"end":{"line":78,"column":5}}]},"1":{"loc":{"start":{"line":90,"column":4},"end":{"line":92,"column":5}},"type":"if","locations":[{"start":{"line":90,"column":4},"end":{"line":92,"column":5}}]},"2":{"loc":{"start":{"line":95,"column":71},"end":{"line":95,"column":93}},"type":"binary-expr","locations":[{"start":{"line":95,"column":71},"end":{"line":95,"column":88}},{"start":{"line":95,"column":92},"end":{"line":95,"column":93}}]},"3":{"loc":{"start":{"line":96,"column":56},"end":{"line":96,"column":78}},"type":"binary-expr","locations":[{"start":{"line":96,"column":56},"end":{"line":96,"column":73}},{"start":{"line":96,"column":77},"end":{"line":96,"column":78}}]},"4":{"loc":{"start":{"line":104,"column":4},"end":{"line":106,"column":5}},"type":"if","locations":[{"start":{"line":104,"column":4},"end":{"line":106,"column":5}}]},"5":{"loc":{"start":{"line":109,"column":96},"end":{"line":109,"column":118}},"type":"binary-expr","locations":[{"start":{"line":109,"column":96},"end":{"line":109,"column":113}},{"start":{"line":109,"column":117},"end":{"line":109,"column":118}}]},"6":{"loc":{"start":{"line":111,"column":56},"end":{"line":111,"column":78}},"type":"binary-expr","locations":[{"start":{"line":111,"column":56},"end":{"line":111,"column":73}},{"start":{"line":111,"column":77},"end":{"line":111,"column":78}}]},"7":{"loc":{"start":{"line":119,"column":4},"end":{"line":121,"column":5}},"type":"if","locations":[{"start":{"line":119,"column":4},"end":{"line":121,"column":5}}]},"8":{"loc":{"start":{"line":125,"column":6},"end":{"line":127,"column":7}},"type":"if","locations":[{"start":{"line":125,"column":6},"end":{"line":127,"column":7}}]},"9":{"loc":{"start":{"line":136,"column":4},"end":{"line":138,"column":5}},"type":"if","locations":[{"start":{"line":136,"column":4},"end":{"line":138,"column":5}}]},"10":{"loc":{"start":{"line":154,"column":4},"end":{"line":156,"column":5}},"type":"if","locations":[{"start":{"line":154,"column":4},"end":{"line":156,"column":5}}]},"11":{"loc":{"start":{"line":168,"column":4},"end":{"line":170,"column":5}},"type":"if","locations":[{"start":{"line":168,"column":4},"end":{"line":170,"column":5}}]},"12":{"loc":{"start":{"line":173,"column":4},"end":{"line":175,"column":5}},"type":"if","locations":[{"start":{"line":173,"column":4},"end":{"line":175,"column":5}}]},"13":{"loc":{"start":{"line":181,"column":28},"end":{"line":181,"column":68}},"type":"binary-expr","locations":[{"start":{"line":181,"column":28},"end":{"line":181,"column":62}},{"start":{"line":181,"column":66},"end":{"line":181,"column":68}}]},"14":{"loc":{"start":{"line":182,"column":22},"end":{"line":182,"column":58}},"type":"binary-expr","locations":[{"start":{"line":182,"column":22},"end":{"line":182,"column":50}},{"start":{"line":182,"column":54},"end":{"line":182,"column":58}}]},"15":{"loc":{"start":{"line":192,"column":4},"end":{"line":194,"column":5}},"type":"if","locations":[{"start":{"line":192,"column":4},"end":{"line":194,"column":5}}]},"16":{"loc":{"start":{"line":197,"column":4},"end":{"line":199,"column":5}},"type":"if","locations":[{"start":{"line":197,"column":4},"end":{"line":199,"column":5}}]},"17":{"loc":{"start":{"line":220,"column":4},"end":{"line":222,"column":5}},"type":"if","locations":[{"start":{"line":220,"column":4},"end":{"line":222,"column":5}}]},"18":{"loc":{"start":{"line":234,"column":4},"end":{"line":236,"column":5}},"type":"if","locations":[{"start":{"line":234,"column":4},"end":{"line":236,"column":5}}]},"19":{"loc":{"start":{"line":250,"column":4},"end":{"line":252,"column":5}},"type":"if","locations":[{"start":{"line":250,"column":4},"end":{"line":252,"column":5}}]},"20":{"loc":{"start":{"line":255,"column":4},"end":{"line":257,"column":5}},"type":"if","locations":[{"start":{"line":255,"column":4},"end":{"line":257,"column":5}}]},"21":{"loc":{"start":{"line":280,"column":4},"end":{"line":282,"column":5}},"type":"if","locations":[{"start":{"line":280,"column":4},"end":{"line":282,"column":5}}]},"22":{"loc":{"start":{"line":297,"column":4},"end":{"line":299,"column":5}},"type":"if","locations":[{"start":{"line":297,"column":4},"end":{"line":299,"column":5}}]},"23":{"loc":{"start":{"line":302,"column":4},"end":{"line":304,"column":5}},"type":"if","locations":[{"start":{"line":302,"column":4},"end":{"line":304,"column":5}}]},"24":{"loc":{"start":{"line":307,"column":6},"end":{"line":311,"column":7}},"type":"if","locations":[{"start":{"line":307,"column":6},"end":{"line":311,"column":7}}]},"25":{"loc":{"start":{"line":330,"column":4},"end":{"line":332,"column":5}},"type":"if","locations":[{"start":{"line":330,"column":4},"end":{"line":332,"column":5}}]},"26":{"loc":{"start":{"line":335,"column":4},"end":{"line":337,"column":5}},"type":"if","locations":[{"start":{"line":335,"column":4},"end":{"line":337,"column":5}}]},"27":{"loc":{"start":{"line":357,"column":6},"end":{"line":359,"column":7}},"type":"if","locations":[{"start":{"line":357,"column":6},"end":{"line":359,"column":7}}]},"28":{"loc":{"start":{"line":357,"column":10},"end":{"line":357,"column":49}},"type":"binary-expr","locations":[{"start":{"line":357,"column":10},"end":{"line":357,"column":27}},{"start":{"line":357,"column":31},"end":{"line":357,"column":49}}]},"29":{"loc":{"start":{"line":362,"column":6},"end":{"line":364,"column":7}},"type":"if","locations":[{"start":{"line":362,"column":6},"end":{"line":364,"column":7}}]}},"s":{"0":10,"1":10,"2":10,"3":10,"4":10,"5":10,"6":10,"7":10,"8":10,"9":10,"10":10,"11":10,"12":10,"13":10,"14":10,"15":10,"16":10,"17":10,"18":10,"19":10,"20":81,"21":81,"22":81,"23":1,"24":1,"25":0,"26":1,"27":1,"28":1,"29":0,"30":81,"31":1,"32":1,"33":0,"34":1,"35":1,"36":1,"37":0,"38":81,"39":1,"40":1,"41":0,"42":1,"43":1,"44":1,"45":1,"46":1,"47":0,"48":81,"49":0,"50":0,"51":0,"52":0,"53":0,"54":0,"55":0,"56":0,"57":0,"58":81,"59":2,"60":2,"61":1,"62":1,"63":1,"64":1,"65":0,"66":81,"67":1,"68":1,"69":0,"70":1,"71":1,"72":1,"73":0,"74":81,"75":2,"76":2,"77":0,"78":2,"79":2,"80":1,"81":1,"82":1,"83":1,"84":0,"85":81,"86":3,"87":3,"88":0,"89":3,"90":3,"91":1,"92":2,"93":2,"94":2,"95":0,"96":81,"97":3,"98":3,"99":1,"100":2,"101":2,"102":2,"103":0,"104":81,"105":3,"106":3,"107":1,"108":2,"109":2,"110":2,"111":0,"112":81,"113":5,"114":5,"115":0,"116":5,"117":5,"118":2,"119":3,"120":3,"121":3,"122":2,"123":2,"124":1,"125":81,"126":2,"127":2,"128":0,"129":2,"130":2,"131":2,"132":0,"133":81,"134":5,"135":5,"136":0,"137":5,"138":5,"139":1,"140":4,"141":4,"142":1,"143":3,"144":2,"145":1,"146":81,"147":3,"148":3,"149":0,"150":3,"151":3,"152":1,"153":2,"154":2,"155":2,"156":0,"157":81,"158":2,"159":2,"160":2,"161":1,"162":1,"163":1,"164":0,"165":1,"166":1,"167":1,"168":0,"169":81},"f":{"0":81,"1":1,"2":1,"3":1,"4":1,"5":0,"6":2,"7":1,"8":2,"9":3,"10":3,"11":3,"12":5,"13":2,"14":5,"15":3,"16":2},"b":{"0":[0],"1":[0],"2":[1,0],"3":[1,0],"4":[0],"5":[1,1],"6":[1,1],"7":[0],"8":[0],"9":[1],"10":[0],"11":[0],"12":[1],"13":[1,0],"14":[1,0],"15":[0],"16":[1],"17":[1],"18":[1],"19":[0],"20":[2],"21":[0],"22":[0],"23":[1],"24":[1],"25":[0],"26":[1],"27":[1],"28":[2,2],"29":[0]}}
,"/home/bushido/siderhub_2/src/backend/api/admin/index.ts": {"path":"/home/bushido/siderhub_2/src/backend/api/admin/index.ts","statementMap":{"0":{"start":{"line":93,"column":0},"end":{"line":93,"column":16}},"1":{"start":{"line":1,"column":0},"end":{"line":1,"column":80}},"2":{"start":{"line":2,"column":0},"end":{"line":2,"column":23}},"3":{"start":{"line":3,"column":0},"end":{"line":3,"column":61}},"4":{"start":{"line":4,"column":0},"end":{"line":4,"column":60}},"5":{"start":{"line":5,"column":0},"end":{"line":5,"column":54}},"6":{"start":{"line":7,"column":0},"end":{"line":7,"column":71}},"7":{"start":{"line":8,"column":0},"end":{"line":8,"column":89}},"8":{"start":{"line":12,"column":27},"end":{"line":14,"column":2}},"9":{"start":{"line":16,"column":27},"end":{"line":18,"column":2}},"10":{"start":{"line":20,"column":27},"end":{"line":23,"column":2}},"11":{"start":{"line":25,"column":29},"end":{"line":31,"column":2}},"12":{"start":{"line":33,"column":29},"end":{"line":36,"column":2}},"13":{"start":{"line":38,"column":30},"end":{"line":42,"column":2}},"14":{"start":{"line":44,"column":31},"end":{"line":51,"column":2}},"15":{"start":{"line":53,"column":34},"end":{"line":57,"column":2}},"16":{"start":{"line":59,"column":28},"end":{"line":61,"column":2}},"17":{"start":{"line":63,"column":26},"end":{"line":66,"column":2}},"18":{"start":{"line":72,"column":2},"end":{"line":90,"column":null}},"19":{"start":{"line":94,"column":17},"end":{"line":94,"column":25}},"20":{"start":{"line":95,"column":20},"end":{"line":95,"column":58}},"21":{"start":{"line":96,"column":20},"end":{"line":96,"column":79}},"22":{"start":{"line":97,"column":24},"end":{"line":97,"column":100}},"23":{"start":{"line":100,"column":29},"end":{"line":107,"column":16}},"24":{"start":{"line":109,"column":2},"end":{"line":126,"column":null}},"25":{"start":{"line":110,"column":19},"end":{"line":110,"column":58}},"26":{"start":{"line":111,"column":4},"end":{"line":113,"column":5}},"27":{"start":{"line":112,"column":6},"end":{"line":112,"column":null}},"28":{"start":{"line":115,"column":4},"end":{"line":125,"column":5}},"29":{"start":{"line":116,"column":44},"end":{"line":119,"column":8}},"30":{"start":{"line":120,"column":6},"end":{"line":122,"column":null}},"31":{"start":{"line":124,"column":6},"end":{"line":124,"column":null}},"32":{"start":{"line":128,"column":2},"end":{"line":135,"column":null}},"33":{"start":{"line":129,"column":4},"end":{"line":134,"column":5}},"34":{"start":{"line":130,"column":23},"end":{"line":130,"column":73}},"35":{"start":{"line":131,"column":6},"end":{"line":131,"column":null}},"36":{"start":{"line":133,"column":6},"end":{"line":133,"column":null}},"37":{"start":{"line":140,"column":2},"end":{"line":147,"column":null}},"38":{"start":{"line":141,"column":4},"end":{"line":146,"column":5}},"39":{"start":{"line":142,"column":19},"end":{"line":142,"column":60}},"40":{"start":{"line":143,"column":6},"end":{"line":143,"column":null}},"41":{"start":{"line":145,"column":6},"end":{"line":145,"column":null}},"42":{"start":{"line":149,"column":2},"end":{"line":165,"column":null}},"43":{"start":{"line":150,"column":19},"end":{"line":150,"column":57}},"44":{"start":{"line":151,"column":4},"end":{"line":153,"column":5}},"45":{"start":{"line":152,"column":6},"end":{"line":152,"column":null}},"46":{"start":{"line":155,"column":4},"end":{"line":164,"column":5}},"47":{"start":{"line":156,"column":19},"end":{"line":160,"column":8}},"48":{"start":{"line":161,"column":6},"end":{"line":161,"column":null}},"49":{"start":{"line":163,"column":6},"end":{"line":163,"column":null}},"50":{"start":{"line":167,"column":2},"end":{"line":184,"column":null}},"51":{"start":{"line":168,"column":15},"end":{"line":168,"column":57}},"52":{"start":{"line":169,"column":19},"end":{"line":169,"column":57}},"53":{"start":{"line":170,"column":4},"end":{"line":173,"column":5}},"54":{"start":{"line":171,"column":22},"end":{"line":171,"column":73}},"55":{"start":{"line":172,"column":6},"end":{"line":172,"column":null}},"56":{"start":{"line":175,"column":4},"end":{"line":183,"column":5}},"57":{"start":{"line":176,"column":19},"end":{"line":179,"column":8}},"58":{"start":{"line":180,"column":6},"end":{"line":180,"column":null}},"59":{"start":{"line":182,"column":6},"end":{"line":182,"column":null}},"60":{"start":{"line":186,"column":2},"end":{"line":198,"column":null}},"61":{"start":{"line":187,"column":15},"end":{"line":187,"column":57}},"62":{"start":{"line":188,"column":4},"end":{"line":190,"column":5}},"63":{"start":{"line":189,"column":6},"end":{"line":189,"column":null}},"64":{"start":{"line":192,"column":4},"end":{"line":197,"column":5}},"65":{"start":{"line":193,"column":19},"end":{"line":193,"column":68}},"66":{"start":{"line":194,"column":6},"end":{"line":194,"column":null}},"67":{"start":{"line":196,"column":6},"end":{"line":196,"column":null}},"68":{"start":{"line":201,"column":2},"end":{"line":227,"column":null}},"69":{"start":{"line":206,"column":21},"end":{"line":206,"column":67}},"70":{"start":{"line":207,"column":6},"end":{"line":209,"column":7}},"71":{"start":{"line":208,"column":8},"end":{"line":208,"column":null}},"72":{"start":{"line":211,"column":6},"end":{"line":225,"column":7}},"73":{"start":{"line":212,"column":47},"end":{"line":216,"column":10}},"74":{"start":{"line":218,"column":8},"end":{"line":222,"column":null}},"75":{"start":{"line":224,"column":8},"end":{"line":224,"column":null}},"76":{"start":{"line":230,"column":2},"end":{"line":237,"column":null}},"77":{"start":{"line":231,"column":4},"end":{"line":236,"column":5}},"78":{"start":{"line":232,"column":19},"end":{"line":232,"column":66}},"79":{"start":{"line":233,"column":6},"end":{"line":233,"column":null}},"80":{"start":{"line":235,"column":6},"end":{"line":235,"column":null}},"81":{"start":{"line":239,"column":2},"end":{"line":253,"column":null}},"82":{"start":{"line":240,"column":15},"end":{"line":240,"column":57}},"83":{"start":{"line":241,"column":19},"end":{"line":241,"column":57}},"84":{"start":{"line":242,"column":4},"end":{"line":245,"column":5}},"85":{"start":{"line":243,"column":22},"end":{"line":243,"column":73}},"86":{"start":{"line":244,"column":6},"end":{"line":244,"column":null}},"87":{"start":{"line":247,"column":4},"end":{"line":252,"column":5}},"88":{"start":{"line":248,"column":19},"end":{"line":248,"column":126}},"89":{"start":{"line":249,"column":6},"end":{"line":249,"column":null}},"90":{"start":{"line":251,"column":6},"end":{"line":251,"column":null}},"91":{"start":{"line":256,"column":2},"end":{"line":274,"column":null}},"92":{"start":{"line":257,"column":19},"end":{"line":257,"column":59}},"93":{"start":{"line":258,"column":4},"end":{"line":260,"column":5}},"94":{"start":{"line":259,"column":6},"end":{"line":259,"column":null}},"95":{"start":{"line":262,"column":4},"end":{"line":273,"column":5}},"96":{"start":{"line":263,"column":19},"end":{"line":268,"column":null}},"97":{"start":{"line":270,"column":6},"end":{"line":270,"column":null}},"98":{"start":{"line":272,"column":6},"end":{"line":272,"column":null}},"99":{"start":{"line":276,"column":2},"end":{"line":288,"column":null}},"100":{"start":{"line":277,"column":19},"end":{"line":277,"column":59}},"101":{"start":{"line":278,"column":4},"end":{"line":280,"column":5}},"102":{"start":{"line":279,"column":6},"end":{"line":279,"column":null}},"103":{"start":{"line":282,"column":4},"end":{"line":287,"column":5}},"104":{"start":{"line":283,"column":19},"end":{"line":283,"column":108}},"105":{"start":{"line":284,"column":6},"end":{"line":284,"column":null}},"106":{"start":{"line":286,"column":6},"end":{"line":286,"column":null}},"107":{"start":{"line":291,"column":2},"end":{"line":303,"column":null}},"108":{"start":{"line":292,"column":19},"end":{"line":292,"column":61}},"109":{"start":{"line":293,"column":4},"end":{"line":295,"column":5}},"110":{"start":{"line":294,"column":6},"end":{"line":294,"column":null}},"111":{"start":{"line":297,"column":4},"end":{"line":302,"column":5}},"112":{"start":{"line":298,"column":26},"end":{"line":298,"column":82}},"113":{"start":{"line":299,"column":6},"end":{"line":299,"column":null}},"114":{"start":{"line":301,"column":6},"end":{"line":301,"column":null}},"115":{"start":{"line":306,"column":2},"end":{"line":331,"column":null}},"116":{"start":{"line":311,"column":21},"end":{"line":311,"column":62}},"117":{"start":{"line":312,"column":6},"end":{"line":314,"column":7}},"118":{"start":{"line":313,"column":8},"end":{"line":313,"column":null}},"119":{"start":{"line":316,"column":6},"end":{"line":329,"column":7}},"120":{"start":{"line":317,"column":28},"end":{"line":317,"column":44}},"121":{"start":{"line":318,"column":24},"end":{"line":321,"column":10}},"122":{"start":{"line":322,"column":21},"end":{"line":322,"column":46}},"123":{"start":{"line":323,"column":8},"end":{"line":326,"column":null}},"124":{"start":{"line":328,"column":8},"end":{"line":328,"column":null}},"125":{"start":{"line":333,"column":2},"end":{"line":358,"column":null}},"126":{"start":{"line":338,"column":21},"end":{"line":338,"column":62}},"127":{"start":{"line":339,"column":6},"end":{"line":341,"column":7}},"128":{"start":{"line":340,"column":8},"end":{"line":340,"column":null}},"129":{"start":{"line":343,"column":6},"end":{"line":356,"column":7}},"130":{"start":{"line":344,"column":28},"end":{"line":344,"column":44}},"131":{"start":{"line":345,"column":24},"end":{"line":348,"column":10}},"132":{"start":{"line":349,"column":21},"end":{"line":349,"column":46}},"133":{"start":{"line":350,"column":8},"end":{"line":353,"column":null}},"134":{"start":{"line":355,"column":8},"end":{"line":355,"column":null}},"135":{"start":{"line":361,"column":2},"end":{"line":387,"column":null}},"136":{"start":{"line":366,"column":21},"end":{"line":366,"column":60}},"137":{"start":{"line":367,"column":6},"end":{"line":369,"column":7}},"138":{"start":{"line":368,"column":8},"end":{"line":368,"column":null}},"139":{"start":{"line":371,"column":6},"end":{"line":385,"column":7}},"140":{"start":{"line":372,"column":28},"end":{"line":372,"column":44}},"141":{"start":{"line":373,"column":24},"end":{"line":377,"column":10}},"142":{"start":{"line":378,"column":8},"end":{"line":382,"column":null}},"143":{"start":{"line":384,"column":8},"end":{"line":384,"column":null}},"144":{"start":{"line":389,"column":2},"end":{"line":415,"column":null}},"145":{"start":{"line":394,"column":21},"end":{"line":394,"column":60}},"146":{"start":{"line":395,"column":6},"end":{"line":397,"column":7}},"147":{"start":{"line":396,"column":8},"end":{"line":396,"column":null}},"148":{"start":{"line":399,"column":6},"end":{"line":413,"column":7}},"149":{"start":{"line":400,"column":28},"end":{"line":400,"column":44}},"150":{"start":{"line":401,"column":24},"end":{"line":405,"column":10}},"151":{"start":{"line":406,"column":8},"end":{"line":410,"column":null}},"152":{"start":{"line":412,"column":8},"end":{"line":412,"column":null}},"153":{"start":{"line":417,"column":2},"end":{"line":437,"column":null}},"154":{"start":{"line":418,"column":19},"end":{"line":418,"column":61}},"155":{"start":{"line":419,"column":4},"end":{"line":421,"column":5}},"156":{"start":{"line":420,"column":6},"end":{"line":420,"column":null}},"157":{"start":{"line":423,"column":4},"end":{"line":436,"column":5}},"158":{"start":{"line":424,"column":25},"end":{"line":432,"column":8}},"159":{"start":{"line":433,"column":6},"end":{"line":433,"column":null}},"160":{"start":{"line":435,"column":6},"end":{"line":435,"column":null}},"161":{"start":{"line":439,"column":2},"end":{"line":439,"column":null}}},"fnMap":{"0":{"name":"toModerationItem","decl":{"start":{"line":68,"column":9},"end":{"line":68,"column":25}},"loc":{"start":{"line":70,"column":106},"end":{"line":91,"column":1}}},"1":{"name":"createAdminRouter","decl":{"start":{"line":93,"column":16},"end":{"line":93,"column":33}},"loc":{"start":{"line":93,"column":55},"end":{"line":440,"column":1}}},"2":{"name":"(anonymous_2)","decl":{"start":{"line":109,"column":47},"end":{"line":109,"column":52}},"loc":{"start":{"line":109,"column":105},"end":{"line":126,"column":3}}},"3":{"name":"(anonymous_3)","decl":{"start":{"line":128,"column":49},"end":{"line":128,"column":54}},"loc":{"start":{"line":128,"column":108},"end":{"line":135,"column":3}}},"4":{"name":"(anonymous_4)","decl":{"start":{"line":140,"column":47},"end":{"line":140,"column":52}},"loc":{"start":{"line":140,"column":106},"end":{"line":147,"column":3}}},"5":{"name":"(anonymous_5)","decl":{"start":{"line":149,"column":48},"end":{"line":149,"column":53}},"loc":{"start":{"line":149,"column":106},"end":{"line":165,"column":3}}},"6":{"name":"(anonymous_6)","decl":{"start":{"line":167,"column":51},"end":{"line":167,"column":56}},"loc":{"start":{"line":167,"column":109},"end":{"line":184,"column":3}}},"7":{"name":"(anonymous_7)","decl":{"start":{"line":186,"column":54},"end":{"line":186,"column":59}},"loc":{"start":{"line":186,"column":112},"end":{"line":198,"column":3}}},"8":{"name":"(anonymous_8)","decl":{"start":{"line":205,"column":4},"end":{"line":205,"column":9}},"loc":{"start":{"line":205,"column":62},"end":{"line":226,"column":5}}},"9":{"name":"(anonymous_9)","decl":{"start":{"line":230,"column":55},"end":{"line":230,"column":60}},"loc":{"start":{"line":230,"column":114},"end":{"line":237,"column":3}}},"10":{"name":"(anonymous_10)","decl":{"start":{"line":239,"column":59},"end":{"line":239,"column":64}},"loc":{"start":{"line":239,"column":117},"end":{"line":253,"column":3}}},"11":{"name":"(anonymous_11)","decl":{"start":{"line":256,"column":57},"end":{"line":256,"column":62}},"loc":{"start":{"line":256,"column":115},"end":{"line":274,"column":3}}},"12":{"name":"(anonymous_12)","decl":{"start":{"line":276,"column":59},"end":{"line":276,"column":64}},"loc":{"start":{"line":276,"column":117},"end":{"line":288,"column":3}}},"13":{"name":"(anonymous_13)","decl":{"start":{"line":291,"column":51},"end":{"line":291,"column":56}},"loc":{"start":{"line":291,"column":109},"end":{"line":303,"column":3}}},"14":{"name":"(anonymous_14)","decl":{"start":{"line":310,"column":4},"end":{"line":310,"column":9}},"loc":{"start":{"line":310,"column":62},"end":{"line":330,"column":5}}},"15":{"name":"(anonymous_15)","decl":{"start":{"line":337,"column":4},"end":{"line":337,"column":9}},"loc":{"start":{"line":337,"column":62},"end":{"line":357,"column":5}}},"16":{"name":"(anonymous_16)","decl":{"start":{"line":365,"column":4},"end":{"line":365,"column":9}},"loc":{"start":{"line":365,"column":62},"end":{"line":386,"column":5}}},"17":{"name":"(anonymous_17)","decl":{"start":{"line":393,"column":4},"end":{"line":393,"column":9}},"loc":{"start":{"line":393,"column":62},"end":{"line":414,"column":5}}},"18":{"name":"(anonymous_18)","decl":{"start":{"line":417,"column":52},"end":{"line":417,"column":57}},"loc":{"start":{"line":417,"column":110},"end":{"line":437,"column":3}}}},"branchMap":{"0":{"loc":{"start":{"line":70,"column":2},"end":{"line":70,"column":106}},"type":"default-arg","locations":[{"start":{"line":70,"column":104},"end":{"line":70,"column":106}}]},"1":{"loc":{"start":{"line":77,"column":14},"end":{"line":77,"column":71}},"type":"binary-expr","locations":[{"start":{"line":77,"column":14},"end":{"line":77,"column":29}},{"start":{"line":77,"column":33},"end":{"line":77,"column":71}}]},"2":{"loc":{"start":{"line":78,"column":17},"end":{"line":78,"column":41}},"type":"binary-expr","locations":[{"start":{"line":78,"column":17},"end":{"line":78,"column":35}},{"start":{"line":78,"column":39},"end":{"line":78,"column":41}}]},"3":{"loc":{"start":{"line":79,"column":17},"end":{"line":79,"column":41}},"type":"binary-expr","locations":[{"start":{"line":79,"column":17},"end":{"line":79,"column":35}},{"start":{"line":79,"column":39},"end":{"line":79,"column":41}}]},"4":{"loc":{"start":{"line":81,"column":21},"end":{"line":81,"column":49}},"type":"binary-expr","locations":[{"start":{"line":81,"column":21},"end":{"line":81,"column":43}},{"start":{"line":81,"column":47},"end":{"line":81,"column":49}}]},"5":{"loc":{"start":{"line":111,"column":4},"end":{"line":113,"column":5}},"type":"if","locations":[{"start":{"line":111,"column":4},"end":{"line":113,"column":5}}]},"6":{"loc":{"start":{"line":151,"column":4},"end":{"line":153,"column":5}},"type":"if","locations":[{"start":{"line":151,"column":4},"end":{"line":153,"column":5}}]},"7":{"loc":{"start":{"line":158,"column":15},"end":{"line":158,"column":37}},"type":"binary-expr","locations":[{"start":{"line":158,"column":15},"end":{"line":158,"column":32}},{"start":{"line":158,"column":36},"end":{"line":158,"column":37}}]},"8":{"loc":{"start":{"line":170,"column":4},"end":{"line":173,"column":5}},"type":"if","locations":[{"start":{"line":170,"column":4},"end":{"line":173,"column":5}}]},"9":{"loc":{"start":{"line":170,"column":8},"end":{"line":170,"column":38}},"type":"binary-expr","locations":[{"start":{"line":170,"column":8},"end":{"line":170,"column":19}},{"start":{"line":170,"column":23},"end":{"line":170,"column":38}}]},"10":{"loc":{"start":{"line":171,"column":22},"end":{"line":171,"column":73}},"type":"cond-expr","locations":[{"start":{"line":171,"column":39},"end":{"line":171,"column":48}},{"start":{"line":171,"column":51},"end":{"line":171,"column":73}}]},"11":{"loc":{"start":{"line":188,"column":4},"end":{"line":190,"column":5}},"type":"if","locations":[{"start":{"line":188,"column":4},"end":{"line":190,"column":5}}]},"12":{"loc":{"start":{"line":207,"column":6},"end":{"line":209,"column":7}},"type":"if","locations":[{"start":{"line":207,"column":6},"end":{"line":209,"column":7}}]},"13":{"loc":{"start":{"line":242,"column":4},"end":{"line":245,"column":5}},"type":"if","locations":[{"start":{"line":242,"column":4},"end":{"line":245,"column":5}}]},"14":{"loc":{"start":{"line":242,"column":8},"end":{"line":242,"column":38}},"type":"binary-expr","locations":[{"start":{"line":242,"column":8},"end":{"line":242,"column":19}},{"start":{"line":242,"column":23},"end":{"line":242,"column":38}}]},"15":{"loc":{"start":{"line":243,"column":22},"end":{"line":243,"column":73}},"type":"cond-expr","locations":[{"start":{"line":243,"column":39},"end":{"line":243,"column":48}},{"start":{"line":243,"column":51},"end":{"line":243,"column":73}}]},"16":{"loc":{"start":{"line":258,"column":4},"end":{"line":260,"column":5}},"type":"if","locations":[{"start":{"line":258,"column":4},"end":{"line":260,"column":5}}]},"17":{"loc":{"start":{"line":278,"column":4},"end":{"line":280,"column":5}},"type":"if","locations":[{"start":{"line":278,"column":4},"end":{"line":280,"column":5}}]},"18":{"loc":{"start":{"line":293,"column":4},"end":{"line":295,"column":5}},"type":"if","locations":[{"start":{"line":293,"column":4},"end":{"line":295,"column":5}}]},"19":{"loc":{"start":{"line":312,"column":6},"end":{"line":314,"column":7}},"type":"if","locations":[{"start":{"line":312,"column":6},"end":{"line":314,"column":7}}]},"20":{"loc":{"start":{"line":339,"column":6},"end":{"line":341,"column":7}},"type":"if","locations":[{"start":{"line":339,"column":6},"end":{"line":341,"column":7}}]},"21":{"loc":{"start":{"line":367,"column":6},"end":{"line":369,"column":7}},"type":"if","locations":[{"start":{"line":367,"column":6},"end":{"line":369,"column":7}}]},"22":{"loc":{"start":{"line":395,"column":6},"end":{"line":397,"column":7}},"type":"if","locations":[{"start":{"line":395,"column":6},"end":{"line":397,"column":7}}]},"23":{"loc":{"start":{"line":419,"column":4},"end":{"line":421,"column":5}},"type":"if","locations":[{"start":{"line":419,"column":4},"end":{"line":421,"column":5}}]},"24":{"loc":{"start":{"line":430,"column":20},"end":{"line":430,"column":50}},"type":"binary-expr","locations":[{"start":{"line":430,"column":20},"end":{"line":430,"column":42}},{"start":{"line":430,"column":46},"end":{"line":430,"column":50}}]}},"s":{"0":10,"1":10,"2":10,"3":10,"4":10,"5":10,"6":10,"7":10,"8":10,"9":10,"10":10,"11":10,"12":10,"13":10,"14":10,"15":10,"16":10,"17":10,"18":1,"19":81,"20":81,"21":81,"22":81,"23":81,"24":81,"25":4,"26":4,"27":1,"28":3,"29":3,"30":3,"31":0,"32":81,"33":1,"34":1,"35":1,"36":0,"37":81,"38":2,"39":2,"40":2,"41":0,"42":81,"43":1,"44":1,"45":0,"46":1,"47":1,"48":1,"49":0,"50":81,"51":0,"52":0,"53":0,"54":0,"55":0,"56":0,"57":0,"58":0,"59":0,"60":81,"61":0,"62":0,"63":0,"64":0,"65":0,"66":0,"67":0,"68":81,"69":2,"70":2,"71":0,"72":2,"73":2,"74":2,"75":0,"76":81,"77":0,"78":0,"79":0,"80":0,"81":81,"82":1,"83":1,"84":1,"85":0,"86":0,"87":1,"88":1,"89":1,"90":0,"91":81,"92":0,"93":0,"94":0,"95":0,"96":0,"97":0,"98":0,"99":81,"100":0,"101":0,"102":0,"103":0,"104":0,"105":0,"106":0,"107":81,"108":1,"109":1,"110":0,"111":1,"112":1,"113":1,"114":0,"115":81,"116":1,"117":1,"118":0,"119":1,"120":1,"121":1,"122":1,"123":1,"124":0,"125":81,"126":0,"127":0,"128":0,"129":0,"130":0,"131":0,"132":0,"133":0,"134":0,"135":81,"136":2,"137":2,"138":1,"139":1,"140":1,"141":1,"142":1,"143":0,"144":81,"145":1,"146":1,"147":0,"148":1,"149":1,"150":1,"151":1,"152":0,"153":81,"154":2,"155":2,"156":1,"157":1,"158":1,"159":1,"160":0,"161":81},"f":{"0":1,"1":81,"2":4,"3":1,"4":2,"5":1,"6":0,"7":0,"8":2,"9":0,"10":1,"11":0,"12":0,"13":1,"14":1,"15":0,"16":2,"17":1,"18":2},"b":{"0":[1],"1":[1,1],"2":[1,1],"3":[1,1],"4":[1,1],"5":[1],"6":[0],"7":[1,1],"8":[0],"9":[0,0],"10":[0,0],"11":[0],"12":[0],"13":[0],"14":[1,1],"15":[0,0],"16":[0],"17":[0],"18":[0],"19":[0],"20":[0],"21":[1],"22":[0],"23":[1],"24":[1,1]}}
,"/home/bushido/siderhub_2/src/backend/api/auth/index.ts": {"path":"/home/bushido/siderhub_2/src/backend/api/auth/index.ts","statementMap":{"0":{"start":{"line":14,"column":0},"end":{"line":14,"column":16}},"1":{"start":{"line":1,"column":0},"end":{"line":1,"column":80}},"2":{"start":{"line":2,"column":0},"end":{"line":2,"column":23}},"3":{"start":{"line":8,"column":0},"end":{"line":8,"column":104}},"4":{"start":{"line":10,"column":0},"end":{"line":10,"column":60}},"5":{"start":{"line":11,"column":0},"end":{"line":11,"column":75}},"6":{"start":{"line":12,"column":0},"end":{"line":12,"column":57}},"7":{"start":{"line":15,"column":17},"end":{"line":15,"column":25}},"8":{"start":{"line":16,"column":20},"end":{"line":16,"column":58}},"9":{"start":{"line":17,"column":23},"end":{"line":22,"column":16}},"10":{"start":{"line":24,"column":2},"end":{"line":42,"column":null}},"11":{"start":{"line":25,"column":24},"end":{"line":25,"column":62}},"12":{"start":{"line":26,"column":4},"end":{"line":28,"column":5}},"13":{"start":{"line":27,"column":6},"end":{"line":27,"column":null}},"14":{"start":{"line":30,"column":4},"end":{"line":41,"column":5}},"15":{"start":{"line":31,"column":24},"end":{"line":31,"column":58}},"16":{"start":{"line":32,"column":19},"end":{"line":37,"column":8}},"17":{"start":{"line":38,"column":6},"end":{"line":38,"column":null}},"18":{"start":{"line":40,"column":6},"end":{"line":40,"column":null}},"19":{"start":{"line":44,"column":2},"end":{"line":64,"column":null}},"20":{"start":{"line":45,"column":24},"end":{"line":45,"column":65}},"21":{"start":{"line":46,"column":4},"end":{"line":48,"column":5}},"22":{"start":{"line":47,"column":6},"end":{"line":47,"column":null}},"23":{"start":{"line":50,"column":4},"end":{"line":63,"column":5}},"24":{"start":{"line":51,"column":24},"end":{"line":51,"column":58}},"25":{"start":{"line":52,"column":19},"end":{"line":59,"column":8}},"26":{"start":{"line":60,"column":6},"end":{"line":60,"column":null}},"27":{"start":{"line":62,"column":6},"end":{"line":62,"column":null}},"28":{"start":{"line":66,"column":2},"end":{"line":83,"column":null}},"29":{"start":{"line":67,"column":24},"end":{"line":67,"column":69}},"30":{"start":{"line":68,"column":4},"end":{"line":70,"column":5}},"31":{"start":{"line":69,"column":6},"end":{"line":69,"column":null}},"32":{"start":{"line":72,"column":4},"end":{"line":82,"column":5}},"33":{"start":{"line":73,"column":24},"end":{"line":73,"column":58}},"34":{"start":{"line":74,"column":19},"end":{"line":78,"column":8}},"35":{"start":{"line":79,"column":6},"end":{"line":79,"column":null}},"36":{"start":{"line":81,"column":6},"end":{"line":81,"column":null}},"37":{"start":{"line":85,"column":2},"end":{"line":97,"column":null}},"38":{"start":{"line":86,"column":24},"end":{"line":86,"column":62}},"39":{"start":{"line":87,"column":4},"end":{"line":89,"column":5}},"40":{"start":{"line":88,"column":6},"end":{"line":88,"column":null}},"41":{"start":{"line":90,"column":4},"end":{"line":96,"column":5}},"42":{"start":{"line":91,"column":24},"end":{"line":91,"column":50}},"43":{"start":{"line":92,"column":6},"end":{"line":92,"column":null}},"44":{"start":{"line":93,"column":6},"end":{"line":93,"column":null}},"45":{"start":{"line":95,"column":6},"end":{"line":95,"column":null}},"46":{"start":{"line":99,"column":2},"end":{"line":106,"column":null}},"47":{"start":{"line":100,"column":4},"end":{"line":105,"column":5}},"48":{"start":{"line":101,"column":19},"end":{"line":101,"column":66}},"49":{"start":{"line":102,"column":6},"end":{"line":102,"column":null}},"50":{"start":{"line":104,"column":6},"end":{"line":104,"column":null}},"51":{"start":{"line":108,"column":2},"end":{"line":108,"column":null}}},"fnMap":{"0":{"name":"createAuthRouter","decl":{"start":{"line":14,"column":16},"end":{"line":14,"column":32}},"loc":{"start":{"line":14,"column":54},"end":{"line":109,"column":1}}},"1":{"name":"(anonymous_1)","decl":{"start":{"line":24,"column":38},"end":{"line":24,"column":43}},"loc":{"start":{"line":24,"column":96},"end":{"line":42,"column":3}}},"2":{"name":"(anonymous_2)","decl":{"start":{"line":44,"column":27},"end":{"line":44,"column":32}},"loc":{"start":{"line":44,"column":85},"end":{"line":64,"column":3}}},"3":{"name":"(anonymous_3)","decl":{"start":{"line":66,"column":26},"end":{"line":66,"column":31}},"loc":{"start":{"line":66,"column":84},"end":{"line":83,"column":3}}},"4":{"name":"(anonymous_4)","decl":{"start":{"line":85,"column":36},"end":{"line":85,"column":41}},"loc":{"start":{"line":85,"column":94},"end":{"line":97,"column":3}}},"5":{"name":"(anonymous_5)","decl":{"start":{"line":99,"column":31},"end":{"line":99,"column":36}},"loc":{"start":{"line":99,"column":89},"end":{"line":106,"column":3}}}},"branchMap":{"0":{"loc":{"start":{"line":26,"column":4},"end":{"line":28,"column":5}},"type":"if","locations":[{"start":{"line":26,"column":4},"end":{"line":28,"column":5}}]},"1":{"loc":{"start":{"line":31,"column":24},"end":{"line":31,"column":58}},"type":"binary-expr","locations":[{"start":{"line":31,"column":24},"end":{"line":31,"column":45}},{"start":{"line":31,"column":49},"end":{"line":31,"column":58}}]},"2":{"loc":{"start":{"line":35,"column":20},"end":{"line":35,"column":91}},"type":"binary-expr","locations":[{"start":{"line":35,"column":20},"end":{"line":35,"column":37}},{"start":{"line":35,"column":42},"end":{"line":35,"column":78}},{"start":{"line":35,"column":82},"end":{"line":35,"column":91}}]},"3":{"loc":{"start":{"line":46,"column":4},"end":{"line":48,"column":5}},"type":"if","locations":[{"start":{"line":46,"column":4},"end":{"line":48,"column":5}}]},"4":{"loc":{"start":{"line":51,"column":24},"end":{"line":51,"column":58}},"type":"binary-expr","locations":[{"start":{"line":51,"column":24},"end":{"line":51,"column":45}},{"start":{"line":51,"column":49},"end":{"line":51,"column":58}}]},"5":{"loc":{"start":{"line":57,"column":20},"end":{"line":57,"column":91}},"type":"binary-expr","locations":[{"start":{"line":57,"column":20},"end":{"line":57,"column":37}},{"start":{"line":57,"column":42},"end":{"line":57,"column":78}},{"start":{"line":57,"column":82},"end":{"line":57,"column":91}}]},"6":{"loc":{"start":{"line":68,"column":4},"end":{"line":70,"column":5}},"type":"if","locations":[{"start":{"line":68,"column":4},"end":{"line":70,"column":5}}]},"7":{"loc":{"start":{"line":73,"column":24},"end":{"line":73,"column":58}},"type":"binary-expr","locations":[{"start":{"line":73,"column":24},"end":{"line":73,"column":45}},{"start":{"line":73,"column":49},"end":{"line":73,"column":58}}]},"8":{"loc":{"start":{"line":76,"column":20},"end":{"line":76,"column":91}},"type":"binary-expr","locations":[{"start":{"line":76,"column":20},"end":{"line":76,"column":37}},{"start":{"line":76,"column":42},"end":{"line":76,"column":78}},{"start":{"line":76,"column":82},"end":{"line":76,"column":91}}]},"9":{"loc":{"start":{"line":86,"column":47},"end":{"line":86,"column":61}},"type":"binary-expr","locations":[{"start":{"line":86,"column":47},"end":{"line":86,"column":55}},{"start":{"line":86,"column":59},"end":{"line":86,"column":61}}]},"10":{"loc":{"start":{"line":87,"column":4},"end":{"line":89,"column":5}},"type":"if","locations":[{"start":{"line":87,"column":4},"end":{"line":89,"column":5}}]}},"s":{"0":10,"1":10,"2":10,"3":10,"4":10,"5":10,"6":10,"7":81,"8":81,"9":81,"10":81,"11":2,"12":2,"13":1,"14":1,"15":1,"16":1,"17":1,"18":0,"19":81,"20":0,"21":0,"22":0,"23":0,"24":0,"25":0,"26":0,"27":0,"28":81,"29":0,"30":0,"31":0,"32":0,"33":0,"34":0,"35":0,"36":0,"37":81,"38":0,"39":0,"40":0,"41":0,"42":0,"43":0,"44":0,"45":0,"46":81,"47":0,"48":0,"49":0,"50":0,"51":81},"f":{"0":81,"1":2,"2":0,"3":0,"4":0,"5":0},"b":{"0":[1],"1":[1,1],"2":[1,0,0],"3":[0],"4":[0,0],"5":[0,0,0],"6":[0],"7":[0,0],"8":[0,0,0],"9":[0,0],"10":[0]}}
,"/home/bushido/siderhub_2/src/backend/api/cybervault/index.ts": {"path":"/home/bushido/siderhub_2/src/backend/api/cybervault/index.ts","statementMap":{"0":{"start":{"line":39,"column":0},"end":{"line":39,"column":16}},"1":{"start":{"line":1,"column":0},"end":{"line":1,"column":80}},"2":{"start":{"line":2,"column":0},"end":{"line":2,"column":23}},"3":{"start":{"line":3,"column":0},"end":{"line":3,"column":69}},"4":{"start":{"line":4,"column":0},"end":{"line":4,"column":60}},"5":{"start":{"line":6,"column":0},"end":{"line":6,"column":89}},"6":{"start":{"line":8,"column":16},"end":{"line":20,"column":12}},"7":{"start":{"line":9,"column":2},"end":{"line":20,"column":12}},"8":{"start":{"line":10,"column":4},"end":{"line":12,"column":5}},"9":{"start":{"line":11,"column":6},"end":{"line":11,"column":null}},"10":{"start":{"line":13,"column":4},"end":{"line":18,"column":5}},"11":{"start":{"line":14,"column":6},"end":{"line":17,"column":null}},"12":{"start":{"line":16,"column":23},"end":{"line":16,"column":34}},"13":{"start":{"line":17,"column":26},"end":{"line":17,"column":41}},"14":{"start":{"line":19,"column":4},"end":{"line":19,"column":null}},"15":{"start":{"line":22,"column":24},"end":{"line":34,"column":14}},"16":{"start":{"line":36,"column":19},"end":{"line":36,"column":36}},"17":{"start":{"line":37,"column":19},"end":{"line":37,"column":45}},"18":{"start":{"line":40,"column":17},"end":{"line":40,"column":25}},"19":{"start":{"line":41,"column":20},"end":{"line":41,"column":58}},"20":{"start":{"line":43,"column":2},"end":{"line":66,"column":null}},"21":{"start":{"line":44,"column":19},"end":{"line":44,"column":55}},"22":{"start":{"line":45,"column":4},"end":{"line":47,"column":5}},"23":{"start":{"line":46,"column":6},"end":{"line":46,"column":null}},"24":{"start":{"line":49,"column":19},"end":{"line":49,"column":37}},"25":{"start":{"line":50,"column":4},"end":{"line":52,"column":5}},"26":{"start":{"line":51,"column":6},"end":{"line":51,"column":null}},"27":{"start":{"line":53,"column":4},"end":{"line":55,"column":5}},"28":{"start":{"line":54,"column":6},"end":{"line":54,"column":null}},"29":{"start":{"line":56,"column":4},"end":{"line":58,"column":5}},"30":{"start":{"line":57,"column":6},"end":{"line":57,"column":null}},"31":{"start":{"line":60,"column":4},"end":{"line":65,"column":5}},"32":{"start":{"line":61,"column":19},"end":{"line":61,"column":73}},"33":{"start":{"line":62,"column":6},"end":{"line":62,"column":null}},"34":{"start":{"line":64,"column":6},"end":{"line":64,"column":null}},"35":{"start":{"line":68,"column":2},"end":{"line":83,"column":null}},"36":{"start":{"line":69,"column":23},"end":{"line":69,"column":60}},"37":{"start":{"line":70,"column":4},"end":{"line":72,"column":5}},"38":{"start":{"line":71,"column":6},"end":{"line":71,"column":null}},"39":{"start":{"line":74,"column":4},"end":{"line":82,"column":5}},"40":{"start":{"line":75,"column":23},"end":{"line":75,"column":82}},"41":{"start":{"line":76,"column":6},"end":{"line":78,"column":7}},"42":{"start":{"line":77,"column":8},"end":{"line":77,"column":null}},"43":{"start":{"line":79,"column":6},"end":{"line":79,"column":null}},"44":{"start":{"line":81,"column":6},"end":{"line":81,"column":null}},"45":{"start":{"line":85,"column":2},"end":{"line":102,"column":null}},"46":{"start":{"line":86,"column":21},"end":{"line":86,"column":56}},"47":{"start":{"line":87,"column":4},"end":{"line":89,"column":5}},"48":{"start":{"line":88,"column":6},"end":{"line":88,"column":null}},"49":{"start":{"line":91,"column":4},"end":{"line":101,"column":5}},"50":{"start":{"line":92,"column":25},"end":{"line":92,"column":96}},"51":{"start":{"line":93,"column":21},"end":{"line":97,"column":8}},"52":{"start":{"line":98,"column":6},"end":{"line":98,"column":null}},"53":{"start":{"line":100,"column":6},"end":{"line":100,"column":null}},"54":{"start":{"line":104,"column":2},"end":{"line":104,"column":null}}},"fnMap":{"0":{"name":"(anonymous_0)","decl":{"start":{"line":8,"column":16},"end":{"line":8,"column":20}},"loc":{"start":{"line":9,"column":2},"end":{"line":20,"column":12}}},"1":{"name":"(anonymous_1)","decl":{"start":{"line":9,"column":15},"end":{"line":9,"column":16}},"loc":{"start":{"line":9,"column":25},"end":{"line":20,"column":3}}},"2":{"name":"(anonymous_2)","decl":{"start":{"line":16,"column":13},"end":{"line":16,"column":14}},"loc":{"start":{"line":16,"column":23},"end":{"line":16,"column":34}}},"3":{"name":"(anonymous_3)","decl":{"start":{"line":17,"column":16},"end":{"line":17,"column":17}},"loc":{"start":{"line":17,"column":26},"end":{"line":17,"column":41}}},"4":{"name":"createCybervaultRouter","decl":{"start":{"line":39,"column":16},"end":{"line":39,"column":38}},"loc":{"start":{"line":39,"column":60},"end":{"line":105,"column":1}}},"5":{"name":"(anonymous_5)","decl":{"start":{"line":43,"column":38},"end":{"line":43,"column":43}},"loc":{"start":{"line":43,"column":96},"end":{"line":66,"column":3}}},"6":{"name":"(anonymous_6)","decl":{"start":{"line":68,"column":44},"end":{"line":68,"column":49}},"loc":{"start":{"line":68,"column":102},"end":{"line":83,"column":3}}},"7":{"name":"(anonymous_7)","decl":{"start":{"line":85,"column":52},"end":{"line":85,"column":57}},"loc":{"start":{"line":85,"column":110},"end":{"line":102,"column":3}}}},"branchMap":{"0":{"loc":{"start":{"line":10,"column":4},"end":{"line":12,"column":5}},"type":"if","locations":[{"start":{"line":10,"column":4},"end":{"line":12,"column":5}}]},"1":{"loc":{"start":{"line":13,"column":4},"end":{"line":18,"column":5}},"type":"if","locations":[{"start":{"line":13,"column":4},"end":{"line":18,"column":5}}]},"2":{"loc":{"start":{"line":45,"column":4},"end":{"line":47,"column":5}},"type":"if","locations":[{"start":{"line":45,"column":4},"end":{"line":47,"column":5}}]},"3":{"loc":{"start":{"line":50,"column":4},"end":{"line":52,"column":5}},"type":"if","locations":[{"start":{"line":50,"column":4},"end":{"line":52,"column":5}}]},"4":{"loc":{"start":{"line":50,"column":8},"end":{"line":50,"column":61}},"type":"binary-expr","locations":[{"start":{"line":50,"column":8},"end":{"line":50,"column":26}},{"start":{"line":50,"column":30},"end":{"line":50,"column":61}}]},"5":{"loc":{"start":{"line":53,"column":4},"end":{"line":55,"column":5}},"type":"if","locations":[{"start":{"line":53,"column":4},"end":{"line":55,"column":5}}]},"6":{"loc":{"start":{"line":53,"column":8},"end":{"line":53,"column":51}},"type":"binary-expr","locations":[{"start":{"line":53,"column":8},"end":{"line":53,"column":21}},{"start":{"line":53,"column":25},"end":{"line":53,"column":51}}]},"7":{"loc":{"start":{"line":56,"column":4},"end":{"line":58,"column":5}},"type":"if","locations":[{"start":{"line":56,"column":4},"end":{"line":58,"column":5}}]},"8":{"loc":{"start":{"line":56,"column":8},"end":{"line":56,"column":49}},"type":"binary-expr","locations":[{"start":{"line":56,"column":8},"end":{"line":56,"column":20}},{"start":{"line":56,"column":24},"end":{"line":56,"column":49}}]},"9":{"loc":{"start":{"line":70,"column":4},"end":{"line":72,"column":5}},"type":"if","locations":[{"start":{"line":70,"column":4},"end":{"line":72,"column":5}}]},"10":{"loc":{"start":{"line":76,"column":6},"end":{"line":78,"column":7}},"type":"if","locations":[{"start":{"line":76,"column":6},"end":{"line":78,"column":7}}]},"11":{"loc":{"start":{"line":87,"column":4},"end":{"line":89,"column":5}},"type":"if","locations":[{"start":{"line":87,"column":4},"end":{"line":89,"column":5}}]},"12":{"loc":{"start":{"line":92,"column":25},"end":{"line":92,"column":96}},"type":"binary-expr","locations":[{"start":{"line":92,"column":25},"end":{"line":92,"column":42}},{"start":{"line":92,"column":47},"end":{"line":92,"column":83}},{"start":{"line":92,"column":87},"end":{"line":92,"column":96}}]}},"s":{"0":10,"1":10,"2":10,"3":10,"4":10,"5":10,"6":10,"7":30,"8":3,"9":0,"10":3,"11":3,"12":4,"13":4,"14":0,"15":10,"16":10,"17":10,"18":81,"19":81,"20":81,"21":2,"22":2,"23":0,"24":2,"25":2,"26":0,"27":2,"28":0,"29":2,"30":0,"31":2,"32":2,"33":2,"34":0,"35":81,"36":1,"37":1,"38":0,"39":1,"40":1,"41":1,"42":1,"43":0,"44":0,"45":81,"46":2,"47":2,"48":0,"49":2,"50":2,"51":2,"52":2,"53":0,"54":81},"f":{"0":30,"1":3,"2":4,"3":4,"4":81,"5":2,"6":1,"7":2},"b":{"0":[0],"1":[3],"2":[0],"3":[0],"4":[2,1],"5":[0],"6":[2,1],"7":[0],"8":[2,1],"9":[0],"10":[1],"11":[0],"12":[2,0,0]}}
,"/home/bushido/siderhub_2/src/backend/api/hidra/index.ts": {"path":"/home/bushido/siderhub_2/src/backend/api/hidra/index.ts","statementMap":{"0":{"start":{"line":34,"column":0},"end":{"line":34,"column":16}},"1":{"start":{"line":1,"column":0},"end":{"line":1,"column":80}},"2":{"start":{"line":2,"column":0},"end":{"line":2,"column":23}},"3":{"start":{"line":4,"column":0},"end":{"line":4,"column":53}},"4":{"start":{"line":5,"column":0},"end":{"line":5,"column":60}},"5":{"start":{"line":6,"column":0},"end":{"line":6,"column":60}},"6":{"start":{"line":8,"column":0},"end":{"line":8,"column":89}},"7":{"start":{"line":10,"column":19},"end":{"line":10,"column":36}},"8":{"start":{"line":12,"column":29},"end":{"line":20,"column":2}},"9":{"start":{"line":22,"column":31},"end":{"line":24,"column":2}},"10":{"start":{"line":26,"column":27},"end":{"line":28,"column":2}},"11":{"start":{"line":30,"column":29},"end":{"line":32,"column":2}},"12":{"start":{"line":35,"column":17},"end":{"line":35,"column":25}},"13":{"start":{"line":36,"column":20},"end":{"line":36,"column":58}},"14":{"start":{"line":38,"column":2},"end":{"line":45,"column":null}},"15":{"start":{"line":39,"column":4},"end":{"line":44,"column":5}},"16":{"start":{"line":40,"column":17},"end":{"line":40,"column":77}},"17":{"start":{"line":41,"column":6},"end":{"line":41,"column":null}},"18":{"start":{"line":43,"column":6},"end":{"line":43,"column":null}},"19":{"start":{"line":47,"column":2},"end":{"line":63,"column":null}},"20":{"start":{"line":48,"column":19},"end":{"line":48,"column":57}},"21":{"start":{"line":49,"column":4},"end":{"line":51,"column":5}},"22":{"start":{"line":50,"column":6},"end":{"line":50,"column":null}},"23":{"start":{"line":52,"column":4},"end":{"line":62,"column":5}},"24":{"start":{"line":53,"column":21},"end":{"line":58,"column":8}},"25":{"start":{"line":59,"column":6},"end":{"line":59,"column":null}},"26":{"start":{"line":61,"column":6},"end":{"line":61,"column":null}},"27":{"start":{"line":65,"column":2},"end":{"line":86,"column":null}},"28":{"start":{"line":66,"column":19},"end":{"line":66,"column":59}},"29":{"start":{"line":67,"column":4},"end":{"line":69,"column":5}},"30":{"start":{"line":68,"column":6},"end":{"line":68,"column":null}},"31":{"start":{"line":71,"column":4},"end":{"line":85,"column":5}},"32":{"start":{"line":72,"column":19},"end":{"line":81,"column":8}},"33":{"start":{"line":82,"column":6},"end":{"line":82,"column":null}},"34":{"start":{"line":84,"column":6},"end":{"line":84,"column":null}},"35":{"start":{"line":88,"column":2},"end":{"line":109,"column":null}},"36":{"start":{"line":89,"column":21},"end":{"line":89,"column":56}},"37":{"start":{"line":90,"column":4},"end":{"line":92,"column":5}},"38":{"start":{"line":91,"column":6},"end":{"line":91,"column":null}},"39":{"start":{"line":94,"column":21},"end":{"line":94,"column":63}},"40":{"start":{"line":95,"column":4},"end":{"line":97,"column":5}},"41":{"start":{"line":96,"column":6},"end":{"line":96,"column":null}},"42":{"start":{"line":99,"column":4},"end":{"line":108,"column":5}},"43":{"start":{"line":100,"column":19},"end":{"line":104,"column":8}},"44":{"start":{"line":105,"column":6},"end":{"line":105,"column":null}},"45":{"start":{"line":107,"column":6},"end":{"line":107,"column":null}},"46":{"start":{"line":111,"column":2},"end":{"line":122,"column":null}},"47":{"start":{"line":112,"column":4},"end":{"line":121,"column":5}},"48":{"start":{"line":113,"column":25},"end":{"line":113,"column":64}},"49":{"start":{"line":114,"column":22},"end":{"line":114,"column":80}},"50":{"start":{"line":115,"column":6},"end":{"line":117,"column":7}},"51":{"start":{"line":116,"column":8},"end":{"line":116,"column":null}},"52":{"start":{"line":118,"column":6},"end":{"line":118,"column":null}},"53":{"start":{"line":120,"column":6},"end":{"line":120,"column":null}},"54":{"start":{"line":124,"column":2},"end":{"line":138,"column":null}},"55":{"start":{"line":125,"column":24},"end":{"line":125,"column":65}},"56":{"start":{"line":126,"column":4},"end":{"line":128,"column":5}},"57":{"start":{"line":127,"column":6},"end":{"line":127,"column":null}},"58":{"start":{"line":130,"column":4},"end":{"line":137,"column":5}},"59":{"start":{"line":131,"column":22},"end":{"line":133,"column":8}},"60":{"start":{"line":134,"column":6},"end":{"line":134,"column":null}},"61":{"start":{"line":136,"column":6},"end":{"line":136,"column":null}},"62":{"start":{"line":142,"column":2},"end":{"line":156,"column":null}},"63":{"start":{"line":143,"column":24},"end":{"line":143,"column":65}},"64":{"start":{"line":144,"column":4},"end":{"line":146,"column":5}},"65":{"start":{"line":145,"column":6},"end":{"line":145,"column":null}},"66":{"start":{"line":148,"column":4},"end":{"line":155,"column":5}},"67":{"start":{"line":149,"column":22},"end":{"line":151,"column":8}},"68":{"start":{"line":152,"column":6},"end":{"line":152,"column":null}},"69":{"start":{"line":154,"column":6},"end":{"line":154,"column":null}},"70":{"start":{"line":158,"column":2},"end":{"line":158,"column":null}}},"fnMap":{"0":{"name":"createHidraRouter","decl":{"start":{"line":34,"column":16},"end":{"line":34,"column":33}},"loc":{"start":{"line":34,"column":55},"end":{"line":159,"column":1}}},"1":{"name":"(anonymous_1)","decl":{"start":{"line":38,"column":41},"end":{"line":38,"column":46}},"loc":{"start":{"line":38,"column":99},"end":{"line":45,"column":3}}},"2":{"name":"(anonymous_2)","decl":{"start":{"line":47,"column":35},"end":{"line":47,"column":40}},"loc":{"start":{"line":47,"column":93},"end":{"line":63,"column":3}}},"3":{"name":"(anonymous_3)","decl":{"start":{"line":65,"column":56},"end":{"line":65,"column":61}},"loc":{"start":{"line":65,"column":114},"end":{"line":86,"column":3}}},"4":{"name":"(anonymous_4)","decl":{"start":{"line":88,"column":69},"end":{"line":88,"column":74}},"loc":{"start":{"line":88,"column":127},"end":{"line":109,"column":3}}},"5":{"name":"(anonymous_5)","decl":{"start":{"line":111,"column":50},"end":{"line":111,"column":55}},"loc":{"start":{"line":111,"column":108},"end":{"line":122,"column":3}}},"6":{"name":"(anonymous_6)","decl":{"start":{"line":124,"column":38},"end":{"line":124,"column":43}},"loc":{"start":{"line":124,"column":96},"end":{"line":138,"column":3}}},"7":{"name":"(anonymous_7)","decl":{"start":{"line":142,"column":55},"end":{"line":142,"column":60}},"loc":{"start":{"line":142,"column":113},"end":{"line":156,"column":3}}}},"branchMap":{"0":{"loc":{"start":{"line":49,"column":4},"end":{"line":51,"column":5}},"type":"if","locations":[{"start":{"line":49,"column":4},"end":{"line":51,"column":5}}]},"1":{"loc":{"start":{"line":67,"column":4},"end":{"line":69,"column":5}},"type":"if","locations":[{"start":{"line":67,"column":4},"end":{"line":69,"column":5}}]},"2":{"loc":{"start":{"line":79,"column":21},"end":{"line":79,"column":52}},"type":"binary-expr","locations":[{"start":{"line":79,"column":21},"end":{"line":79,"column":44}},{"start":{"line":79,"column":48},"end":{"line":79,"column":52}}]},"3":{"loc":{"start":{"line":90,"column":4},"end":{"line":92,"column":5}},"type":"if","locations":[{"start":{"line":90,"column":4},"end":{"line":92,"column":5}}]},"4":{"loc":{"start":{"line":95,"column":4},"end":{"line":97,"column":5}},"type":"if","locations":[{"start":{"line":95,"column":4},"end":{"line":97,"column":5}}]},"5":{"loc":{"start":{"line":115,"column":6},"end":{"line":117,"column":7}},"type":"if","locations":[{"start":{"line":115,"column":6},"end":{"line":117,"column":7}}]},"6":{"loc":{"start":{"line":126,"column":4},"end":{"line":128,"column":5}},"type":"if","locations":[{"start":{"line":126,"column":4},"end":{"line":128,"column":5}}]},"7":{"loc":{"start":{"line":144,"column":4},"end":{"line":146,"column":5}},"type":"if","locations":[{"start":{"line":144,"column":4},"end":{"line":146,"column":5}}]}},"s":{"0":10,"1":10,"2":10,"3":10,"4":10,"5":10,"6":10,"7":10,"8":10,"9":10,"10":10,"11":10,"12":81,"13":81,"14":81,"15":1,"16":1,"17":1,"18":0,"19":81,"20":1,"21":1,"22":0,"23":1,"24":1,"25":1,"26":0,"27":81,"28":4,"29":4,"30":1,"31":3,"32":3,"33":2,"34":1,"35":81,"36":1,"37":1,"38":0,"39":1,"40":1,"41":0,"42":1,"43":1,"44":1,"45":0,"46":81,"47":1,"48":1,"49":1,"50":1,"51":0,"52":1,"53":0,"54":81,"55":1,"56":1,"57":0,"58":1,"59":1,"60":1,"61":0,"62":81,"63":1,"64":1,"65":0,"66":1,"67":1,"68":1,"69":0,"70":81},"f":{"0":81,"1":1,"2":1,"3":4,"4":1,"5":1,"6":1,"7":1},"b":{"0":[0],"1":[1],"2":[3,3],"3":[0],"4":[0],"5":[0],"6":[0],"7":[0]}}
,"/home/bushido/siderhub_2/src/backend/api/hub/index.ts": {"path":"/home/bushido/siderhub_2/src/backend/api/hub/index.ts","statementMap":{"0":{"start":{"line":22,"column":0},"end":{"line":22,"column":16}},"1":{"start":{"line":1,"column":0},"end":{"line":1,"column":80}},"2":{"start":{"line":2,"column":0},"end":{"line":2,"column":23}},"3":{"start":{"line":4,"column":0},"end":{"line":4,"column":60}},"4":{"start":{"line":5,"column":0},"end":{"line":5,"column":75}},"5":{"start":{"line":7,"column":28},"end":{"line":14,"column":2}},"6":{"start":{"line":16,"column":27},"end":{"line":20,"column":2}},"7":{"start":{"line":23,"column":17},"end":{"line":23,"column":25}},"8":{"start":{"line":24,"column":20},"end":{"line":24,"column":58}},"9":{"start":{"line":26,"column":25},"end":{"line":49,"column":3}},"10":{"start":{"line":27,"column":19},"end":{"line":27,"column":59}},"11":{"start":{"line":28,"column":4},"end":{"line":30,"column":5}},"12":{"start":{"line":29,"column":6},"end":{"line":29,"column":null}},"13":{"start":{"line":32,"column":4},"end":{"line":48,"column":5}},"14":{"start":{"line":33,"column":23},"end":{"line":36,"column":8}},"15":{"start":{"line":38,"column":6},"end":{"line":45,"column":null}},"16":{"start":{"line":47,"column":6},"end":{"line":47,"column":null}},"17":{"start":{"line":51,"column":2},"end":{"line":51,"column":null}},"18":{"start":{"line":52,"column":2},"end":{"line":52,"column":null}},"19":{"start":{"line":54,"column":2},"end":{"line":73,"column":null}},"20":{"start":{"line":55,"column":19},"end":{"line":55,"column":58}},"21":{"start":{"line":56,"column":4},"end":{"line":58,"column":5}},"22":{"start":{"line":57,"column":6},"end":{"line":57,"column":null}},"23":{"start":{"line":60,"column":4},"end":{"line":72,"column":5}},"24":{"start":{"line":61,"column":47},"end":{"line":61,"column":58}},"25":{"start":{"line":62,"column":6},"end":{"line":65,"column":7}},"26":{"start":{"line":63,"column":24},"end":{"line":63,"column":88}},"27":{"start":{"line":64,"column":8},"end":{"line":64,"column":null}},"28":{"start":{"line":67,"column":25},"end":{"line":67,"column":66}},"29":{"start":{"line":68,"column":21},"end":{"line":68,"column":88}},"30":{"start":{"line":69,"column":6},"end":{"line":69,"column":null}},"31":{"start":{"line":71,"column":6},"end":{"line":71,"column":null}},"32":{"start":{"line":75,"column":2},"end":{"line":75,"column":null}}},"fnMap":{"0":{"name":"createHubRouter","decl":{"start":{"line":22,"column":16},"end":{"line":22,"column":31}},"loc":{"start":{"line":22,"column":53},"end":{"line":76,"column":1}}},"1":{"name":"(anonymous_1)","decl":{"start":{"line":26,"column":25},"end":{"line":26,"column":30}},"loc":{"start":{"line":26,"column":83},"end":{"line":49,"column":3}}},"2":{"name":"(anonymous_2)","decl":{"start":{"line":54,"column":36},"end":{"line":54,"column":41}},"loc":{"start":{"line":54,"column":94},"end":{"line":73,"column":3}}}},"branchMap":{"0":{"loc":{"start":{"line":28,"column":4},"end":{"line":30,"column":5}},"type":"if","locations":[{"start":{"line":28,"column":4},"end":{"line":30,"column":5}}]},"1":{"loc":{"start":{"line":56,"column":4},"end":{"line":58,"column":5}},"type":"if","locations":[{"start":{"line":56,"column":4},"end":{"line":58,"column":5}}]},"2":{"loc":{"start":{"line":62,"column":6},"end":{"line":65,"column":7}},"type":"if","locations":[{"start":{"line":62,"column":6},"end":{"line":65,"column":7}}]},"3":{"loc":{"start":{"line":68,"column":21},"end":{"line":68,"column":88}},"type":"cond-expr","locations":[{"start":{"line":68,"column":49},"end":{"line":68,"column":75}},{"start":{"line":68,"column":78},"end":{"line":68,"column":88}}]}},"s":{"0":10,"1":10,"2":10,"3":10,"4":10,"5":10,"6":10,"7":81,"8":81,"9":81,"10":3,"11":3,"12":1,"13":2,"14":2,"15":2,"16":0,"17":81,"18":81,"19":81,"20":2,"21":2,"22":0,"23":2,"24":2,"25":2,"26":1,"27":1,"28":1,"29":1,"30":1,"31":0,"32":81},"f":{"0":81,"1":3,"2":2},"b":{"0":[1],"1":[0],"2":[1],"3":[1,0]}}
[...]
":20,"column":18},"end":{"line":20,"column":20}},"7":{"start":{"line":45,"column":31},"end":{"line":45,"column":51}},"8":{"start":{"line":46,"column":4},"end":{"line":46,"column":60}},"9":{"start":{"line":47,"column":4},"end":{"line":47,"column":46}},"10":{"start":{"line":47,"column":34},"end":{"line":47,"column":44}},"11":{"start":{"line":51,"column":24},"end":{"line":51,"column":86}},"12":{"start":{"line":52,"column":26},"end":{"line":52,"column":92}},"13":{"start":{"line":53,"column":32},"end":{"line":53,"column":110}},"14":{"start":{"line":54,"column":26},"end":{"line":54,"column":92}},"15":{"start":{"line":55,"column":26},"end":{"line":55,"column":75}},"16":{"start":{"line":57,"column":21},"end":{"line":63,"column":6}},"17":{"start":{"line":71,"column":21},"end":{"line":71,"column":26}},"18":{"start":{"line":72,"column":4},"end":{"line":78,"column":7}},"19":{"start":{"line":73,"column":6},"end":{"line":77,"column":7}},"20":{"start":{"line":74,"column":8},"end":{"line":74,"column":26}},"21":{"start":{"line":76,"column":8},"end":{"line":76,"column":78}},"22":{"start":{"line":80,"column":4},"end":{"line":86,"column":5}},"23":{"start":{"line":81,"column":6},"end":{"line":85,"column":9}},"24":{"start":{"line":88,"column":97},"end":{"line":88,"column":104}},"25":{"start":{"line":91,"column":6},"end":{"line":93,"column":12}},"26":{"start":{"line":96,"column":6},"end":{"line":98,"column":12}},"27":{"start":{"line":101,"column":6},"end":{"line":103,"column":12}},"28":{"start":{"line":106,"column":6},"end":{"line":108,"column":14}},"29":{"start":{"line":111,"column":6},"end":{"line":113,"column":12}},"30":{"start":{"line":115,"column":4},"end":{"line":126,"column":28}},"31":{"start":{"line":130,"column":28},"end":{"line":130,"column":76}},"32":{"start":{"line":131,"column":20},"end":{"line":131,"column":81}},"33":{"start":{"line":132,"column":4},"end":{"line":132,"column":45}},"34":{"start":{"line":136,"column":28},"end":{"line":136,"column":78}},"35":{"start":{"line":137,"column":20},"end":{"line":137,"column":86}},"36":{"start":{"line":138,"column":4},"end":{"line":138,"column":45}},"37":{"start":{"line":142,"column":4},"end":{"line":144,"column":5}},"38":{"start":{"line":143,"column":6},"end":{"line":143,"column":22}},"39":{"start":{"line":145,"column":23},"end":{"line":145,"column":40}},"40":{"start":{"line":146,"column":4},"end":{"line":148,"column":5}},"41":{"start":{"line":147,"column":6},"end":{"line":147,"column":22}},"42":{"start":{"line":149,"column":4},"end":{"line":149,"column":43}},"43":{"start":{"line":153,"column":4},"end":{"line":156,"column":8}},"44":{"start":{"line":153,"column":32},"end":{"line":156,"column":6}},"45":{"start":{"line":160,"column":4},"end":{"line":163,"column":32}},"46":{"start":{"line":167,"column":4},"end":{"line":180,"column":5}},"47":{"start":{"line":169,"column":8},"end":{"line":169,"column":48}},"48":{"start":{"line":171,"column":8},"end":{"line":171,"column":51}},"49":{"start":{"line":173,"column":8},"end":{"line":173,"column":54}},"50":{"start":{"line":175,"column":8},"end":{"line":175,"column":50}},"51":{"start":{"line":177,"column":8},"end":{"line":177,"column":56}},"52":{"start":{"line":179,"column":8},"end":{"line":179,"column":25}},"53":{"start":{"line":184,"column":18},"end":{"line":184,"column":78}},"54":{"start":{"line":185,"column":45},"end":{"line":188,"column":6}},"55":{"start":{"line":189,"column":4},"end":{"line":192,"column":5}},"56":{"start":{"line":190,"column":6},"end":{"line":190,"column":33}},"57":{"start":{"line":191,"column":6},"end":{"line":191,"column":45}},"58":{"start":{"line":193,"column":4},"end":{"line":193,"column":62}},"59":{"start":{"line":41,"column":0},"end":{"line":41,"column":13}}},"fnMap":{"0":{"name":"(anonymous_0)","decl":{"start":{"line":45,"column":2},"end":{"line":45,"column":31}},"loc":{"start":{"line":45,"column":51},"end":{"line":48,"column":3}}},"1":{"name":"(anonymous_1)","decl":{"start":{"line":47,"column":28},"end":{"line":47,"column":31}},"loc":{"start":{"line":47,"column":34},"end":{"line":47,"column":44}}},"2":{"name":"(anonymous_2)","decl":{"start":{"line":50,"column":2},"end":{"line":50,"column":7}},"loc":{"start":{"line":50,"column":47},"end":{"line":127,"column":3}}},"3":{"name":"(anonymous_3)","decl":{"start":{"line":72,"column":20},"end":{"line":72,"column":21}},"loc":{"start":{"line":72,"column":38},"end":{"line":78,"column":5}}},"4":{"name":"(anonymous_4)","decl":{"start":{"line":129,"column":2},"end":{"line":129,"column":7}},"loc":{"start":{"line":129,"column":77},"end":{"line":133,"column":3}}},"5":{"name":"(anonymous_5)","decl":{"start":{"line":135,"column":2},"end":{"line":135,"column":7}},"loc":{"start":{"line":135,"column":57},"end":{"line":139,"column":3}}},"6":{"name":"(anonymous_6)","decl":{"start":{"line":141,"column":10},"end":{"line":141,"column":24}},"loc":{"start":{"line":141,"column":68},"end":{"line":150,"column":3}}},"7":{"name":"(anonymous_7)","decl":{"start":{"line":152,"column":10},"end":{"line":152,"column":28}},"loc":{"start":{"line":152,"column":55},"end":{"line":157,"column":3}}},"8":{"name":"(anonymous_8)","decl":{"start":{"line":153,"column":21},"end":{"line":153,"column":22}},"loc":{"start":{"line":153,"column":32},"end":{"line":156,"column":6}}},"9":{"name":"(anonymous_9)","decl":{"start":{"line":159,"column":10},"end":{"line":159,"column":27}},"loc":{"start":{"line":159,"column":60},"end":{"line":164,"column":3}}},"10":{"name":"(anonymous_10)","decl":{"start":{"line":166,"column":10},"end":{"line":166,"column":25}},"loc":{"start":{"line":166,"column":39},"end":{"line":181,"column":3}}},"11":{"name":"(anonymous_11)","decl":{"start":{"line":183,"column":10},"end":{"line":183,"column":30}},"loc":{"start":{"line":183,"column":66},"end":{"line":194,"column":3}}}},"branchMap":{"0":{"loc":{"start":{"line":46,"column":18},"end":{"line":46,"column":59}},"type":"binary-expr","locations":[{"start":{"line":46,"column":18},"end":{"line":46,"column":29}},{"start":{"line":46,"column":33},"end":{"line":46,"column":59}}]},"1":{"loc":{"start":{"line":47,"column":15},"end":{"line":47,"column":45}},"type":"binary-expr","locations":[{"start":{"line":47,"column":15},"end":{"line":47,"column":23}},{"start":{"line":47,"column":28},"end":{"line":47,"column":44}}]},"2":{"loc":{"start":{"line":55,"column":26},"end":{"line":55,"column":75}},"type":"binary-expr","locations":[{"start":{"line":55,"column":26},"end":{"line":55,"column":47}},{"start":{"line":55,"column":51},"end":{"line":55,"column":75}}]},"3":{"loc":{"start":{"line":61,"column":80},"end":{"line":61,"column":109}},"type":"binary-expr","locations":[{"start":{"line":61,"column":80},"end":{"line":61,"column":104}},{"start":{"line":61,"column":108},"end":{"line":61,"column":109}}]},"4":{"loc":{"start":{"line":73,"column":6},"end":{"line":77,"column":7}},"type":"if","locations":[{"start":{"line":73,"column":6},"end":{"line":77,"column":7}},{"start":{"line":75,"column":13},"end":{"line":77,"column":7}}]},"5":{"loc":{"start":{"line":80,"column":4},"end":{"line":86,"column":5}},"type":"if","locations":[{"start":{"line":80,"column":4},"end":{"line":86,"column":5}}]},"6":{"loc":{"start":{"line":91,"column":6},"end":{"line":93,"column":12}},"type":"cond-expr","locations":[{"start":{"line":92,"column":10},"end":{"line":92,"column":51}},{"start":{"line":93,"column":10},"end":{"line":93,"column":12}}]},"7":{"loc":{"start":{"line":96,"column":6},"end":{"line":98,"column":12}},"type":"cond-expr","locations":[{"start":{"line":97,"column":10},"end":{"line":97,"column":54}},{"start":{"line":98,"column":10},"end":{"line":98,"column":12}}]},"8":{"loc":{"start":{"line":101,"column":6},"end":{"line":103,"column":12}},"type":"cond-expr","locations":[{"start":{"line":102,"column":10},"end":{"line":102,"column":92}},{"start":{"line":103,"column":10},"end":{"line":103,"column":12}}]},"9":{"loc":{"start":{"line":106,"column":6},"end":{"line":108,"column":14}},"type":"cond-expr","locations":[{"start":{"line":107,"column":10},"end":{"line":107,"column":51}},{"start":{"line":108,"column":10},"end":{"line":108,"column":14}}]},"10":{"loc":{"start":{"line":111,"column":6},"end":{"line":113,"column":12}},"type":"cond-expr","locations":[{"start":{"line":112,"column":10},"end":{"line":112,"column":55}},{"start":{"line":113,"column":10},"end":{"line":113,"column":12}}]},"11":{"loc":{"start":{"line":129,"column":25},"end":{"line":129,"column":53}},"type":"default-arg","locations":[{"start":{"line":129,"column":33},"end":{"line":129,"column":53}}]},"12":{"loc":{"start":{"line":135,"column":27},"end":{"line":135,"column":57}},"type":"default-arg","locations":[{"start":{"line":135,"column":35},"end":{"line":135,"column":57}}]},"13":{"loc":{"start":{"line":142,"column":4},"end":{"line":144,"column":5}},"type":"if","locations":[{"start":{"line":142,"column":4},"end":{"line":144,"column":5}}]},"14":{"loc":{"start":{"line":142,"column":8},"end":{"line":142,"column":54}},"type":"binary-expr","locations":[{"start":{"line":142,"column":8},"end":{"line":142,"column":31}},{"start":{"line":142,"column":35},"end":{"line":142,"column":54}}]},"15":{"loc":{"start":{"line":146,"column":4},"end":{"line":148,"column":5}},"type":"if","locations":[{"start":{"line":146,"column":4},"end":{"line":148,"column":5}}]},"16":{"loc":{"start":{"line":167,"column":4},"end":{"line":180,"column":5}},"type":"switch","locations":[{"start":{"line":168,"column":6},"end":{"line":169,"column":48}},{"start":{"line":170,"column":6},"end":{"line":171,"column":51}},{"start":{"line":172,"column":6},"end":{"line":173,"column":54}},{"start":{"line":174,"column":6},"end":{"line":175,"column":50}},{"start":{"line":176,"column":6},"end":{"line":177,"column":56}},{"start":{"line":178,"column":6},"end":{"line":179,"column":25}}]},"17":{"loc":{"start":{"line":184,"column":18},"end":{"line":184,"column":78}},"type":"cond-expr","locations":[{"start":{"line":184,"column":44},"end":{"line":184,"column":50}},{"start":{"line":184,"column":53},"end":{"line":184,"column":78}}]},"18":{"loc":{"start":{"line":189,"column":4},"end":{"line":192,"column":5}},"type":"if","locations":[{"start":{"line":189,"column":4},"end":{"line":192,"column":5}}]}},"s":{"0":1,"1":1,"2":1,"3":1,"4":1,"5":1,"6":1,"7":3,"8":3,"9":3,"10":0,"11":3,"12":3,"13":3,"14":3,"15":3,"16":3,"17":3,"18":3,"19":15,"20":7,"21":8,"22":3,"23":1,"24":2,"25":2,"26":2,"27":2,"28":2,"29":2,"30":2,"31":0,"32":0,"33":0,"34":0,"35":0,"36":0,"37":12,"38":8,"39":4,"40":4,"41":0,"42":4,"43":1,"44":2,"45":2,"46":8,"47":2,"48":1,"49":2,"50":1,"51":2,"52":0,"53":8,"54":8,"55":8,"56":0,"57":0,"58":8,"59":1},"f":{"0":3,"1":0,"2":3,"3":15,"4":0,"5":0,"6":12,"7":1,"8":2,"9":2,"10":8,"11":8},"b":{"0":[3,0],"1":[3,0],"2":[3,3],"3":[3,2],"4":[7,8],"5":[1],"6":[1,1],"7":[2,0],"8":[1,1],"9":[2,0],"10":[1,1],"11":[0],"12":[0],"13":[8],"14":[12,4],"15":[0],"16":[2,1,2,1,2,0],"17":[8,0],"18":[0]}}
,"/home/bushido/siderhub_2/src/shared/types/common.types.ts": {"path":"/home/bushido/siderhub_2/src/shared/types/common.types.ts","statementMap":{"0":{"start":{"line":7,"column":0},"end":{"line":7,"column":null}},"1":{"start":{"line":8,"column":2},"end":{"line":8,"column":null}},"2":{"start":{"line":9,"column":2},"end":{"line":9,"column":null}},"3":{"start":{"line":10,"column":2},"end":{"line":10,"column":null}},"4":{"start":{"line":11,"column":2},"end":{"line":11,"column":null}},"5":{"start":{"line":14,"column":0},"end":{"line":14,"column":null}},"6":{"start":{"line":15,"column":2},"end":{"line":15,"column":null}},"7":{"start":{"line":16,"column":2},"end":{"line":16,"column":null}},"8":{"start":{"line":17,"column":2},"end":{"line":17,"column":null}},"9":{"start":{"line":18,"column":2},"end":{"line":18,"column":null}},"10":{"start":{"line":19,"column":2},"end":{"line":19,"column":null}},"11":{"start":{"line":22,"column":0},"end":{"line":22,"column":null}},"12":{"start":{"line":23,"column":2},"end":{"line":23,"column":null}},"13":{"start":{"line":24,"column":2},"end":{"line":24,"column":null}},"14":{"start":{"line":25,"column":2},"end":{"line":25,"column":null}},"15":{"start":{"line":26,"column":2},"end":{"line":26,"column":null}},"16":{"start":{"line":29,"column":0},"end":{"line":29,"column":null}},"17":{"start":{"line":30,"column":2},"end":{"line":30,"column":null}},"18":{"start":{"line":31,"column":2},"end":{"line":31,"column":null}},"19":{"start":{"line":32,"column":2},"end":{"line":32,"column":null}},"20":{"start":{"line":33,"column":2},"end":{"line":33,"column":null}},"21":{"start":{"line":36,"column":0},"end":{"line":36,"column":null}},"22":{"start":{"line":37,"column":2},"end":{"line":37,"column":null}},"23":{"start":{"line":38,"column":2},"end":{"line":38,"column":null}},"24":{"start":{"line":39,"column":2},"end":{"line":39,"column":null}},"25":{"start":{"line":40,"column":2},"end":{"line":40,"column":null}},"26":{"start":{"line":41,"column":2},"end":{"line":41,"column":null}},"27":{"start":{"line":44,"column":0},"end":{"line":44,"column":null}},"28":{"start":{"line":45,"column":2},"end":{"line":45,"column":null}},"29":{"start":{"line":46,"column":2},"end":{"line":46,"column":null}},"30":{"start":{"line":47,"column":2},"end":{"line":47,"column":null}},"31":{"start":{"line":48,"column":2},"end":{"line":48,"column":null}},"32":{"start":{"line":49,"column":2},"end":{"line":49,"column":null}},"33":{"start":{"line":50,"column":2},"end":{"line":50,"column":null}},"34":{"start":{"line":53,"column":0},"end":{"line":53,"column":null}},"35":{"start":{"line":54,"column":2},"end":{"line":54,"column":null}},"36":{"start":{"line":57,"column":0},"end":{"line":57,"column":null}},"37":{"start":{"line":58,"column":2},"end":{"line":58,"column":null}},"38":{"start":{"line":59,"column":2},"end":{"line":59,"column":null}},"39":{"start":{"line":60,"column":2},"end":{"line":60,"column":null}},"40":{"start":{"line":61,"column":2},"end":{"line":61,"column":null}},"41":{"start":{"line":62,"column":2},"end":{"line":62,"column":null}},"42":{"start":{"line":63,"column":2},"end":{"line":63,"column":null}},"43":{"start":{"line":64,"column":2},"end":{"line":64,"column":null}},"44":{"start":{"line":67,"column":0},"end":{"line":67,"column":null}},"45":{"start":{"line":68,"column":2},"end":{"line":68,"column":null}},"46":{"start":{"line":69,"column":2},"end":{"line":69,"column":null}},"47":{"start":{"line":70,"column":2},"end":{"line":70,"column":null}}},"fnMap":{"0":{"name":"(anonymous_0)","decl":{"start":{"line":7,"column":0},"end":{"line":7,"column":12}},"loc":{"start":{"line":7,"column":20},"end":{"line":12,"column":1}}},"1":{"name":"(anonymous_1)","decl":{"start":{"line":14,"column":0},"end":{"line":14,"column":12}},"loc":{"start":{"line":14,"column":28},"end":{"line":20,"column":1}}},"2":{"name":"(anonymous_2)","decl":{"start":{"line":22,"column":0},"end":{"line":22,"column":12}},"loc":{"start":{"line":22,"column":24},"end":{"line":27,"column":1}}},"3":{"name":"(anonymous_3)","decl":{"start":{"line":29,"column":0},"end":{"line":29,"column":12}},"loc":{"start":{"line":29,"column":22},"end":{"line":34,"column":1}}},"4":{"name":"(anonymous_4)","decl":{"start":{"line":36,"column":0},"end":{"line":36,"column":12}},"loc":{"start":{"line":36,"column":22},"end":{"line":42,"column":1}}},"5":{"name":"(anonymous_5)","decl":{"start":{"line":44,"column":0},"end":{"line":44,"column":12}},"loc":{"start":{"line":44,"column":26},"end":{"line":51,"column":1}}},"6":{"name":"(anonymous_6)","decl":{"start":{"line":53,"column":0},"end":{"line":53,"column":12}},"loc":{"start":{"line":53,"column":27},"end":{"line":55,"column":1}}},"7":{"name":"(anonymous_7)","decl":{"start":{"line":57,"column":0},"end":{"line":57,"column":12}},"loc":{"start":{"line":57,"column":24},"end":{"line":65,"column":1}}},"8":{"name":"(anonymous_8)","decl":{"start":{"line":67,"column":0},"end":{"line":67,"column":12}},"loc":{"start":{"line":67,"column":24},"end":{"line":71,"column":1}}}},"branchMap":{"0":{"loc":{"start":{"line":7,"column":12},"end":{"line":7,"column":null}},"type":"binary-expr","locations":[{"start":{"line":7,"column":12},"end":{"line":7,"column":20}},{"start":{"line":7,"column":20},"end":{"line":7,"column":null}}]},"1":{"loc":{"start":{"line":14,"column":12},"end":{"line":14,"column":null}},"type":"binary-expr","locations":[{"start":{"line":14,"column":12},"end":{"line":14,"column":28}},{"start":{"line":14,"column":28},"end":{"line":14,"column":null}}]},"2":{"loc":{"start":{"line":22,"column":12},"end":{"line":22,"column":null}},"type":"binary-expr","locations":[{"start":{"line":22,"column":12},"end":{"line":22,"column":24}},{"start":{"line":22,"column":24},"end":{"line":22,"column":null}}]},"3":{"loc":{"start":{"line":29,"column":12},"end":{"line":29,"column":null}},"type":"binary-expr","locations":[{"start":{"line":29,"column":12},"end":{"line":29,"column":22}},{"start":{"line":29,"column":22},"end":{"line":29,"column":null}}]},"4":{"loc":{"start":{"line":36,"column":12},"end":{"line":36,"column":null}},"type":"binary-expr","locations":[{"start":{"line":36,"column":12},"end":{"line":36,"column":22}},{"start":{"line":36,"column":22},"end":{"line":36,"column":null}}]},"5":{"loc":{"start":{"line":44,"column":12},"end":{"line":44,"column":null}},"type":"binary-expr","locations":[{"start":{"line":44,"column":12},"end":{"line":44,"column":26}},{"start":{"line":44,"column":26},"end":{"line":44,"column":null}}]},"6":{"loc":{"start":{"line":53,"column":12},"end":{"line":53,"column":null}},"type":"binary-expr","locations":[{"start":{"line":53,"column":12},"end":{"line":53,"column":27}},{"start":{"line":53,"column":27},"end":{"line":53,"column":null}}]},"7":{"loc":{"start":{"line":57,"column":12},"end":{"line":57,"column":null}},"type":"binary-expr","locations":[{"start":{"line":57,"column":12},"end":{"line":57,"column":24}},{"start":{"line":57,"column":24},"end":{"line":57,"column":null}}]},"8":{"loc":{"start":{"line":67,"column":12},"end":{"line":67,"column":null}},"type":"binary-expr","locations":[{"start":{"line":67,"column":12},"end":{"line":67,"column":24}},{"start":{"line":67,"column":24},"end":{"line":67,"column":null}}]}},"s":{"0":15,"1":15,"2":15,"3":15,"4":15,"5":15,"6":15,"7":15,"8":15,"9":15,"10":15,"11":15,"12":15,"13":15,"14":15,"15":15,"16":15,"17":15,"18":15,"19":15,"20":15,"21":15,"22":15,"23":15,"24":15,"25":15,"26":15,"27":15,"28":15,"29":15,"30":15,"31":15,"32":15,"33":15,"34":15,"35":15,"36":15,"37":15,"38":15,"39":15,"40":15,"41":15,"42":15,"43":15,"44":15,"45":15,"46":15,"47":15},"f":{"0":15,"1":15,"2":15,"3":15,"4":15,"5":15,"6":15,"7":15,"8":15},"b":{"0":[15,15],"1":[15,15],"2":[15,15],"3":[15,15],"4":[15,15],"5":[15,15],"6":[15,15],"7":[15,15],"8":[15,15]}}
,"/home/bushido/siderhub_2/src/shared/utils/validation.ts": {"path":"/home/bushido/siderhub_2/src/shared/utils/validation.ts","statementMap":{"0":{"start":{"line":1,"column":0},"end":{"line":1,"column":24}},"1":{"start":{"line":2,"column":0},"end":{"line":2,"column":77}},"2":{"start":{"line":4,"column":13},"end":{"line":8,"column":12}},"3":{"start":{"line":10,"column":13},"end":{"line":15,"column":43}},"4":{"start":{"line":17,"column":13},"end":{"line":20,"column":3}},"5":{"start":{"line":22,"column":13},"end":{"line":27,"column":3}},"6":{"start":{"line":29,"column":13},"end":{"line":31,"column":3}},"7":{"start":{"line":33,"column":13},"end":{"line":39,"column":3}},"8":{"start":{"line":37,"column":23},"end":{"line":37,"column":51}},"9":{"start":{"line":41,"column":13},"end":{"line":60,"column":3}},"10":{"start":{"line":62,"column":13},"end":{"line":69,"column":3}},"11":{"start":{"line":71,"column":13},"end":{"line":77,"column":3}},"12":{"start":{"line":79,"column":13},"end":{"line":85,"column":3}}},"fnMap":{"0":{"name":"(anonymous_0)","decl":{"start":{"line":37,"column":12},"end":{"line":37,"column":13}},"loc":{"start":{"line":37,"column":23},"end":{"line":37,"column":51}}}},"branchMap":{},"s":{"0":11,"1":11,"2":11,"3":11,"4":11,"5":11,"6":11,"7":11,"8":1,"9":11,"10":11,"11":11,"12":11},"f":{"0":1},"b":{}}
}
