TN:
SF:src/backend/logger.ts
FN:13,(anonymous_0)
FN:14,(anonymous_1)
FN:15,(anonymous_2)
FN:16,(anonymous_3)
FN:19,createLogger
FN:21,(anonymous_5)
FN:22,(anonymous_6)
FN:23,(anonymous_7)
FN:24,(anonymous_8)
FNF:9
FNH:7
FNDA:2,(anonymous_0)
FNDA:11,(anonymous_1)
FNDA:7,(anonymous_2)
FNDA:0,(anonymous_3)
FNDA:35,createLogger
FNDA:2,(anonymous_5)
FNDA:11,(anonymous_6)
FNDA:7,(anonymous_7)
FNDA:0,(anonymous_8)
DA:12,6
DA:13,2
DA:14,11
DA:15,7
DA:16,0
DA:19,6
DA:20,35
DA:21,2
DA:22,11
DA:23,7
DA:24,0
DA:28,6
LF:12
LH:10
BRDA:13,0,0,2
BRDA:13,0,1,0
BRDA:14,1,0,11
BRDA:14,1,1,3
BRDA:15,2,0,7
BRDA:15,2,1,1
BRDA:16,3,0,0
BRDA:16,3,1,0
BRF:8
BRH:5
end_of_record
TN:
SF:src/backend/api/index.ts
FN:12,createApiRouter
FN:16,(anonymous_1)
FNF:2
FNH:2
FNDA:81,createApiRouter
FNDA:82,(anonymous_1)
DA:1,10
DA:2,10
DA:3,10
DA:4,10
DA:5,10
DA:6,10
DA:7,10
DA:8,10
DA:10,10
DA:12,10
DA:13,81
DA:16,81
DA:17,82
DA:18,82
DA:22,81
DA:23,81
DA:24,81
DA:25,81
DA:26,81
DA:27,81
DA:29,81
DA:31,81
LF:22
LH:22
BRDA:17,0,0,82
BRDA:17,0,1,82
BRF:2
BRH:2
end_of_record
TN:
SF:src/backend/api/academy/index.ts
FN:70,createAcademyRouter
FN:74,(anonymous_1)
FN:88,(anonymous_2)
FN:102,(anonymous_3)
FN:110,(anonymous_4)
FN:117,(anonymous_5)
FN:134,(anonymous_6)
FN:152,(anonymous_7)
FN:166,(anonymous_8)
FN:190,(anonymous_9)
FN:218,(anonymous_10)
FN:232,(anonymous_11)
FN:248,(anonymous_12)
FN:278,(anonymous_13)
FN:295,(anonymous_14)
FN:328,(anonymous_15)
FN:354,(anonymous_16)
FNF:17
FNH:16
FNDA:81,createAcademyRouter
FNDA:1,(anonymous_1)
FNDA:1,(anonymous_2)
FNDA:1,(anonymous_3)
FNDA:1,(anonymous_4)
FNDA:0,(anonymous_5)
FNDA:2,(anonymous_6)
FNDA:1,(anonymous_7)
FNDA:2,(anonymous_8)
FNDA:3,(anonymous_9)
FNDA:3,(anonymous_10)
FNDA:3,(anonymous_11)
FNDA:5,(anonymous_12)
FNDA:2,(anonymous_13)
FNDA:5,(anonymous_14)
FNDA:3,(anonymous_15)
FNDA:2,(anonymous_16)
DA:1,10
DA:2,10
DA:3,10
DA:4,10
DA:6,10
DA:8,10
DA:10,10
DA:21,10
DA:26,10
DA:30,10
DA:35,10
DA:36,10
DA:41,10
DA:45,10
DA:49,10
DA:53,10
DA:59,10
DA:60,10
DA:68,10
DA:70,10
DA:71,81
DA:72,81
DA:74,81
DA:75,1
DA:76,1
DA:77,0
DA:80,1
DA:81,1
DA:82,1
DA:84,0
DA:88,81
DA:89,1
DA:90,1
DA:91,0
DA:94,1
DA:95,1
DA:96,1
DA:98,0
DA:102,81
DA:103,1
DA:104,1
DA:105,0
DA:108,1
DA:109,1
DA:110,1
DA:111,1
DA:113,0
DA:117,81
DA:118,0
DA:119,0
DA:120,0
DA:123,0
DA:124,0
DA:125,0
DA:126,0
DA:128,0
DA:130,0
DA:134,81
DA:135,2
DA:136,2
DA:137,1
DA:140,1
DA:141,1
DA:146,1
DA:148,0
DA:152,81
DA:153,1
DA:154,1
DA:155,0
DA:158,1
DA:159,1
DA:160,1
DA:162,0
DA:166,81
DA:167,2
DA:168,2
DA:169,0
DA:172,2
DA:173,2
DA:174,1
DA:177,1
DA:178,1
DA:184,1
DA:186,0
DA:190,81
DA:191,3
DA:192,3
DA:193,0
DA:196,3
DA:197,3
DA:198,1
DA:201,2
DA:202,2
DA:209,2
DA:214,0
DA:218,81
DA:219,3
DA:220,3
DA:221,1
DA:224,2
DA:225,2
DA:226,2
DA:228,0
DA:232,81
DA:233,3
DA:234,3
DA:235,1
DA:238,2
DA:239,2
DA:242,2
DA:244,0
DA:248,81
DA:249,5
DA:250,5
DA:251,0
DA:254,5
DA:255,5
DA:256,2
DA:259,3
DA:261,3
DA:262,3
DA:268,2
DA:272,2
DA:274,1
DA:278,81
DA:279,2
DA:280,2
DA:281,0
DA:284,2
DA:285,2
DA:289,2
DA:291,0
DA:295,81
DA:296,5
DA:297,5
DA:298,0
DA:301,5
DA:302,5
DA:303,1
DA:306,4
DA:307,4
DA:308,1
DA:313,3
DA:322,2
DA:324,1
DA:328,81
DA:329,3
DA:330,3
DA:331,0
DA:334,3
DA:335,3
DA:336,1
DA:339,2
DA:340,2
DA:345,2
DA:347,0
DA:351,81
DA:355,2
DA:356,2
DA:357,2
DA:358,1
DA:361,1
DA:362,1
DA:363,0
DA:366,1
DA:367,1
DA:373,1
DA:375,0
DA:382,81
LF:169
LH:137
BRDA:76,0,0,0
BRDA:90,1,0,0
BRDA:95,2,0,1
BRDA:95,2,1,0
BRDA:96,3,0,1
BRDA:96,3,1,0
BRDA:104,4,0,0
BRDA:109,5,0,1
BRDA:109,5,1,1
BRDA:111,6,0,1
BRDA:111,6,1,1
BRDA:119,7,0,0
BRDA:125,8,0,0
BRDA:136,9,0,1
BRDA:154,10,0,0
BRDA:168,11,0,0
BRDA:173,12,0,1
BRDA:181,13,0,1
BRDA:181,13,1,0
BRDA:182,14,0,1
BRDA:182,14,1,0
BRDA:192,15,0,0
BRDA:197,16,0,1
BRDA:220,17,0,1
BRDA:234,18,0,1
BRDA:250,19,0,0
BRDA:255,20,0,2
BRDA:280,21,0,0
BRDA:297,22,0,0
BRDA:302,23,0,1
BRDA:307,24,0,1
BRDA:330,25,0,0
BRDA:335,26,0,1
BRDA:357,27,0,1
BRDA:357,28,0,2
BRDA:357,28,1,2
BRDA:362,29,0,0
BRF:37
BRH:20
end_of_record
TN:
SF:src/backend/api/admin/index.ts
FN:68,toModerationItem
FN:93,createAdminRouter
FN:109,(anonymous_2)
FN:128,(anonymous_3)
FN:140,(anonymous_4)
FN:149,(anonymous_5)
FN:167,(anonymous_6)
FN:186,(anonymous_7)
FN:205,(anonymous_8)
FN:230,(anonymous_9)
FN:239,(anonymous_10)
FN:256,(anonymous_11)
FN:276,(anonymous_12)
FN:291,(anonymous_13)
FN:310,(anonymous_14)
FN:337,(anonymous_15)
FN:365,(anonymous_16)
FN:393,(anonymous_17)
FN:417,(anonymous_18)
FNF:19
FNH:13
FNDA:1,toModerationItem
FNDA:81,createAdminRouter
FNDA:4,(anonymous_2)
FNDA:1,(anonymous_3)
FNDA:2,(anonymous_4)
FNDA:1,(anonymous_5)
FNDA:0,(anonymous_6)
FNDA:0,(anonymous_7)
FNDA:2,(anonymous_8)
FNDA:0,(anonymous_9)
FNDA:1,(anonymous_10)
FNDA:0,(anonymous_11)
FNDA:0,(anonymous_12)
FNDA:1,(anonymous_13)
FNDA:1,(anonymous_14)
FNDA:0,(anonymous_15)
FNDA:2,(anonymous_16)
FNDA:1,(anonymous_17)
FNDA:2,(anonymous_18)
DA:1,10
DA:2,10
DA:3,10
DA:4,10
DA:5,10
DA:7,10
DA:8,10
DA:12,10
DA:16,10
DA:20,10
DA:25,10
DA:33,10
DA:38,10
DA:44,10
DA:53,10
DA:59,10
DA:63,10
DA:72,1
DA:93,10
DA:94,81
DA:95,81
DA:96,81
DA:97,81
DA:100,81
DA:109,81
DA:110,4
DA:111,4
DA:112,1
DA:115,3
DA:116,3
DA:120,3
DA:124,0
DA:128,81
DA:129,1
DA:130,1
DA:131,1
DA:133,0
DA:140,81
DA:141,2
DA:142,2
DA:143,2
DA:145,0
DA:149,81
DA:150,1
DA:151,1
DA:152,0
DA:155,1
DA:156,1
DA:161,1
DA:163,0
DA:167,81
DA:168,0
DA:169,0
DA:170,0
DA:171,0
DA:172,0
DA:175,0
DA:176,0
DA:180,0
DA:182,0
DA:186,81
DA:187,0
DA:188,0
DA:189,0
DA:192,0
DA:193,0
DA:194,0
DA:196,0
DA:201,81
DA:206,2
DA:207,2
DA:208,0
DA:211,2
DA:212,2
DA:218,2
DA:224,0
DA:230,81
DA:231,0
DA:232,0
DA:233,0
DA:235,0
DA:239,81
DA:240,1
DA:241,1
DA:242,1
DA:243,0
DA:244,0
DA:247,1
DA:248,1
DA:249,1
DA:251,0
DA:256,81
DA:257,0
DA:258,0
DA:259,0
DA:262,0
DA:263,0
DA:270,0
DA:272,0
DA:276,81
DA:277,0
DA:278,0
DA:279,0
DA:282,0
DA:283,0
DA:284,0
DA:286,0
DA:291,81
DA:292,1
DA:293,1
DA:294,0
DA:297,1
DA:298,1
DA:299,1
DA:301,0
DA:306,81
DA:311,1
DA:312,1
DA:313,0
DA:316,1
DA:317,1
DA:318,1
DA:322,1
DA:323,1
DA:328,0
DA:333,81
DA:338,0
DA:339,0
DA:340,0
DA:343,0
DA:344,0
DA:345,0
DA:349,0
DA:350,0
DA:355,0
DA:361,81
DA:366,2
DA:367,2
DA:368,1
DA:371,1
DA:372,1
DA:373,1
DA:378,1
DA:384,0
DA:389,81
DA:394,1
DA:395,1
DA:396,0
DA:399,1
DA:400,1
DA:401,1
DA:406,1
DA:412,0
DA:417,81
DA:418,2
DA:419,2
DA:420,1
DA:423,1
DA:424,1
DA:433,1
DA:435,0
DA:439,81
LF:162
LH:101
BRDA:70,0,0,1
BRDA:77,1,0,1
BRDA:77,1,1,1
BRDA:78,2,0,1
BRDA:78,2,1,1
BRDA:79,3,0,1
BRDA:79,3,1,1
BRDA:81,4,0,1
BRDA:81,4,1,1
BRDA:111,5,0,1
BRDA:151,6,0,0
BRDA:158,7,0,1
BRDA:158,7,1,1
BRDA:170,8,0,0
BRDA:170,9,0,0
BRDA:170,9,1,0
BRDA:171,10,0,0
BRDA:171,10,1,0
BRDA:188,11,0,0
BRDA:207,12,0,0
BRDA:242,13,0,0
BRDA:242,14,0,1
BRDA:242,14,1,1
BRDA:243,15,0,0
BRDA:243,15,1,0
BRDA:258,16,0,0
BRDA:278,17,0,0
BRDA:293,18,0,0
BRDA:312,19,0,0
BRDA:339,20,0,0
BRDA:367,21,0,1
BRDA:395,22,0,0
BRDA:419,23,0,1
BRDA:430,24,0,1
BRDA:430,24,1,1
BRF:35
BRH:18
end_of_record
TN:
SF:src/backend/api/auth/index.ts
FN:14,createAuthRouter
FN:24,(anonymous_1)
FN:44,(anonymous_2)
FN:66,(anonymous_3)
FN:85,(anonymous_4)
FN:99,(anonymous_5)
FNF:6
FNH:2
FNDA:81,createAuthRouter
FNDA:2,(anonymous_1)
FNDA:0,(anonymous_2)
FNDA:0,(anonymous_3)
FNDA:0,(anonymous_4)
FNDA:0,(anonymous_5)
DA:1,10
DA:2,10
DA:8,10
DA:10,10
DA:11,10
DA:12,10
DA:14,10
DA:15,81
DA:16,81
DA:17,81
DA:24,81
DA:25,2
DA:26,2
DA:27,1
DA:30,1
DA:31,1
DA:32,1
DA:38,1
DA:40,0
DA:44,81
DA:45,0
DA:46,0
DA:47,0
DA:50,0
DA:51,0
DA:52,0
DA:60,0
DA:62,0
DA:66,81
DA:67,0
DA:68,0
DA:69,0
DA:72,0
DA:73,0
DA:74,0
DA:79,0
DA:81,0
DA:85,81
DA:86,0
DA:87,0
DA:88,0
DA:90,0
DA:91,0
DA:92,0
DA:93,0
DA:95,0
DA:99,81
DA:100,0
DA:101,0
DA:102,0
DA:104,0
DA:108,81
LF:52
LH:23
BRDA:26,0,0,1
BRDA:31,1,0,1
BRDA:31,1,1,1
BRDA:35,2,0,1
BRDA:35,2,1,0
BRDA:35,2,2,0
BRDA:46,3,0,0
BRDA:51,4,0,0
BRDA:51,4,1,0
BRDA:57,5,0,0
BRDA:57,5,1,0
BRDA:57,5,2,0
BRDA:68,6,0,0
BRDA:73,7,0,0
BRDA:73,7,1,0
BRDA:76,8,0,0
BRDA:76,8,1,0
BRDA:76,8,2,0
BRDA:86,9,0,0
BRDA:86,9,1,0
BRDA:87,10,0,0
BRF:21
BRH:4
end_of_record
TN:
SF:src/backend/api/cybervault/index.ts
FN:8,(anonymous_0)
FN:9,(anonymous_1)
FN:16,(anonymous_2)
FN:17,(anonymous_3)
FN:39,createCybervaultRouter
FN:43,(anonymous_5)
FN:68,(anonymous_6)
FN:85,(anonymous_7)
FNF:8
FNH:8
FNDA:30,(anonymous_0)
FNDA:3,(anonymous_1)
FNDA:4,(anonymous_2)
FNDA:4,(anonymous_3)
FNDA:81,createCybervaultRouter
FNDA:2,(anonymous_5)
FNDA:1,(anonymous_6)
FNDA:2,(anonymous_7)
DA:1,10
DA:2,10
DA:3,10
DA:4,10
DA:6,10
DA:8,10
DA:9,30
DA:10,3
DA:11,0
DA:13,3
DA:14,3
DA:16,4
DA:17,4
DA:19,0
DA:22,10
DA:36,10
DA:37,10
DA:39,10
DA:40,81
DA:41,81
DA:43,81
DA:44,2
DA:45,2
DA:46,0
DA:49,2
DA:50,2
DA:51,0
DA:53,2
DA:54,0
DA:56,2
DA:57,0
DA:60,2
DA:61,2
DA:62,2
DA:64,0
DA:68,81
DA:69,1
DA:70,1
DA:71,0
DA:74,1
DA:75,1
DA:76,1
DA:77,1
DA:79,0
DA:81,0
DA:85,81
DA:86,2
DA:87,2
DA:88,0
DA:91,2
DA:92,2
DA:93,2
DA:98,2
DA:100,0
DA:104,81
LF:55
LH:43
BRDA:10,0,0,0
BRDA:13,1,0,3
BRDA:45,2,0,0
BRDA:50,3,0,0
BRDA:50,4,0,2
BRDA:50,4,1,1
BRDA:53,5,0,0
BRDA:53,6,0,2
BRDA:53,6,1,1
BRDA:56,7,0,0
BRDA:56,8,0,2
BRDA:56,8,1,1
BRDA:70,9,0,0
BRDA:76,10,0,1
BRDA:87,11,0,0
BRDA:92,12,0,2
BRDA:92,12,1,0
BRDA:92,12,2,0
BRF:18
BRH:9
end_of_record
TN:
SF:src/backend/api/hidra/index.ts
FN:34,createHidraRouter
FN:38,(anonymous_1)
FN:47,(anonymous_2)
FN:65,(anonymous_3)
FN:88,(anonymous_4)
FN:111,(anonymous_5)
FN:124,(anonymous_6)
FN:142,(anonymous_7)
FNF:8
FNH:8
FNDA:81,createHidraRouter
FNDA:1,(anonymous_1)
FNDA:1,(anonymous_2)
FNDA:4,(anonymous_3)
FNDA:1,(anonymous_4)
FNDA:1,(anonymous_5)
FNDA:1,(anonymous_6)
FNDA:1,(anonymous_7)
DA:1,10
DA:2,10
DA:4,10
DA:5,10
DA:6,10
DA:8,10
DA:10,10
DA:12,10
DA:22,10
DA:26,10
DA:30,10
DA:34,10
DA:35,81
DA:36,81
DA:38,81
DA:39,1
DA:40,1
DA:41,1
DA:43,0
DA:47,81
DA:48,1
DA:49,1
DA:50,0
DA:52,1
DA:53,1
DA:59,1
DA:61,0
DA:65,81
DA:66,4
DA:67,4
DA:68,1
DA:71,3
DA:72,3
DA:82,2
DA:84,1
DA:88,81
DA:89,1
DA:90,1
DA:91,0
DA:94,1
DA:95,1
DA:96,0
DA:99,1
DA:100,1
DA:105,1
DA:107,0
DA:111,81
DA:112,1
DA:113,1
DA:114,1
DA:115,1
DA:116,0
DA:118,1
DA:120,0
DA:124,81
DA:125,1
DA:126,1
DA:127,0
DA:130,1
DA:131,1
DA:134,1
DA:136,0
DA:142,81
DA:143,1
DA:144,1
DA:145,0
DA:148,1
DA:149,1
DA:152,1
DA:154,0
DA:158,81
LF:71
LH:59
BRDA:49,0,0,0
BRDA:67,1,0,1
BRDA:79,2,0,3
BRDA:79,2,1,3
BRDA:90,3,0,0
BRDA:95,4,0,0
BRDA:115,5,0,0
BRDA:126,6,0,0
BRDA:144,7,0,0
BRF:9
BRH:3
end_of_record
TN:
SF:src/backend/api/hub/index.ts
FN:22,createHubRouter
FN:26,(anonymous_1)
FN:54,(anonymous_2)
FNF:3
FNH:3
FNDA:81,createHubRouter
FNDA:3,(anonymous_1)
FNDA:2,(anonymous_2)
DA:1,10
DA:2,10
DA:4,10
DA:5,10
DA:7,10
DA:16,10
DA:22,10
DA:23,81
DA:24,81
DA:26,81
DA:27,3
DA:28,3
DA:29,1
DA:32,2
DA:33,2
DA:38,2
DA:47,0
DA:51,81
DA:52,81
DA:54,81
DA:55,2
DA:56,2
DA:57,0
DA:60,2
DA:61,2
DA:62,2
DA:63,1
DA:64,1
DA:67,1
DA:68,1
DA:69,1
DA:71,0
DA:75,81
LF:33
LH:30
BRDA:28,0,0,1
BRDA:56,1,0,0
BRDA:62,2,0,1
BRDA:68,3,0,1
BRDA:68,3,1,0
BRF:5
BRH:3
end_of_record
TN:
SF:src/backend/api/utils/responses.ts
FN:4,buildMeta
FN:15,timestamp
FN:19,respondSuccess
FN:34,respondError
FN:49,respondValidationError
FNF:5
FNH:5
FNDA:71,buildMeta
FNDA:71,timestamp
FNDA:53,respondSuccess
FNDA:18,respondError
FNDA:17,respondValidationError
DA:5,71
DA:6,71
DA:7,0
DA:9,71
DA:16,71
DA:19,10
DA:20,53
DA:26,53
DA:27,53
DA:28,53
DA:31,53
DA:34,10
DA:35,18
DA:41,18
DA:42,18
DA:43,18
DA:46,18
DA:49,10
DA:50,17
LF:19
LH:18
BRDA:6,0,0,0
BRDA:6,1,0,71
BRDA:6,1,1,0
BRDA:10,2,0,71
BRDA:10,2,1,51
BRDA:11,3,0,71
BRDA:11,3,1,0
BRDA:27,4,0,53
BRDA:42,5,0,18
BRF:9
BRH:6
end_of_record
TN:
SF:src/backend/errors/AppError.ts
FN:14,(anonymous_0)
FN:27,isAppError
FNF:2
FNH:2
FNDA:23,(anonymous_0)
FNDA:11,isAppError
DA:9,16
DA:15,23
DA:16,23
DA:17,23
DA:18,23
DA:19,23
DA:20,23
DA:21,1
DA:23,23
DA:27,16
DA:28,11
LF:11
LH:11
BRDA:18,0,0,23
BRDA:18,0,1,5
BRDA:20,1,0,1
BRF:3
BRH:3
end_of_record
TN:
SF:src/backend/jobs/index.ts
FN:15,initJobs
FN:43,shutdownJobs
FN:66,runtimeSafeAdd
FN:72,(anonymous_3)
FNF:4
FNH:3
FNDA:3,initJobs
FNDA:1,shutdownJobs
FNDA:2,runtimeSafeAdd
FNDA:0,(anonymous_3)
DA:2,1
DA:3,1
DA:4,1
DA:5,1
DA:6,1
DA:8,1
DA:15,1
DA:16,3
DA:17,3
DA:18,1
DA:19,1
DA:22,2
DA:23,2
DA:24,1
DA:25,1
DA:28,1
DA:29,1
DA:31,1
DA:32,1
DA:34,1
DA:36,1
DA:38,0
DA:40,1
DA:43,1
DA:44,1
DA:45,1
DA:46,1
DA:47,3
DA:49,1
DA:51,1
DA:52,1
DA:53,1
DA:54,1
DA:55,1
DA:56,1
DA:57,1
DA:58,1
DA:59,1
DA:61,0
DA:72,2
LF:40
LH:38
BRDA:16,0,0,3
BRDA:16,0,1,2
BRDA:17,1,0,1
BRDA:23,2,0,1
BRDA:44,3,0,0
BRDA:47,4,0,3
BRF:6
BRH:5
end_of_record
TN:
SF:src/backend/middleware/authGuard.ts
FN:5,createAuthGuard
FN:6,authGuard
FNF:2
FNH:2
FNDA:486,createAuthGuard
FNDA:80,authGuard
DA:2,10
DA:5,10
DA:6,486
DA:7,80
DA:8,80
DA:9,3
DA:11,77
DA:12,77
DA:13,77
DA:14,77
DA:19,77
DA:21,0
LF:12
LH:11
BRDA:7,0,0,80
BRDA:7,0,1,3
BRDA:8,1,0,3
BRDA:8,2,0,80
BRDA:8,2,1,77
BRF:5
BRH:5
end_of_record
TN:
SF:src/backend/middleware/errorHandler.ts
FN:5,errorHandler
FN:6,(anonymous_1)
FNF:2
FNH:2
FNDA:81,errorHandler
FNDA:11,(anonymous_1)
DA:2,10
DA:5,10
DA:6,81
DA:7,11
DA:9,11
DA:10,11
DA:20,11
DA:23,0
DA:24,0
DA:34,0
LF:10
LH:7
BRDA:9,0,0,11
BRDA:20,1,0,11
BRDA:20,1,1,0
BRDA:29,2,0,0
BRDA:29,2,1,0
BRF:5
BRH:2
end_of_record
TN:
SF:src/backend/middleware/rateLimit.ts
FN:5,ensureRequestId
FN:16,buildHandler
FN:17,(anonymous_3)
FN:41,createLimiter
FNF:4
FNH:2
FNDA:0,ensureRequestId
FNDA:30,buildHandler
FNDA:0,(anonymous_3)
FNDA:30,createLimiter
DA:1,10
DA:3,10
DA:6,0
DA:7,0
DA:8,0
DA:9,0
DA:11,0
DA:12,0
DA:13,0
DA:17,30
DA:18,0
DA:19,0
DA:20,0
DA:21,0
DA:37,0
DA:42,30
DA:53,10
DA:59,10
DA:65,10
LF:19
LH:7
BRDA:6,0,0,0
BRDA:6,0,1,0
BRDA:7,1,0,0
BRDA:20,2,0,0
BRDA:20,2,1,0
BRDA:27,3,0,0
BRDA:27,3,1,0
BRDA:28,4,0,0
BRDA:28,4,1,0
BRDA:37,5,0,0
BRDA:37,5,1,0
BRDA:43,6,0,30
BRDA:43,6,1,0
BRDA:44,7,0,30
BRDA:44,7,1,0
BRDA:45,8,0,30
BRDA:45,8,1,30
BRDA:46,9,0,30
BRDA:46,9,1,30
BRF:19
BRH:6
end_of_record
TN:
SF:src/backend/middleware/roleGuard.ts
FN:9,roleGuard
FN:10,(anonymous_1)
FNF:2
FNH:2
FNDA:162,roleGuard
FNDA:23,(anonymous_1)
DA:2,10
DA:9,10
DA:10,162
DA:11,23
DA:12,0
DA:15,23
DA:16,23
DA:17,5
DA:21,18
LF:9
LH:8
BRDA:11,0,0,0
BRDA:15,1,0,23
BRDA:15,2,0,23
BRDA:15,2,1,23
BRDA:16,3,0,5
BRF:5
BRH:4
end_of_record
TN:
SF:src/backend/services/academy/AcademyService.ts
FN:163,(anonymous_0)
FN:167,(anonymous_1)
FN:182,(anonymous_2)
FN:197,(anonymous_3)
FN:199,(anonymous_4)
FN:203,(anonymous_5)
FN:208,(anonymous_6)
FN:213,(anonymous_7)
FN:225,(anonymous_8)
FN:227,(anonymous_9)
FN:230,(anonymous_10)
FN:242,(anonymous_11)
FN:245,(anonymous_12)
FN:268,(anonymous_13)
FN:275,(anonymous_14)
FN:294,(anonymous_15)
FN:356,(anonymous_16)
FN:371,(anonymous_17)
FN:377,(anonymous_18)
FN:397,(anonymous_19)
FN:399,(anonymous_20)
FN:424,(anonymous_21)
FN:444,(anonymous_22)
FN:474,(anonymous_23)
FN:475,(anonymous_24)
FN:477,(anonymous_25)
FN:509,(anonymous_26)
FN:538,(anonymous_27)
FN:611,(anonymous_28)
FN:634,(anonymous_29)
FN:637,(anonymous_30)
FN:643,(anonymous_31)
FN:659,(anonymous_32)
FN:662,(anonymous_33)
FN:668,(anonymous_34)
FN:696,(anonymous_35)
FN:706,(anonymous_36)
FN:773,(anonymous_37)
FN:777,(anonymous_38)
FN:808,(anonymous_39)
FN:838,(anonymous_40)
FN:881,(anonymous_41)
FN:925,(anonymous_42)
FN:927,(anonymous_43)
FN:930,(anonymous_44)
FN:940,(anonymous_45)
FN:945,(anonymous_46)
FN:959,(anonymous_47)
FN:960,(anonymous_48)
FN:962,(anonymous_49)
FN:966,(anonymous_50)
FN:979,(anonymous_51)
FN:996,(anonymous_52)
FN:1007,(anonymous_53)
FN:1016,(anonymous_54)
FN:1027,(anonymous_55)
FN:1064,(anonymous_56)
FN:1073,(anonymous_57)
FN:1085,(anonymous_58)
FN:1097,(anonymous_59)
FN:1137,(anonymous_60)
FN:1146,(anonymous_61)
FN:1151,(anonymous_62)
FN:1162,(anonymous_63)
FN:1170,(anonymous_64)
FN:1173,(anonymous_65)
FN:1175,(anonymous_66)
FN:1186,(anonymous_67)
FN:1194,(anonymous_68)
FN:1202,(anonymous_69)
FN:1213,(anonymous_70)
FN:1219,(anonymous_71)
FN:1226,(anonymous_72)
FN:1249,(anonymous_73)
FN:1261,(anonymous_74)
FN:1265,(anonymous_75)
FN:1266,(anonymous_76)
FN:1285,(anonymous_77)
FN:1292,(anonymous_78)
FN:1302,(anonymous_79)
FN:1313,(anonymous_80)
FN:1322,(anonymous_81)
FN:1326,(anonymous_82)
FNF:83
FNH:47
FNDA:14,(anonymous_0)
FNDA:0,(anonymous_1)
FNDA:1,(anonymous_2)
FNDA:1,(anonymous_3)
FNDA:2,(anonymous_4)
FNDA:1,(anonymous_5)
FNDA:0,(anonymous_6)
FNDA:0,(anonymous_7)
FNDA:0,(anonymous_8)
FNDA:0,(anonymous_9)
FNDA:0,(anonymous_10)
FNDA:0,(anonymous_11)
FNDA:2,(anonymous_12)
FNDA:0,(anonymous_13)
FNDA:0,(anonymous_14)
FNDA:1,(anonymous_15)
FNDA:0,(anonymous_16)
FNDA:0,(anonymous_17)
FNDA:1,(anonymous_18)
FNDA:1,(anonymous_19)
FNDA:0,(anonymous_20)
FNDA:0,(anonymous_21)
FNDA:0,(anonymous_22)
FNDA:0,(anonymous_23)
FNDA:0,(anonymous_24)
FNDA:0,(anonymous_25)
FNDA:1,(anonymous_26)
FNDA:2,(anonymous_27)
FNDA:3,(anonymous_28)
FNDA:2,(anonymous_29)
FNDA:2,(anonymous_30)
FNDA:1,(anonymous_31)
FNDA:1,(anonymous_32)
FNDA:1,(anonymous_33)
FNDA:0,(anonymous_34)
FNDA:0,(anonymous_35)
FNDA:0,(anonymous_36)
FNDA:0,(anonymous_37)
FNDA:1,(anonymous_38)
FNDA:1,(anonymous_39)
FNDA:0,(anonymous_40)
FNDA:0,(anonymous_41)
FNDA:0,(anonymous_42)
FNDA:0,(anonymous_43)
FNDA:3,(anonymous_44)
FNDA:3,(anonymous_45)
FNDA:5,(anonymous_46)
FNDA:5,(anonymous_47)
FNDA:0,(anonymous_48)
FNDA:5,(anonymous_49)
FNDA:4,(anonymous_50)
FNDA:1,(anonymous_51)
FNDA:2,(anonymous_52)
FNDA:4,(anonymous_53)
FNDA:3,(anonymous_54)
FNDA:0,(anonymous_55)
FNDA:0,(anonymous_56)
FNDA:0,(anonymous_57)
FNDA:0,(anonymous_58)
FNDA:1,(anonymous_59)
FNDA:1,(anonymous_60)
FNDA:1,(anonymous_61)
FNDA:1,(anonymous_62)
FNDA:10,(anonymous_63)
FNDA:2,(anonymous_64)
FNDA:0,(anonymous_65)
FNDA:1,(anonymous_66)
FNDA:10,(anonymous_67)
FNDA:10,(anonymous_68)
FNDA:10,(anonymous_69)
FNDA:10,(anonymous_70)
FNDA:10,(anonymous_71)
FNDA:15,(anonymous_72)
FNDA:15,(anonymous_73)
FNDA:0,(anonymous_74)
FNDA:0,(anonymous_75)
FNDA:0,(anonymous_76)
FNDA:0,(anonymous_77)
FNDA:0,(anonymous_78)
FNDA:28,(anonymous_79)
FNDA:1,(anonymous_80)
FNDA:15,(anonymous_81)
FNDA:4,(anonymous_82)
DA:1,1
DA:19,1
DA:20,1
DA:22,1
DA:70,1
DA:81,1
DA:87,1
DA:94,1
DA:100,1
DA:108,1
DA:115,1
DA:121,1
DA:127,1
DA:132,1
DA:138,1
DA:139,1
DA:141,1
DA:147,1
DA:148,1
DA:150,1
DA:160,1
DA:163,14
DA:164,14
DA:168,0
DA:169,0
DA:178,0
DA:179,0
DA:183,1
DA:184,1
DA:185,1
DA:186,0
DA:189,1
DA:190,1
DA:191,1
DA:192,0
DA:193,0
DA:196,1
DA:197,1
DA:200,2
DA:203,1
DA:205,1
DA:209,0
DA:210,0
DA:214,0
DA:215,0
DA:217,0
DA:218,0
DA:219,0
DA:221,0
DA:222,0
DA:225,0
DA:226,0
DA:227,0
DA:229,0
DA:231,0
DA:232,0
DA:233,0
DA:238,0
DA:240,0
DA:242,0
DA:246,2
DA:247,2
DA:248,2
DA:249,2
DA:250,2
DA:252,1
DA:259,1
DA:265,1
DA:269,0
DA:270,0
DA:271,0
DA:272,0
DA:276,0
DA:277,0
DA:279,0
DA:280,0
DA:281,0
DA:282,0
DA:283,0
DA:284,0
DA:285,0
DA:287,0
DA:288,0
DA:291,0
DA:303,1
DA:304,1
DA:305,1
DA:306,0
DA:313,1
DA:314,1
DA:315,1
DA:317,1
DA:318,1
DA:319,1
DA:320,1
DA:321,1
DA:322,1
DA:323,1
DA:324,1
DA:327,1
DA:335,1
DA:342,1
DA:357,0
DA:358,0
DA:359,0
DA:360,0
DA:361,0
DA:363,0
DA:372,0
DA:373,0
DA:374,0
DA:378,1
DA:379,1
DA:381,1
DA:382,1
DA:383,0
DA:385,1
DA:386,1
DA:387,1
DA:389,1
DA:390,1
DA:391,0
DA:394,1
DA:395,1
DA:397,1
DA:398,1
DA:399,0
DA:402,1
DA:403,1
DA:405,1
DA:414,1
DA:421,1
DA:425,0
DA:426,0
DA:427,0
DA:429,0
DA:430,0
DA:431,0
DA:434,0
DA:450,0
DA:455,0
DA:456,0
DA:458,0
DA:459,0
DA:460,0
DA:461,0
DA:465,0
DA:466,0
DA:467,0
DA:468,0
DA:472,0
DA:473,0
DA:474,0
DA:475,0
DA:477,0
DA:478,0
DA:480,0
DA:482,0
DA:483,0
DA:484,0
DA:486,0
DA:487,0
DA:490,0
DA:499,0
DA:506,0
DA:510,1
DA:511,1
DA:512,1
DA:513,1
DA:514,1
DA:516,1
DA:517,0
DA:520,1
DA:521,1
DA:529,1
DA:535,1
DA:544,2
DA:545,2
DA:546,2
DA:547,0
DA:550,2
DA:551,2
DA:552,2
DA:553,2
DA:555,2
DA:556,0
DA:559,2
DA:560,0
DA:563,2
DA:564,2
DA:565,1
DA:566,1
DA:567,0
DA:569,1
DA:570,1
DA:571,1
DA:577,0
DA:578,0
DA:587,1
DA:588,1
DA:590,1
DA:599,1
DA:608,1
DA:618,3
DA:619,3
DA:620,3
DA:621,3
DA:622,3
DA:624,2
DA:630,2
DA:631,0
DA:634,2
DA:635,2
DA:637,2
DA:648,1
DA:649,1
DA:655,1
DA:656,0
DA:659,1
DA:660,1
DA:662,1
DA:673,0
DA:676,0
DA:683,0
DA:690,0
DA:691,0
DA:692,0
DA:694,0
DA:695,0
DA:697,0
DA:698,0
DA:699,0
DA:705,0
DA:706,0
DA:707,0
DA:708,0
DA:709,0
DA:710,0
DA:711,0
DA:712,0
DA:713,0
DA:717,0
DA:718,0
DA:719,0
DA:720,0
DA:742,0
DA:743,0
DA:744,0
DA:746,0
DA:747,0
DA:749,0
DA:750,0
DA:751,0
DA:773,0
DA:774,0
DA:778,1
DA:779,1
DA:780,1
DA:781,0
DA:784,1
DA:785,0
DA:788,1
DA:789,1
DA:796,1
DA:798,1
DA:804,1
DA:809,1
DA:810,1
DA:811,1
DA:812,0
DA:815,1
DA:816,0
DA:819,1
DA:820,1
DA:827,1
DA:829,1
DA:835,1
DA:839,0
DA:841,0
DA:842,0
DA:843,0
DA:846,0
DA:847,0
DA:848,0
DA:851,0
DA:853,0
DA:863,0
DA:871,0
DA:878,0
DA:882,0
DA:884,0
DA:885,0
DA:886,0
DA:889,0
DA:890,0
DA:891,0
DA:894,0
DA:896,0
DA:906,0
DA:914,0
DA:921,0
DA:926,0
DA:927,0
DA:931,3
DA:932,3
DA:933,5
DA:934,5
DA:935,5
DA:937,3
DA:941,3
DA:942,1
DA:945,5
DA:950,2
DA:951,2
DA:952,5
DA:953,5
DA:954,5
DA:955,5
DA:956,5
DA:959,2
DA:960,5
DA:962,2
DA:963,5
DA:964,5
DA:966,5
DA:967,4
DA:968,1
DA:969,1
DA:971,3
DA:972,3
DA:976,2
DA:980,1
DA:981,1
DA:982,1
DA:983,2
DA:984,2
DA:985,1
DA:987,1
DA:988,1
DA:989,0
DA:991,1
DA:993,1
DA:1002,2
DA:1003,2
DA:1004,0
DA:1007,2
DA:1008,4
DA:1011,2
DA:1012,0
DA:1015,2
DA:1017,3
DA:1034,0
DA:1035,0
DA:1036,0
DA:1040,0
DA:1041,0
DA:1042,0
DA:1043,0
DA:1044,0
DA:1045,0
DA:1049,0
DA:1050,0
DA:1051,0
DA:1052,0
DA:1053,0
DA:1054,0
DA:1055,0
DA:1056,0
DA:1060,0
DA:1061,0
DA:1064,0
DA:1065,0
DA:1068,0
DA:1069,0
DA:1072,0
DA:1074,0
DA:1086,0
DA:1087,0
DA:1088,0
DA:1109,1
DA:1110,1
DA:1112,1
DA:1114,1
DA:1115,1
DA:1117,1
DA:1118,1
DA:1120,1
DA:1124,1
DA:1126,1
DA:1138,1
DA:1139,1
DA:1140,1
DA:1141,1
DA:1143,0
DA:1147,1
DA:1148,1
DA:1152,1
DA:1153,0
DA:1155,1
DA:1156,1
DA:1157,0
DA:1159,1
DA:1163,10
DA:1164,10
DA:1165,0
DA:1167,10
DA:1171,2
DA:1172,2
DA:1173,2
DA:1174,2
DA:1175,2
DA:1176,2
DA:1177,3
DA:1178,1
DA:1179,1
DA:1183,2
DA:1187,10
DA:1188,10
DA:1189,0
DA:1191,10
DA:1195,10
DA:1196,10
DA:1208,10
DA:1209,2
DA:1219,10
DA:1220,10
DA:1221,0
DA:1223,10
DA:1233,15
DA:1234,0
DA:1237,15
DA:1238,2
DA:1241,13
DA:1242,13
DA:1243,3
DA:1246,10
DA:1255,15
DA:1256,15
DA:1257,2
DA:1260,13
DA:1261,0
DA:1262,0
DA:1263,0
DA:1265,0
DA:1266,0
DA:1267,0
DA:1268,0
DA:1272,13
DA:1273,0
DA:1274,0
DA:1275,0
DA:1276,0
DA:1277,0
DA:1282,13
DA:1286,0
DA:1287,0
DA:1288,0
DA:1291,0
DA:1292,0
DA:1293,0
DA:1294,0
DA:1295,0
DA:1299,0
DA:1303,28
DA:1304,22
DA:1306,6
DA:1307,6
DA:1308,0
DA:1310,6
DA:1314,1
DA:1315,1
DA:1316,1
DA:1317,1
DA:1319,0
DA:1323,15
DA:1327,4
LF:476
LH:254
BRDA:164,0,0,14
BRDA:164,0,1,14
BRDA:167,1,0,0
BRDA:170,2,0,0
BRDA:170,2,1,0
BRDA:171,3,0,0
BRDA:171,3,1,0
BRDA:185,4,0,0
BRDA:191,5,0,0
BRDA:193,6,0,0
BRDA:193,6,1,0
BRDA:208,7,0,0
BRDA:213,8,0,0
BRDA:218,9,0,0
BRDA:221,10,0,0
BRDA:232,11,0,0
BRDA:279,12,0,0
BRDA:279,12,1,0
BRDA:282,13,0,0
BRDA:282,13,1,0
BRDA:284,14,0,0
BRDA:287,15,0,0
BRDA:305,16,0,0
BRDA:320,17,0,1
BRDA:320,17,1,0
BRDA:321,18,0,0
BRDA:321,18,1,1
BRDA:323,19,0,1
BRDA:382,20,0,0
BRDA:390,21,0,0
BRDA:399,22,0,0
BRDA:399,22,1,0
BRDA:399,23,0,0
BRDA:399,23,1,0
BRDA:403,24,0,0
BRDA:403,24,1,1
BRDA:430,25,0,0
BRDA:452,26,0,0
BRDA:452,26,1,0
BRDA:467,27,0,0
BRDA:478,28,0,0
BRDA:478,28,1,0
BRDA:478,28,2,0
BRDA:480,29,0,0
BRDA:480,29,1,0
BRDA:483,30,0,0
BRDA:483,31,0,0
BRDA:483,31,1,0
BRDA:484,32,0,0
BRDA:484,32,1,0
BRDA:486,33,0,0
BRDA:486,34,0,0
BRDA:486,34,1,0
BRDA:487,35,0,0
BRDA:487,35,1,0
BRDA:495,36,0,0
BRDA:495,36,1,0
BRDA:516,37,0,0
BRDA:526,38,0,1
BRDA:526,38,1,0
BRDA:546,39,0,0
BRDA:555,40,0,0
BRDA:559,41,0,0
BRDA:564,42,0,1
BRDA:566,43,0,0
BRDA:566,44,0,1
BRDA:566,44,1,1
BRDA:570,45,0,1
BRDA:577,46,0,0
BRDA:587,47,0,1
BRDA:587,47,1,0
BRDA:587,47,2,0
BRDA:588,48,0,1
BRDA:588,48,1,0
BRDA:594,49,0,1
BRDA:594,49,1,1
BRDA:603,50,0,1
BRDA:603,50,1,1
BRDA:630,51,0,0
BRDA:639,52,0,2
BRDA:639,52,1,1
BRDA:643,53,0,0
BRDA:652,54,0,1
BRDA:652,54,1,1
BRDA:655,55,0,0
BRDA:664,56,0,1
BRDA:664,56,1,0
BRDA:668,57,0,0
BRDA:698,58,0,0
BRDA:708,59,0,0
BRDA:729,60,0,0
BRDA:729,60,1,0
BRDA:744,61,0,0
BRDA:760,62,0,0
BRDA:760,62,1,0
BRDA:780,63,0,0
BRDA:784,64,0,0
BRDA:784,65,0,1
BRDA:784,65,1,0
BRDA:811,66,0,0
BRDA:815,67,0,0
BRDA:815,68,0,1
BRDA:815,68,1,0
BRDA:842,69,0,0
BRDA:847,70,0,0
BRDA:847,71,0,0
BRDA:847,71,1,0
BRDA:853,72,0,0
BRDA:853,72,1,0
BRDA:885,73,0,0
BRDA:890,74,0,0
BRDA:890,75,0,0
BRDA:890,75,1,0
BRDA:896,76,0,0
BRDA:896,76,1,0
BRDA:925,77,0,0
BRDA:933,78,0,5
BRDA:933,78,1,2
BRDA:941,79,0,1
BRDA:953,80,0,5
BRDA:953,80,1,2
BRDA:954,81,0,5
BRDA:954,81,1,5
BRDA:963,82,0,5
BRDA:963,82,1,1
BRDA:967,83,0,1
BRDA:981,84,0,1
BRDA:981,84,1,0
BRDA:984,85,0,1
BRDA:988,86,0,0
BRDA:991,87,0,1
BRDA:991,87,1,0
BRDA:1003,88,0,0
BRDA:1008,89,0,2
BRDA:1008,89,1,2
BRDA:1011,90,0,0
BRDA:1035,91,0,0
BRDA:1042,92,0,0
BRDA:1042,92,1,0
BRDA:1043,93,0,0
BRDA:1043,93,1,0
BRDA:1053,94,0,0
BRDA:1053,94,1,0
BRDA:1060,95,0,0
BRDA:1065,96,0,0
BRDA:1065,96,1,0
BRDA:1068,97,0,0
BRDA:1087,98,0,0
BRDA:1087,98,1,0
BRDA:1109,99,0,1
BRDA:1109,99,1,0
BRDA:1112,100,0,1
BRDA:1112,100,1,0
BRDA:1114,101,0,1
BRDA:1114,101,1,0
BRDA:1115,102,0,1
BRDA:1115,102,1,0
BRDA:1120,103,0,1
BRDA:1120,103,1,0
BRDA:1120,103,2,0
BRDA:1120,103,3,0
BRDA:1124,104,0,1
BRDA:1124,104,1,0
BRDA:1124,104,2,0
BRDA:1139,105,0,1
BRDA:1147,106,0,1
BRDA:1147,106,1,0
BRDA:1152,107,0,0
BRDA:1156,108,0,0
BRDA:1164,109,0,0
BRDA:1177,110,0,1
BRDA:1188,111,0,0
BRDA:1198,112,0,10
BRDA:1198,112,1,10
BRDA:1208,113,0,2
BRDA:1220,114,0,0
BRDA:1233,115,0,0
BRDA:1237,116,0,2
BRDA:1242,117,0,3
BRDA:1242,118,0,13
BRDA:1242,118,1,4
BRDA:1256,119,0,2
BRDA:1256,120,0,15
BRDA:1256,120,1,2
BRDA:1260,121,0,0
BRDA:1262,122,0,0
BRDA:1267,123,0,0
BRDA:1272,124,0,0
BRDA:1274,125,0,0
BRDA:1276,126,0,0
BRDA:1287,127,0,0
BRDA:1291,128,0,0
BRDA:1293,129,0,0
BRDA:1293,129,1,0
BRDA:1294,130,0,0
BRDA:1303,131,0,22
BRDA:1307,132,0,0
BRDA:1315,133,0,1
BRDA:1315,134,0,1
BRDA:1315,134,1,1
BRDA:1317,135,0,1
BRDA:1317,135,1,0
BRDA:1323,136,0,15
BRDA:1323,136,1,0
BRF:204
BRH:64
end_of_record
TN:
SF:src/backend/services/auth/PasswordService.ts
FN:10,(anonymous_1)
FN:14,(anonymous_2)
FN:18,(anonymous_3)
FNF:3
FNH:3
FNDA:3,(anonymous_1)
FNDA:2,(anonymous_2)
FNDA:1,(anonymous_3)
DA:1,1
DA:7,1
DA:11,3
DA:15,2
DA:19,1
LF:5
LH:5
BRDA:11,0,0,3
BRDA:11,0,1,2
BRF:2
BRH:2
end_of_record
TN:
SF:src/backend/services/auth/TokenService.ts
FN:33,(anonymous_1)
FN:35,(anonymous_2)
FN:43,(anonymous_3)
FN:51,(anonymous_4)
FN:55,(anonymous_5)
FN:59,(anonymous_6)
FN:78,(anonymous_7)
FN:93,(anonymous_8)
FNF:8
FNH:8
FNDA:4,(anonymous_1)
FNDA:1,(anonymous_2)
FNDA:1,(anonymous_3)
FNDA:2,(anonymous_4)
FNDA:2,(anonymous_5)
FNDA:4,(anonymous_6)
FNDA:2,(anonymous_7)
FNDA:4,(anonymous_8)
DA:1,1
DA:3,1
DA:32,1
DA:33,4
DA:36,1
DA:40,1
DA:44,1
DA:48,1
DA:52,2
DA:56,2
DA:60,4
DA:61,4
DA:62,3
DA:63,1
DA:65,2
DA:71,2
DA:72,1
DA:74,1
DA:79,2
DA:80,2
DA:81,2
DA:82,2
DA:84,2
DA:85,2
DA:87,2
DA:88,2
DA:90,2
DA:94,4
DA:95,4
DA:96,4
DA:97,4
DA:99,4
DA:100,4
DA:102,4
LF:34
LH:34
BRDA:62,0,0,1
BRDA:71,1,0,1
BRDA:81,2,0,2
BRDA:84,3,0,2
BRDA:87,4,0,2
BRDA:96,5,0,4
BRDA:99,6,0,4
BRF:7
BRH:7
end_of_record
TN:
SF:src/backend/services/cybervault/CybervaultService.ts
FN:33,(anonymous_0)
FN:72,(anonymous_1)
FN:76,(anonymous_2)
FN:102,(anonymous_3)
FN:107,(anonymous_4)
FN:112,(anonymous_5)
FN:143,(anonymous_6)
FN:147,(anonymous_7)
FNF:8
FNH:8
FNDA:2,(anonymous_0)
FNDA:5,(anonymous_1)
FNDA:1,(anonymous_2)
FNDA:2,(anonymous_3)
FNDA:1,(anonymous_4)
FNDA:2,(anonymous_5)
FNDA:1,(anonymous_6)
FNDA:1,(anonymous_7)
DA:1,1
DA:2,1
DA:4,1
DA:6,1
DA:8,1
DA:15,1
DA:29,1
DA:33,2
DA:35,1
DA:41,1
DA:42,1
DA:69,1
DA:72,5
DA:73,5
DA:77,1
DA:78,1
DA:90,1
DA:91,1
DA:93,1
DA:103,2
DA:104,1
DA:108,1
DA:109,1
DA:113,2
DA:114,2
DA:115,2
DA:116,1
DA:119,1
DA:121,1
DA:128,1
DA:129,1
DA:131,1
DA:136,1
DA:144,1
DA:148,1
LF:35
LH:35
BRDA:73,0,0,5
BRDA:73,0,1,5
BRDA:76,1,0,0
BRDA:79,2,0,1
BRDA:79,2,1,1
BRDA:80,3,0,1
BRDA:80,3,1,0
BRDA:91,4,0,0
BRDA:91,4,1,1
BRDA:107,5,0,1
BRDA:115,6,0,1
BRDA:138,7,0,1
BRDA:138,7,1,0
BRDA:144,8,0,1
BRDA:144,8,1,0
BRF:15
BRH:10
end_of_record
TN:
SF:src/backend/services/hidra/EvolutionClient.ts
FN:84,(anonymous_0)
FN:91,(anonymous_1)
FN:98,(anonymous_2)
FN:108,(anonymous_3)
FN:115,(anonymous_4)
FN:122,(anonymous_5)
FN:128,(anonymous_6)
FN:137,(anonymous_7)
FN:151,(anonymous_8)
FN:194,(anonymous_9)
FNF:10
FNH:5
FNDA:0,(anonymous_0)
FNDA:6,(anonymous_1)
FNDA:1,(anonymous_2)
FNDA:2,(anonymous_3)
FNDA:0,(anonymous_4)
FNDA:0,(anonymous_5)
FNDA:3,(anonymous_6)
FNDA:0,(anonymous_7)
FNDA:0,(anonymous_8)
FNDA:1,(anonymous_9)
DA:1,2
DA:2,2
DA:4,2
DA:57,2
DA:59,2
DA:67,2
DA:75,2
DA:84,0
DA:88,2
DA:91,6
DA:92,6
DA:93,6
DA:94,1
DA:99,1
DA:100,1
DA:101,0
DA:103,1
DA:104,1
DA:109,2
DA:116,0
DA:123,0
DA:129,3
DA:130,3
DA:131,3
DA:133,3
DA:135,3
DA:136,4
DA:137,4
DA:138,4
DA:139,4
DA:148,3
DA:150,3
DA:151,2
DA:152,2
DA:154,2
DA:155,1
DA:157,1
DA:161,1
DA:163,1
DA:164,1
DA:166,0
DA:169,1
DA:170,1
DA:171,1
DA:173,0
DA:182,0
DA:184,3
DA:185,3
DA:186,3
DA:187,3
DA:188,3
DA:189,3
DA:190,3
DA:191,3
DA:192,2
DA:194,1
DA:198,2
LF:57
LH:50
BRDA:84,0,0,0
BRDA:84,0,1,0
BRDA:92,1,0,6
BRDA:92,1,1,6
BRDA:93,2,0,1
BRDA:128,3,0,1
BRDA:130,4,0,3
BRDA:130,4,1,0
BRDA:133,5,0,3
BRDA:133,5,1,0
BRDA:145,6,0,3
BRDA:145,6,1,1
BRDA:150,7,0,2
BRDA:154,8,0,1
BRDA:154,9,0,2
BRDA:154,9,1,1
BRDA:161,10,0,1
BRDA:161,10,1,0
BRDA:163,11,0,1
BRDA:163,11,1,0
BRDA:169,12,0,1
BRDA:189,13,0,2
BRDA:189,13,1,1
BRDA:191,14,0,2
BRDA:191,15,0,3
BRDA:191,15,1,2
BRDA:191,15,2,2
BRF:27
BRH:21
end_of_record
TN:
SF:src/backend/services/hidra/HidraService.ts
FN:101,(anonymous_0)
FN:106,(anonymous_1)
FN:142,(anonymous_2)
FN:154,(anonymous_3)
FN:210,(anonymous_4)
FN:242,(anonymous_5)
FN:271,(anonymous_6)
FN:281,(anonymous_7)
FN:286,(anonymous_8)
FN:302,(anonymous_9)
FN:339,(anonymous_10)
FN:352,(anonymous_11)
FN:363,(anonymous_12)
FN:382,(anonymous_13)
FN:393,(anonymous_14)
FN:397,(anonymous_15)
FN:401,(anonymous_16)
FN:410,(anonymous_17)
FNF:18
FNH:9
FNDA:3,(anonymous_0)
FNDA:0,(anonymous_1)
FNDA:0,(anonymous_2)
FNDA:1,(anonymous_3)
FNDA:1,(anonymous_4)
FNDA:1,(anonymous_5)
FNDA:0,(anonymous_6)
FNDA:0,(anonymous_7)
FNDA:0,(anonymous_8)
FNDA:0,(anonymous_9)
FNDA:0,(anonymous_10)
FNDA:2,(anonymous_11)
FNDA:2,(anonymous_12)
FNDA:2,(anonymous_13)
FNDA:0,(anonymous_14)
FNDA:0,(anonymous_15)
FNDA:2,(anonymous_16)
FNDA:3,(anonymous_17)
DA:1,1
DA:10,1
DA:11,1
DA:12,1
DA:14,1
DA:22,1
DA:28,1
DA:29,1
DA:30,1
DA:31,1
DA:32,1
DA:33,1
DA:34,1
DA:35,1
DA:37,1
DA:48,1
DA:54,1
DA:97,1
DA:101,3
DA:102,3
DA:103,3
DA:107,0
DA:108,0
DA:110,0
DA:115,0
DA:117,0
DA:118,0
DA:119,0
DA:120,0
DA:121,0
DA:122,0
DA:123,0
DA:124,0
DA:125,0
DA:127,0
DA:129,0
DA:130,0
DA:131,0
DA:134,0
DA:135,0
DA:138,0
DA:139,0
DA:143,0
DA:144,0
DA:145,0
DA:146,0
DA:151,0
DA:155,1
DA:157,1
DA:158,1
DA:159,1
DA:160,1
DA:161,1
DA:162,1
DA:167,0
DA:169,0
DA:179,0
DA:181,0
DA:193,0
DA:194,0
DA:197,0
DA:203,0
DA:204,0
DA:205,0
DA:207,0
DA:211,1
DA:212,1
DA:213,1
DA:215,1
DA:219,1
DA:221,1
DA:222,1
DA:229,1
DA:235,1
DA:236,1
DA:237,0
DA:239,1
DA:243,1
DA:244,1
DA:246,1
DA:247,1
DA:257,1
DA:258,1
DA:259,1
DA:262,1
DA:268,1
DA:272,0
DA:273,0
DA:274,0
DA:275,0
DA:276,0
DA:278,0
DA:282,0
DA:283,0
DA:287,0
DA:292,0
DA:294,0
DA:303,0
DA:323,0
DA:324,0
DA:328,0
DA:332,0
DA:340,0
DA:353,2
DA:354,2
DA:355,0
DA:357,2
DA:358,0
DA:360,2
DA:364,2
DA:366,0
DA:368,1
DA:370,1
DA:372,0
DA:374,0
DA:376,0
DA:378,0
DA:383,2
DA:384,2
DA:385,0
DA:388,2
DA:389,2
DA:390,2
DA:394,0
DA:398,0
DA:402,2
DA:411,3
DA:412,3
DA:414,3
DA:415,0
DA:416,0
DA:417,0
DA:419,0
DA:427,3
DA:428,0
DA:429,0
DA:430,0
DA:432,0
DA:440,3
LF:139
LH:66
BRDA:102,0,0,3
BRDA:102,0,1,3
BRDA:115,1,0,0
BRDA:115,1,1,0
BRDA:117,2,0,0
BRDA:117,2,1,0
BRDA:121,3,0,0
BRDA:121,3,1,0
BRDA:122,4,0,0
BRDA:122,4,1,0
BRDA:124,5,0,0
BRDA:129,6,0,0
BRDA:129,6,1,0
BRDA:139,7,0,0
BRDA:139,7,1,0
BRDA:148,8,0,0
BRDA:148,8,1,0
BRDA:149,9,0,0
BRDA:149,9,1,0
BRDA:157,10,0,1
BRDA:159,11,0,1
BRDA:161,12,0,1
BRDA:176,13,0,0
BRDA:176,13,1,0
BRDA:183,14,0,0
BRDA:183,14,1,0
BRDA:185,15,0,0
BRDA:185,15,1,0
BRDA:189,16,0,0
BRDA:189,16,1,0
BRDA:190,17,0,0
BRDA:190,17,1,0
BRDA:193,18,0,0
BRDA:204,19,0,0
BRDA:236,20,0,0
BRDA:254,21,0,1
BRDA:254,21,1,0
BRDA:258,22,0,1
BRDA:275,23,0,0
BRDA:286,24,0,0
BRDA:295,25,0,0
BRDA:295,25,1,0
BRDA:303,26,0,0
BRDA:303,26,1,0
BRDA:323,27,0,0
BRDA:323,27,1,0
BRDA:324,28,0,0
BRDA:324,28,1,0
BRDA:324,29,0,0
BRDA:324,29,1,0
BRDA:328,30,0,0
BRDA:328,30,1,0
BRDA:354,31,0,0
BRDA:357,32,0,0
BRDA:364,33,0,0
BRDA:364,33,1,1
BRDA:364,33,2,1
BRDA:364,33,3,0
BRDA:364,33,4,0
BRDA:364,33,5,0
BRDA:364,33,6,0
BRDA:384,34,0,0
BRDA:394,35,0,0
BRDA:394,35,1,0
BRDA:414,36,0,0
BRDA:416,37,0,0
BRDA:416,37,1,0
BRDA:427,38,0,0
BRDA:429,39,0,0
BRDA:429,39,1,0
BRF:70
BRH:9
end_of_record
TN:
SF:src/backend/services/hub/HubService.ts
FN:45,(anonymous_0)
FN:47,(anonymous_1)
FN:50,(anonymous_2)
FN:72,(anonymous_3)
FN:129,(anonymous_4)
FN:135,(anonymous_5)
FN:141,(anonymous_6)
FN:152,(anonymous_7)
FN:153,(anonymous_8)
FN:159,(anonymous_9)
FN:166,(anonymous_10)
FN:183,(anonymous_11)
FNF:12
FNH:9
FNDA:3,(anonymous_0)
FNDA:0,(anonymous_1)
FNDA:3,(anonymous_2)
FNDA:15,(anonymous_3)
FNDA:0,(anonymous_4)
FNDA:0,(anonymous_5)
FNDA:12,(anonymous_6)
FNDA:1,(anonymous_7)
FNDA:2,(anonymous_8)
FNDA:2,(anonymous_9)
FNDA:8,(anonymous_10)
FNDA:8,(anonymous_11)
DA:6,1
DA:8,1
DA:16,1
DA:17,1
DA:18,1
DA:19,1
DA:20,1
DA:41,1
DA:45,3
DA:46,3
DA:47,3
DA:51,3
DA:52,3
DA:53,3
DA:54,3
DA:55,3
DA:57,3
DA:71,3
DA:72,3
DA:73,15
DA:74,7
DA:76,8
DA:80,3
DA:81,1
DA:88,2
DA:91,2
DA:96,2
DA:101,2
DA:106,2
DA:111,2
DA:115,2
DA:130,0
DA:131,0
DA:132,0
DA:136,0
DA:137,0
DA:138,0
DA:142,12
DA:143,8
DA:145,4
DA:146,4
DA:147,0
DA:149,4
DA:153,2
DA:160,2
DA:167,8
DA:169,2
DA:171,1
DA:173,2
DA:175,1
DA:177,2
DA:179,0
DA:184,8
DA:185,8
DA:189,8
DA:190,0
DA:191,0
DA:193,8
LF:58
LH:48
BRDA:46,0,0,3
BRDA:46,0,1,0
BRDA:47,1,0,3
BRDA:47,1,1,0
BRDA:55,2,0,3
BRDA:55,2,1,3
BRDA:61,3,0,3
BRDA:61,3,1,2
BRDA:73,4,0,7
BRDA:73,4,1,8
BRDA:80,5,0,1
BRDA:91,6,0,1
BRDA:91,6,1,1
BRDA:96,7,0,2
BRDA:96,7,1,0
BRDA:101,8,0,1
BRDA:101,8,1,1
BRDA:106,9,0,2
BRDA:106,9,1,0
BRDA:111,10,0,1
BRDA:111,10,1,1
BRDA:129,11,0,0
BRDA:135,12,0,0
BRDA:142,13,0,8
BRDA:142,14,0,12
BRDA:142,14,1,4
BRDA:146,15,0,0
BRDA:167,16,0,2
BRDA:167,16,1,1
BRDA:167,16,2,2
BRDA:167,16,3,1
BRDA:167,16,4,2
BRDA:167,16,5,0
BRDA:184,17,0,8
BRDA:184,17,1,0
BRDA:189,18,0,0
BRF:36
BRH:26
end_of_record
TN:
SF:src/shared/types/common.types.ts
FN:7,(anonymous_0)
FN:14,(anonymous_1)
FN:22,(anonymous_2)
FN:29,(anonymous_3)
FN:36,(anonymous_4)
FN:44,(anonymous_5)
FN:53,(anonymous_6)
FN:57,(anonymous_7)
FN:67,(anonymous_8)
FNF:9
FNH:9
FNDA:15,(anonymous_0)
FNDA:15,(anonymous_1)
FNDA:15,(anonymous_2)
FNDA:15,(anonymous_3)
FNDA:15,(anonymous_4)
FNDA:15,(anonymous_5)
FNDA:15,(anonymous_6)
FNDA:15,(anonymous_7)
FNDA:15,(anonymous_8)
DA:7,15
DA:8,15
DA:9,15
DA:10,15
DA:11,15
DA:14,15
DA:15,15
DA:16,15
DA:17,15
DA:18,15
DA:19,15
DA:22,15
DA:23,15
DA:24,15
DA:25,15
DA:26,15
DA:29,15
DA:30,15
DA:31,15
DA:32,15
DA:33,15
DA:36,15
DA:37,15
DA:38,15
DA:39,15
DA:40,15
DA:41,15
DA:44,15
DA:45,15
DA:46,15
DA:47,15
DA:48,15
DA:49,15
DA:50,15
DA:53,15
DA:54,15
DA:57,15
DA:58,15
DA:59,15
DA:60,15
DA:61,15
DA:62,15
DA:63,15
DA:64,15
DA:67,15
DA:68,15
DA:69,15
DA:70,15
LF:48
LH:48
BRDA:7,0,0,15
BRDA:7,0,1,15
BRDA:14,1,0,15
BRDA:14,1,1,15
BRDA:22,2,0,15
BRDA:22,2,1,15
BRDA:29,3,0,15
BRDA:29,3,1,15
BRDA:36,4,0,15
BRDA:36,4,1,15
BRDA:44,5,0,15
BRDA:44,5,1,15
BRDA:53,6,0,15
BRDA:53,6,1,15
BRDA:57,7,0,15
BRDA:57,7,1,15
BRDA:67,8,0,15
BRDA:67,8,1,15
BRF:18
BRH:18
end_of_record
TN:
SF:src/shared/utils/validation.ts
FN:37,(anonymous_0)
FNF:1
FNH:1
FNDA:1,(anonymous_0)
DA:1,11
DA:2,11
DA:4,11
DA:10,11
DA:17,11
DA:22,11
DA:29,11
DA:33,11
DA:37,1
DA:41,11
DA:62,11
DA:71,11
DA:79,11
LF:13
LH:13
BRF:0
BRH:0
end_of_record
